This file contains any messages produced by compilers while
running configure, to aid debugging if configure makes a mistake.

It was created by pocketsphinx configure 5prealpha, which was
generated by GNU Autoconf 2.69.  Invocation command line was

  $ ./configure 

## --------- ##
## Platform. ##
## --------- ##

hostname = HAL9001
uname -m = x86_64
uname -r = 4.2.0-36-generic
uname -s = Linux
uname -v = #42-Ubuntu SMP Thu May 12 22:05:35 UTC 2016

/usr/bin/uname -p = unknown
/bin/uname -X     = unknown

/bin/arch              = unknown
/usr/bin/arch -k       = unknown
/usr/convex/getsysinfo = unknown
/usr/bin/hostinfo      = unknown
/bin/machine           = unknown
/usr/bin/oslevel       = unknown
/bin/universe          = unknown

PATH: /usr/local/sbin
PATH: /usr/local/bin
PATH: /usr/sbin
PATH: /usr/bin
PATH: /sbin
PATH: /bin


## ----------- ##
## Core tests. ##
## ----------- ##

configure:2543: checking for a BSD-compatible install
configure:2611: result: /usr/bin/install -c
configure:2622: checking whether build environment is sane
configure:2677: result: yes
configure:2828: checking for a thread-safe mkdir -p
configure:2867: result: /bin/mkdir -p
configure:2874: checking for gawk
configure:2904: result: no
configure:2874: checking for mawk
configure:2890: found /usr/bin/mawk
configure:2901: result: mawk
configure:2912: checking whether make sets $(MAKE)
configure:2934: result: yes
configure:2963: checking whether make supports nested variables
configure:2980: result: yes
configure:3105: checking build system type
configure:3119: result: x86_64-unknown-linux-gnu
configure:3139: checking host system type
configure:3152: result: x86_64-unknown-linux-gnu
configure:3220: checking for gcc
configure:3236: found /usr/bin/gcc
configure:3247: result: gcc
configure:3476: checking for C compiler version
configure:3485: gcc --version >&5
gcc (Ubuntu 5.2.1-22ubuntu2) 5.2.1 20151010
Copyright (C) 2015 Free Software Foundation, Inc.
This is free software; see the source for copying conditions.  There is NO
warranty; not even for MERCHANTABILITY or FITNESS FOR A PARTICULAR PURPOSE.

configure:3496: $? = 0
configure:3485: gcc -v >&5
Using built-in specs.
COLLECT_GCC=gcc
COLLECT_LTO_WRAPPER=/usr/lib/gcc/x86_64-linux-gnu/5/lto-wrapper
Target: x86_64-linux-gnu
Configured with: ../src/configure -v --with-pkgversion='Ubuntu 5.2.1-22ubuntu2' --with-bugurl=file:///usr/share/doc/gcc-5/README.Bugs --enable-languages=c,ada,c++,java,go,d,fortran,objc,obj-c++ --prefix=/usr --program-suffix=-5 --enable-shared --enable-linker-build-id --libexecdir=/usr/lib --without-included-gettext --enable-threads=posix --libdir=/usr/lib --enable-nls --with-sysroot=/ --enable-clocale=gnu --enable-libstdcxx-debug --enable-libstdcxx-time=yes --with-default-libstdcxx-abi=new --enable-gnu-unique-object --disable-vtable-verify --enable-libmpx --enable-plugin --with-system-zlib --disable-browser-plugin --enable-java-awt=gtk --enable-gtk-cairo --with-java-home=/usr/lib/jvm/java-1.5.0-gcj-5-amd64/jre --enable-java-home --with-jvm-root-dir=/usr/lib/jvm/java-1.5.0-gcj-5-amd64 --with-jvm-jar-dir=/usr/lib/jvm-exports/java-1.5.0-gcj-5-amd64 --with-arch-directory=amd64 --with-ecj-jar=/usr/share/java/eclipse-ecj.jar --enable-objc-gc --enable-multiarch --disable-werror --with-arch-32=i686 --with-abi=m64 --with-multilib-list=m32,m64,mx32 --enable-multilib --with-tune=generic --enable-checking=release --build=x86_64-linux-gnu --host=x86_64-linux-gnu --target=x86_64-linux-gnu
Thread model: posix
gcc version 5.2.1 20151010 (Ubuntu 5.2.1-22ubuntu2) 
configure:3496: $? = 0
configure:3485: gcc -V >&5
gcc: error: unrecognized command line option '-V'
gcc: fatal error: no input files
compilation terminated.
configure:3496: $? = 1
configure:3485: gcc -qversion >&5
gcc: error: unrecognized command line option '-qversion'
gcc: fatal error: no input files
compilation terminated.
configure:3496: $? = 1
configure:3516: checking whether the C compiler works
configure:3538: gcc -g -O2 -Wall   conftest.c  >&5
configure:3542: $? = 0
configure:3590: result: yes
configure:3593: checking for C compiler default output file name
configure:3595: result: a.out
configure:3601: checking for suffix of executables
configure:3608: gcc -o conftest -g -O2 -Wall   conftest.c  >&5
configure:3612: $? = 0
configure:3634: result: 
configure:3656: checking whether we are cross compiling
configure:3664: gcc -o conftest -g -O2 -Wall   conftest.c  >&5
configure:3668: $? = 0
configure:3675: ./conftest
configure:3679: $? = 0
configure:3694: result: no
configure:3699: checking for suffix of object files
configure:3721: gcc -c -g -O2 -Wall  conftest.c >&5
configure:3725: $? = 0
configure:3746: result: o
configure:3750: checking whether we are using the GNU C compiler
configure:3769: gcc -c -g -O2 -Wall  conftest.c >&5
configure:3769: $? = 0
configure:3778: result: yes
configure:3787: checking whether gcc accepts -g
configure:3807: gcc -c -g  conftest.c >&5
configure:3807: $? = 0
configure:3848: result: yes
configure:3865: checking for gcc option to accept ISO C89
configure:3928: gcc  -c -g -O2 -Wall  conftest.c >&5
configure:3928: $? = 0
configure:3941: result: none needed
configure:3966: checking whether gcc understands -c and -o together
configure:3988: gcc -c conftest.c -o conftest2.o
configure:3991: $? = 0
configure:3988: gcc -c conftest.c -o conftest2.o
configure:3991: $? = 0
configure:4003: result: yes
configure:4031: checking for style of include used by make
configure:4059: result: GNU
configure:4085: checking dependency style of gcc
configure:4196: result: gcc3
configure:4217: checking how to run the C preprocessor
configure:4248: gcc -E  conftest.c
configure:4248: $? = 0
configure:4262: gcc -E  conftest.c
conftest.c:9:28: fatal error: ac_nonexistent.h: No such file or directory
compilation terminated.
configure:4262: $? = 1
configure: failed program was:
| /* confdefs.h */
| #define PACKAGE_NAME "pocketsphinx"
| #define PACKAGE_TARNAME "pocketsphinx"
| #define PACKAGE_VERSION "5prealpha"
| #define PACKAGE_STRING "pocketsphinx 5prealpha"
| #define PACKAGE_BUGREPORT ""
| #define PACKAGE_URL ""
| /* end confdefs.h.  */
| #include <ac_nonexistent.h>
configure:4287: result: gcc -E
configure:4307: gcc -E  conftest.c
configure:4307: $? = 0
configure:4321: gcc -E  conftest.c
conftest.c:9:28: fatal error: ac_nonexistent.h: No such file or directory
compilation terminated.
configure:4321: $? = 1
configure: failed program was:
| /* confdefs.h */
| #define PACKAGE_NAME "pocketsphinx"
| #define PACKAGE_TARNAME "pocketsphinx"
| #define PACKAGE_VERSION "5prealpha"
| #define PACKAGE_STRING "pocketsphinx 5prealpha"
| #define PACKAGE_BUGREPORT ""
| #define PACKAGE_URL ""
| /* end confdefs.h.  */
| #include <ac_nonexistent.h>
configure:4350: checking for grep that handles long lines and -e
configure:4408: result: /bin/grep
configure:4413: checking for egrep
configure:4475: result: /bin/grep -E
configure:4480: checking for ANSI C header files
configure:4500: gcc -c -g -O2 -Wall  conftest.c >&5
configure:4500: $? = 0
configure:4573: gcc -o conftest -g -O2 -Wall   conftest.c  >&5
configure:4573: $? = 0
configure:4573: ./conftest
configure:4573: $? = 0
configure:4584: result: yes
configure:4597: checking for sys/types.h
configure:4597: gcc -c -g -O2 -Wall  conftest.c >&5
configure:4597: $? = 0
configure:4597: result: yes
configure:4597: checking for sys/stat.h
configure:4597: gcc -c -g -O2 -Wall  conftest.c >&5
configure:4597: $? = 0
configure:4597: result: yes
configure:4597: checking for stdlib.h
configure:4597: gcc -c -g -O2 -Wall  conftest.c >&5
configure:4597: $? = 0
configure:4597: result: yes
configure:4597: checking for string.h
configure:4597: gcc -c -g -O2 -Wall  conftest.c >&5
configure:4597: $? = 0
configure:4597: result: yes
configure:4597: checking for memory.h
configure:4597: gcc -c -g -O2 -Wall  conftest.c >&5
configure:4597: $? = 0
configure:4597: result: yes
configure:4597: checking for strings.h
configure:4597: gcc -c -g -O2 -Wall  conftest.c >&5
configure:4597: $? = 0
configure:4597: result: yes
configure:4597: checking for inttypes.h
configure:4597: gcc -c -g -O2 -Wall  conftest.c >&5
configure:4597: $? = 0
configure:4597: result: yes
configure:4597: checking for stdint.h
configure:4597: gcc -c -g -O2 -Wall  conftest.c >&5
configure:4597: $? = 0
configure:4597: result: yes
configure:4597: checking for unistd.h
configure:4597: gcc -c -g -O2 -Wall  conftest.c >&5
configure:4597: $? = 0
configure:4597: result: yes
configure:4609: checking whether byte ordering is bigendian
configure:4624: gcc -c -g -O2 -Wall  conftest.c >&5
conftest.c:20:9: error: unknown type name 'not'
         not a universal capable compiler
         ^
conftest.c:20:15: error: expected '=', ',', ';', 'asm' or '__attribute__' before 'universal'
         not a universal capable compiler
               ^
conftest.c:20:15: error: unknown type name 'universal'
configure:4624: $? = 1
configure: failed program was:
| /* confdefs.h */
| #define PACKAGE_NAME "pocketsphinx"
| #define PACKAGE_TARNAME "pocketsphinx"
| #define PACKAGE_VERSION "5prealpha"
| #define PACKAGE_STRING "pocketsphinx 5prealpha"
| #define PACKAGE_BUGREPORT ""
| #define PACKAGE_URL ""
| #define STDC_HEADERS 1
| #define HAVE_SYS_TYPES_H 1
| #define HAVE_SYS_STAT_H 1
| #define HAVE_STDLIB_H 1
| #define HAVE_STRING_H 1
| #define HAVE_MEMORY_H 1
| #define HAVE_STRINGS_H 1
| #define HAVE_INTTYPES_H 1
| #define HAVE_STDINT_H 1
| #define HAVE_UNISTD_H 1
| /* end confdefs.h.  */
| #ifndef __APPLE_CC__
| 	       not a universal capable compiler
| 	     #endif
| 	     typedef int dummy;
| 
configure:4669: gcc -c -g -O2 -Wall  conftest.c >&5
configure:4669: $? = 0
configure:4687: gcc -c -g -O2 -Wall  conftest.c >&5
conftest.c: In function 'main':
conftest.c:26:4: error: unknown type name 'not'
    not big endian
    ^
conftest.c:26:12: error: expected '=', ',', ';', 'asm' or '__attribute__' before 'endian'
    not big endian
            ^
configure:4687: $? = 1
configure: failed program was:
| /* confdefs.h */
| #define PACKAGE_NAME "pocketsphinx"
| #define PACKAGE_TARNAME "pocketsphinx"
| #define PACKAGE_VERSION "5prealpha"
| #define PACKAGE_STRING "pocketsphinx 5prealpha"
| #define PACKAGE_BUGREPORT ""
| #define PACKAGE_URL ""
| #define STDC_HEADERS 1
| #define HAVE_SYS_TYPES_H 1
| #define HAVE_SYS_STAT_H 1
| #define HAVE_STDLIB_H 1
| #define HAVE_STRING_H 1
| #define HAVE_MEMORY_H 1
| #define HAVE_STRINGS_H 1
| #define HAVE_INTTYPES_H 1
| #define HAVE_STDINT_H 1
| #define HAVE_UNISTD_H 1
| /* end confdefs.h.  */
| #include <sys/types.h>
| 		#include <sys/param.h>
| 
| int
| main ()
| {
| #if BYTE_ORDER != BIG_ENDIAN
| 		 not big endian
| 		#endif
| 
|   ;
|   return 0;
| }
configure:4815: result: no
configure:4833: checking for long long
configure:4833: gcc -c -g -O2 -Wall  conftest.c >&5
configure:4833: $? = 0
configure:4833: gcc -c -g -O2 -Wall  conftest.c >&5
conftest.c: In function 'main':
conftest.c:55:24: error: expected expression before ')' token
 if (sizeof ((long long)))
                        ^
configure:4833: $? = 1
configure: failed program was:
| /* confdefs.h */
| #define PACKAGE_NAME "pocketsphinx"
| #define PACKAGE_TARNAME "pocketsphinx"
| #define PACKAGE_VERSION "5prealpha"
| #define PACKAGE_STRING "pocketsphinx 5prealpha"
| #define PACKAGE_BUGREPORT ""
| #define PACKAGE_URL ""
| #define STDC_HEADERS 1
| #define HAVE_SYS_TYPES_H 1
| #define HAVE_SYS_STAT_H 1
| #define HAVE_STDLIB_H 1
| #define HAVE_STRING_H 1
| #define HAVE_MEMORY_H 1
| #define HAVE_STRINGS_H 1
| #define HAVE_INTTYPES_H 1
| #define HAVE_STDINT_H 1
| #define HAVE_UNISTD_H 1
| /* end confdefs.h.  */
| #include <stdio.h>
| #ifdef HAVE_SYS_TYPES_H
| # include <sys/types.h>
| #endif
| #ifdef HAVE_SYS_STAT_H
| # include <sys/stat.h>
| #endif
| #ifdef STDC_HEADERS
| # include <stdlib.h>
| # include <stddef.h>
| #else
| # ifdef HAVE_STDLIB_H
| #  include <stdlib.h>
| # endif
| #endif
| #ifdef HAVE_STRING_H
| # if !defined STDC_HEADERS && defined HAVE_MEMORY_H
| #  include <memory.h>
| # endif
| # include <string.h>
| #endif
| #ifdef HAVE_STRINGS_H
| # include <strings.h>
| #endif
| #ifdef HAVE_INTTYPES_H
| # include <inttypes.h>
| #endif
| #ifdef HAVE_STDINT_H
| # include <stdint.h>
| #endif
| #ifdef HAVE_UNISTD_H
| # include <unistd.h>
| #endif
| int
| main ()
| {
| if (sizeof ((long long)))
| 	    return 0;
|   ;
|   return 0;
| }
configure:4833: result: yes
configure:4847: checking size of long long
configure:4852: gcc -o conftest -g -O2 -Wall   conftest.c  >&5
configure:4852: $? = 0
configure:4852: ./conftest
configure:4852: $? = 0
configure:4866: result: 8
configure:4923: checking how to print strings
configure:4950: result: printf
configure:4971: checking for a sed that does not truncate output
configure:5035: result: /bin/sed
configure:5053: checking for fgrep
configure:5115: result: /bin/grep -F
configure:5150: checking for ld used by gcc
configure:5217: result: /usr/bin/ld
configure:5224: checking if the linker (/usr/bin/ld) is GNU ld
configure:5239: result: yes
configure:5251: checking for BSD- or MS-compatible name lister (nm)
configure:5300: result: /usr/bin/nm -B
configure:5430: checking the name lister (/usr/bin/nm -B) interface
configure:5437: gcc -c -g -O2 -Wall  conftest.c >&5
configure:5440: /usr/bin/nm -B "conftest.o"
configure:5443: output
0000000000000000 B some_variable
configure:5450: result: BSD nm
configure:5453: checking whether ln -s works
configure:5457: result: yes
configure:5465: checking the maximum length of command line arguments
configure:5596: result: 1572864
configure:5613: checking whether the shell understands some XSI constructs
configure:5623: result: yes
configure:5627: checking whether the shell understands "+="
configure:5633: result: yes
configure:5668: checking how to convert x86_64-unknown-linux-gnu file names to x86_64-unknown-linux-gnu format
configure:5708: result: func_convert_file_noop
configure:5715: checking how to convert x86_64-unknown-linux-gnu file names to toolchain format
configure:5735: result: func_convert_file_noop
configure:5742: checking for /usr/bin/ld option to reload object files
configure:5749: result: -r
configure:5823: checking for objdump
configure:5839: found /usr/bin/objdump
configure:5850: result: objdump
configure:5882: checking how to recognize dependent libraries
configure:6080: result: pass_all
configure:6165: checking for dlltool
configure:6195: result: no
configure:6225: checking how to associate runtime and link libraries
configure:6252: result: printf %s\n
configure:6312: checking for ar
configure:6328: found /usr/bin/ar
configure:6339: result: ar
configure:6376: checking for archiver @FILE support
configure:6393: gcc -c -g -O2 -Wall  conftest.c >&5
configure:6393: $? = 0
configure:6396: ar cru libconftest.a @conftest.lst >&5
ar: `u' modifier ignored since `D' is the default (see `U')
configure:6399: $? = 0
configure:6404: ar cru libconftest.a @conftest.lst >&5
ar: `u' modifier ignored since `D' is the default (see `U')
ar: conftest.o: No such file or directory
configure:6407: $? = 1
configure:6419: result: @
configure:6477: checking for strip
configure:6493: found /usr/bin/strip
configure:6504: result: strip
configure:6576: checking for ranlib
configure:6592: found /usr/bin/ranlib
configure:6603: result: ranlib
configure:6705: checking command to parse /usr/bin/nm -B output from gcc object
configure:6825: gcc -c -g -O2 -Wall  conftest.c >&5
configure:6828: $? = 0
configure:6832: /usr/bin/nm -B conftest.o \| sed -n -e 's/^.*[ ]\([ABCDGIRSTW][ABCDGIRSTW]*\)[ ][ ]*\([_A-Za-z][_A-Za-z0-9]*\)$/\1 \2 \2/p' | sed '/ __gnu_lto/d' \> conftest.nm
configure:6835: $? = 0
configure:6901: gcc -o conftest -g -O2 -Wall   conftest.c conftstm.o >&5
configure:6904: $? = 0
configure:6942: result: ok
configure:6979: checking for sysroot
configure:7009: result: no
configure:7086: gcc -c -g -O2 -Wall  conftest.c >&5
configure:7089: $? = 0
configure:7278: checking for mt
configure:7294: found /bin/mt
configure:7305: result: mt
configure:7328: checking if mt is a manifest tool
configure:7334: mt '-?'
configure:7342: result: no
configure:7981: checking for dlfcn.h
configure:7981: gcc -c -g -O2 -Wall  conftest.c >&5
configure:7981: $? = 0
configure:7981: result: yes
configure:8187: checking for objdir
configure:8202: result: .libs
configure:8473: checking if gcc supports -fno-rtti -fno-exceptions
configure:8491: gcc -c -g -O2 -Wall  -fno-rtti -fno-exceptions conftest.c >&5
cc1: warning: command line option '-fno-rtti' is valid for C++/ObjC++ but not for C
configure:8495: $? = 0
configure:8508: result: no
configure:8835: checking for gcc option to produce PIC
configure:8842: result: -fPIC -DPIC
configure:8850: checking if gcc PIC flag -fPIC -DPIC works
configure:8868: gcc -c -g -O2 -Wall  -fPIC -DPIC -DPIC conftest.c >&5
configure:8872: $? = 0
configure:8885: result: yes
configure:8914: checking if gcc static flag -static works
configure:8942: result: yes
configure:8957: checking if gcc supports -c -o file.o
configure:8978: gcc -c -g -O2 -Wall  -o out/conftest2.o conftest.c >&5
configure:8982: $? = 0
configure:9004: result: yes
configure:9012: checking if gcc supports -c -o file.o
configure:9059: result: yes
configure:9092: checking whether the gcc linker (/usr/bin/ld -m elf_x86_64) supports shared libraries
configure:10249: result: yes
configure:10286: checking whether -lc should be explicitly linked in
configure:10294: gcc -c -g -O2 -Wall  conftest.c >&5
configure:10297: $? = 0
configure:10312: gcc -shared  -fPIC -DPIC conftest.o  -v -Wl,-soname -Wl,conftest -o conftest 2\>\&1 \| /bin/grep  -lc  \>/dev/null 2\>\&1
configure:10315: $? = 0
configure:10329: result: no
configure:10489: checking dynamic linker characteristics
configure:10989: gcc -o conftest -g -O2 -Wall   -Wl,-rpath -Wl,/foo conftest.c  >&5
configure:10989: $? = 0
configure:11223: result: GNU/Linux ld.so
configure:11330: checking how to hardcode library paths into programs
configure:11355: result: immediate
configure:11895: checking whether stripping libraries is possible
configure:11900: result: yes
configure:11935: checking if libtool supports shared libraries
configure:11937: result: yes
configure:11940: checking whether to build shared libraries
configure:11961: result: yes
configure:11964: checking whether to build static libraries
configure:11968: result: yes
configure:12008: checking for pkg-config
configure:12024: found /usr/bin/pkg-config
configure:12036: result: yes
configure:12047: checking for doxygen
configure:12075: result: no
configure:12135: checking for a Python interpreter with version >= 2.6
configure:12152: python -c import sys # split strings by '.' and convert to numeric. Append some zeros # because we need at least 4 digits for the hex conversion. # map returns an iterator in Python 3.0 and a list in 2.x minver = list(map(int, '2.6'.split('.'))) + [0, 0, 0] minverhex = 0 # xrange is not present in Python 3.0 and range returns an iterator for i in list(range(0, 4)): minverhex = (minverhex << 8) + minver[i] sys.exit(sys.hexversion < minverhex)
configure:12155: $? = 0
configure:12161: result: python
configure:12169: checking for python
configure:12187: found /usr/bin/python
configure:12199: result: /usr/bin/python
configure:12217: checking for python version
configure:12224: result: 2.7
configure:12236: checking for python platform
configure:12243: result: linux2
configure:12269: checking for python script directory
configure:12304: result: ${prefix}/lib/python2.7/dist-packages
configure:12313: checking for python extension module directory
configure:12348: result: ${exec_prefix}/lib/python2.7/dist-packages
configure:12369: checking for python2.7
configure:12399: result: /usr/bin/python
configure:12415: checking for a version of Python >= '2.1.0'
configure:12441: result: yes
configure:12472: checking for the distutils Python package
configure:12476: result: yes
configure:12490: checking for Python include path
configure:12506: result: -I/usr/include/python2.7
configure:12513: checking for Python library path
configure:12590: result: -L/usr/lib -lpython2.7
configure:12597: checking for Python site-packages path
configure:12603: result: /usr/lib/python2.7/dist-packages
configure:12610: checking python extra libraries
configure:12617: result: -lpthread -ldl  -lutil -lm
configure:12624: checking python extra linking flags
configure:12631: result: -Xlinker -export-dynamic -Wl,-O1 -Wl,-Bsymbolic-functions
configure:12638: checking consistency of all components of python development environment
configure:12664: gcc -o conftest -g -O2 -Wall  -I/usr/include/python2.7  conftest.c  -L/usr/lib -lpython2.7 -Xlinker -export-dynamic -Wl,-O1 -Wl,-Bsymbolic-functions -lpthread -ldl  -lutil -lm >&5
configure:12664: $? = 0
configure:12681: result: yes
configure:12712: checking for swig
configure:12730: found /usr/bin/swig
configure:12742: result: /usr/bin/swig
configure:12756: checking SWIG version
configure:12759: result: 2.0.12
configure:12808: checking for SWIG library
configure:12811: result: /usr/share/swig2.0
configure:12887: checking for pkg-config
configure:12905: found /usr/bin/pkg-config
configure:12917: result: /usr/bin/pkg-config
configure:12942: checking pkg-config is at least version 0.9.0
configure:12945: result: yes
configure:12956: checking for GStreamer
configure:12966: $PKG_CONFIG --exists --print-errors "gstreamer-$GST_MAJORMINOR >= 1.0
		       gstreamer-base-$GST_MAJORMINOR >= 1.0
		       gstreamer-plugins-base-$GST_MAJORMINOR >= 1.0"
Package gstreamer-1.0 was not found in the pkg-config search path.
Perhaps you should add the directory containing `gstreamer-1.0.pc'
to the PKG_CONFIG_PATH environment variable
No package 'gstreamer-1.0' found
Package gstreamer-base-1.0 was not found in the pkg-config search path.
Perhaps you should add the directory containing `gstreamer-base-1.0.pc'
to the PKG_CONFIG_PATH environment variable
No package 'gstreamer-base-1.0' found
Package gstreamer-plugins-base-1.0 was not found in the pkg-config search path.
Perhaps you should add the directory containing `gstreamer-plugins-base-1.0.pc'
to the PKG_CONFIG_PATH environment variable
No package 'gstreamer-plugins-base-1.0' found
configure:12971: $? = 1
configure:12990: $PKG_CONFIG --exists --print-errors "gstreamer-$GST_MAJORMINOR >= 1.0
		       gstreamer-base-$GST_MAJORMINOR >= 1.0
		       gstreamer-plugins-base-$GST_MAJORMINOR >= 1.0"
Package gstreamer-1.0 was not found in the pkg-config search path.
Perhaps you should add the directory containing `gstreamer-1.0.pc'
to the PKG_CONFIG_PATH environment variable
No package 'gstreamer-1.0' found
Package gstreamer-base-1.0 was not found in the pkg-config search path.
Perhaps you should add the directory containing `gstreamer-base-1.0.pc'
to the PKG_CONFIG_PATH environment variable
No package 'gstreamer-base-1.0' found
Package gstreamer-plugins-base-1.0 was not found in the pkg-config search path.
Perhaps you should add the directory containing `gstreamer-plugins-base-1.0.pc'
to the PKG_CONFIG_PATH environment variable
No package 'gstreamer-plugins-base-1.0' found
configure:12995: $? = 1
No package 'gstreamer-1.0' found
No package 'gstreamer-base-1.0' found
No package 'gstreamer-plugins-base-1.0' found
configure:13029: result: no
configure:13089: checking for sphinxbase in /home/lapf/Desktop/TCCtest/Sphinx/pocketsphinx-5prealpha/../sphinxbase
configure:13097: result: no
configure:13089: checking for sphinxbase in /home/lapf/Desktop/TCCtest/Sphinx/pocketsphinx-5prealpha/../sphinxbase-5prealpha
configure:13093: result: yes
configure:13369: checking that generated files are newer than configure
configure:13375: result: done
configure:13411: creating ./config.status

## ---------------------- ##
## Running config.status. ##
## ---------------------- ##

This file was extended by pocketsphinx config.status 5prealpha, which was
generated by GNU Autoconf 2.69.  Invocation command line was

  CONFIG_FILES    = 
  CONFIG_HEADERS  = 
  CONFIG_LINKS    = 
  CONFIG_COMMANDS = 
  $ ./config.status 

on HAL9001

config.status:1056: creating pocketsphinx.pc
config.status:1056: creating Makefile
config.status:1056: creating include/Makefile
config.status:1056: creating src/Makefile
config.status:1056: creating swig/Makefile
config.status:1056: creating swig/python/Makefile
config.status:1056: creating swig/python/test/Makefile
config.status:1056: creating src/libpocketsphinx/Makefile
config.status:1056: creating src/programs/Makefile
config.status:1056: creating src/gst-plugin/Makefile
config.status:1056: creating doc/Makefile
config.status:1056: creating doc/doxyfile
config.status:1056: creating model/Makefile
config.status:1056: creating test/Makefile
config.status:1056: creating test/testfuncs.sh
config.status:1056: creating test/unit/Makefile
config.status:1056: creating test/regression/Makefile
config.status:1228: executing depfiles commands
config.status:1228: executing libtool commands

## ---------------- ##
## Cache variables. ##
## ---------------- ##

ac_cv_build=x86_64-unknown-linux-gnu
ac_cv_c_bigendian=no
ac_cv_c_compiler_gnu=yes
ac_cv_env_CC_set=
ac_cv_env_CC_value=
ac_cv_env_CFLAGS_set=
ac_cv_env_CFLAGS_value=
ac_cv_env_CPPFLAGS_set=
ac_cv_env_CPPFLAGS_value=
ac_cv_env_CPP_set=
ac_cv_env_CPP_value=
ac_cv_env_GStreamer_CFLAGS_set=
ac_cv_env_GStreamer_CFLAGS_value=
ac_cv_env_GStreamer_LIBS_set=
ac_cv_env_GStreamer_LIBS_value=
ac_cv_env_LDFLAGS_set=
ac_cv_env_LDFLAGS_value=
ac_cv_env_LIBS_set=
ac_cv_env_LIBS_value=
ac_cv_env_PKG_CONFIG_set=
ac_cv_env_PKG_CONFIG_value=
ac_cv_env_PYTHON_VERSION_set=
ac_cv_env_PYTHON_VERSION_value=
ac_cv_env_PYTHON_set=
ac_cv_env_PYTHON_value=
ac_cv_env_SPHINXBASE_CFLAGS_set=
ac_cv_env_SPHINXBASE_CFLAGS_value=
ac_cv_env_SPHINXBASE_LIBS_set=
ac_cv_env_SPHINXBASE_LIBS_value=
ac_cv_env_build_alias_set=
ac_cv_env_build_alias_value=
ac_cv_env_host_alias_set=
ac_cv_env_host_alias_value=
ac_cv_env_target_alias_set=
ac_cv_env_target_alias_value=
ac_cv_header_dlfcn_h=yes
ac_cv_header_inttypes_h=yes
ac_cv_header_memory_h=yes
ac_cv_header_stdc=yes
ac_cv_header_stdint_h=yes
ac_cv_header_stdlib_h=yes
ac_cv_header_string_h=yes
ac_cv_header_strings_h=yes
ac_cv_header_sys_stat_h=yes
ac_cv_header_sys_types_h=yes
ac_cv_header_unistd_h=yes
ac_cv_host=x86_64-unknown-linux-gnu
ac_cv_objext=o
ac_cv_path_EGREP='/bin/grep -E'
ac_cv_path_FGREP='/bin/grep -F'
ac_cv_path_GREP=/bin/grep
ac_cv_path_PYTHON=/usr/bin/python
ac_cv_path_SED=/bin/sed
ac_cv_path_SWIG=/usr/bin/swig
ac_cv_path_ac_pt_PKG_CONFIG=/usr/bin/pkg-config
ac_cv_path_install='/usr/bin/install -c'
ac_cv_path_mkdir=/bin/mkdir
ac_cv_prog_AWK=mawk
ac_cv_prog_CPP='gcc -E'
ac_cv_prog_HAVE_DOXYGEN=no
ac_cv_prog_HAVE_PKGCONFIG=yes
ac_cv_prog_ac_ct_AR=ar
ac_cv_prog_ac_ct_CC=gcc
ac_cv_prog_ac_ct_MANIFEST_TOOL=mt
ac_cv_prog_ac_ct_OBJDUMP=objdump
ac_cv_prog_ac_ct_RANLIB=ranlib
ac_cv_prog_ac_ct_STRIP=strip
ac_cv_prog_cc_c89=
ac_cv_prog_cc_g=yes
ac_cv_prog_make_make_set=yes
ac_cv_sizeof_long_long=8
ac_cv_type_long_long=yes
am_cv_CC_dependencies_compiler_type=gcc3
am_cv_make_support_nested_variables=yes
am_cv_pathless_PYTHON=python
am_cv_prog_cc_c_o=yes
am_cv_python_platform=linux2
am_cv_python_pyexecdir='${exec_prefix}/lib/python2.7/dist-packages'
am_cv_python_pythondir='${prefix}/lib/python2.7/dist-packages'
am_cv_python_version=2.7
lt_cv_ar_at_file=@
lt_cv_archive_cmds_need_lc=no
lt_cv_deplibs_check_method=pass_all
lt_cv_file_magic_cmd='$MAGIC_CMD'
lt_cv_file_magic_test_file=
lt_cv_ld_reload_flag=-r
lt_cv_nm_interface='BSD nm'
lt_cv_objdir=.libs
lt_cv_path_LD=/usr/bin/ld
lt_cv_path_NM='/usr/bin/nm -B'
lt_cv_path_mainfest_tool=no
lt_cv_prog_compiler_c_o=yes
lt_cv_prog_compiler_pic='-fPIC -DPIC'
lt_cv_prog_compiler_pic_works=yes
lt_cv_prog_compiler_rtti_exceptions=no
lt_cv_prog_compiler_static_works=yes
lt_cv_prog_gnu_ld=yes
lt_cv_sharedlib_from_linklib_cmd='printf %s\n'
lt_cv_shlibpath_overrides_runpath=no
lt_cv_sys_global_symbol_pipe='sed -n -e '\''s/^.*[	 ]\([ABCDGIRSTW][ABCDGIRSTW]*\)[	 ][	 ]*\([_A-Za-z][_A-Za-z0-9]*\)$/\1 \2 \2/p'\'' | sed '\''/ __gnu_lto/d'\'''
lt_cv_sys_global_symbol_to_c_name_address='sed -n -e '\''s/^: \([^ ]*\)[ ]*$/  {\"\1\", (void *) 0},/p'\'' -e '\''s/^[ABCDGIRSTW]* \([^ ]*\) \([^ ]*\)$/  {"\2", (void *) \&\2},/p'\'''
lt_cv_sys_global_symbol_to_c_name_address_lib_prefix='sed -n -e '\''s/^: \([^ ]*\)[ ]*$/  {\"\1\", (void *) 0},/p'\'' -e '\''s/^[ABCDGIRSTW]* \([^ ]*\) \(lib[^ ]*\)$/  {"\2", (void *) \&\2},/p'\'' -e '\''s/^[ABCDGIRSTW]* \([^ ]*\) \([^ ]*\)$/  {"lib\2", (void *) \&\2},/p'\'''
lt_cv_sys_global_symbol_to_cdecl='sed -n -e '\''s/^T .* \(.*\)$/extern int \1();/p'\'' -e '\''s/^[ABCDGIRSTW]* .* \(.*\)$/extern char \1;/p'\'''
lt_cv_sys_max_cmd_len=1572864
lt_cv_to_host_file_cmd=func_convert_file_noop
lt_cv_to_tool_file_cmd=func_convert_file_noop

## ----------------- ##
## Output variables. ##
## ----------------- ##

ACLOCAL='${SHELL} /home/lapf/Desktop/TCCtest/Sphinx/pocketsphinx-5prealpha/missing aclocal-1.15'
AMDEPBACKSLASH='\'
AMDEP_FALSE='#'
AMDEP_TRUE=''
AMTAR='$${TAR-tar}'
AM_BACKSLASH='\'
AM_DEFAULT_V='$(AM_DEFAULT_VERBOSITY)'
AM_DEFAULT_VERBOSITY='1'
AM_V='$(V)'
AR='ar'
AUTOCONF='${SHELL} /home/lapf/Desktop/TCCtest/Sphinx/pocketsphinx-5prealpha/missing autoconf'
AUTOHEADER='${SHELL} /home/lapf/Desktop/TCCtest/Sphinx/pocketsphinx-5prealpha/missing autoheader'
AUTOMAKE='${SHELL} /home/lapf/Desktop/TCCtest/Sphinx/pocketsphinx-5prealpha/missing automake-1.15'
AWK='mawk'
BUILD_DOXYGEN_FALSE=''
BUILD_DOXYGEN_TRUE='#'
BUILD_GST_FALSE=''
BUILD_GST_TRUE='#'
BUILD_SWIG_FALSE='#'
BUILD_SWIG_TRUE=''
CC='gcc'
CCDEPMODE='depmode=gcc3'
CFLAGS='-g -O2 -Wall'
CPP='gcc -E'
CPPFLAGS=' -I/home/lapf/Desktop/TCCtest/Sphinx/pocketsphinx-5prealpha/../sphinxbase-5prealpha/include -I/home/lapf/Desktop/TCCtest/Sphinx/pocketsphinx-5prealpha/../sphinxbase-5prealpha/include/sphinxbase'
CYGPATH_W='echo'
DEFS='-DPACKAGE_NAME=\"pocketsphinx\" -DPACKAGE_TARNAME=\"pocketsphinx\" -DPACKAGE_VERSION=\"5prealpha\" -DPACKAGE_STRING=\"pocketsphinx\ 5prealpha\" -DPACKAGE_BUGREPORT=\"\" -DPACKAGE_URL=\"\" -DSTDC_HEADERS=1 -DHAVE_SYS_TYPES_H=1 -DHAVE_SYS_STAT_H=1 -DHAVE_STDLIB_H=1 -DHAVE_STRING_H=1 -DHAVE_MEMORY_H=1 -DHAVE_STRINGS_H=1 -DHAVE_INTTYPES_H=1 -DHAVE_STDINT_H=1 -DHAVE_UNISTD_H=1 -DHAVE_LONG_LONG=1 -DSIZEOF_LONG_LONG=8 -DHAVE_DLFCN_H=1 -DLT_OBJDIR=\".libs/\" -DHAVE_PYTHON=\"2.7\"'
DEPDIR='.deps'
DLLTOOL='false'
DSYMUTIL=''
DUMPBIN=''
ECHO_C=''
ECHO_N='-n'
ECHO_T=''
EGREP='/bin/grep -E'
EXEEXT=''
FGREP='/bin/grep -F'
GREP='/bin/grep'
GST_CFLAGS=' '
GST_LIBS=''
GST_MAJORMINOR='1.0'
GST_PLUGIN_LDFLAGS='-module -avoid-version -export-symbols-regex _*\(gst_\|Gst\|GST_\).*'
GStreamer_CFLAGS=''
GStreamer_LIBS=''
HAVE_DOXYGEN='no'
HAVE_PKGCONFIG='yes'
INSTALL_DATA='${INSTALL} -m 644'
INSTALL_PROGRAM='${INSTALL}'
INSTALL_SCRIPT='${INSTALL}'
INSTALL_STRIP_PROGRAM='$(install_sh) -c -s'
LD='/usr/bin/ld -m elf_x86_64'
LDFLAGS=' -L/home/lapf/Desktop/TCCtest/Sphinx/pocketsphinx-5prealpha/../sphinxbase-5prealpha/lib -L/home/lapf/Desktop/TCCtest/Sphinx/pocketsphinx-5prealpha/../sphinxbase-5prealpha/src/libsphinxad -L/home/lapf/Desktop/TCCtest/Sphinx/pocketsphinx-5prealpha/../sphinxbase-5prealpha/src/libsphinxbase'
LIBOBJS=''
LIBS=' -lsphinxbase'
LIBTOOL='$(SHELL) $(top_builddir)/libtool'
LIPO=''
LN_S='ln -s'
LTLIBOBJS=''
MAKEINFO='${SHELL} /home/lapf/Desktop/TCCtest/Sphinx/pocketsphinx-5prealpha/missing makeinfo'
MANIFEST_TOOL=':'
MKDIR_P='/bin/mkdir -p'
NM='/usr/bin/nm -B'
NMEDIT=''
OBJDUMP='objdump'
OBJEXT='o'
OTOOL64=''
OTOOL=''
PACKAGE='pocketsphinx'
PACKAGE_BUGREPORT=''
PACKAGE_NAME='pocketsphinx'
PACKAGE_STRING='pocketsphinx 5prealpha'
PACKAGE_TARNAME='pocketsphinx'
PACKAGE_URL=''
PACKAGE_VERSION='5prealpha'
PATH_SEPARATOR=':'
PKG_CONFIG='/usr/bin/pkg-config'
PYTHON='/usr/bin/python'
PYTHON_CPPFLAGS='-I/usr/include/python2.7'
PYTHON_EXEC_PREFIX='${exec_prefix}'
PYTHON_EXTRA_LDFLAGS='-Xlinker -export-dynamic -Wl,-O1 -Wl,-Bsymbolic-functions'
PYTHON_EXTRA_LIBS='-lpthread -ldl  -lutil -lm'
PYTHON_LDFLAGS='-L/usr/lib -lpython2.7'
PYTHON_PLATFORM='linux2'
PYTHON_PREFIX='${prefix}'
PYTHON_SITE_PKG='/usr/lib/python2.7/dist-packages'
PYTHON_VERSION='2.7'
RANLIB='ranlib'
SED='/bin/sed'
SET_MAKE=''
SHELL='/bin/bash'
SPHINXBASE_CFLAGS=''
SPHINXBASE_LIBS=''
SPHINXBASE_SWIG='/home/lapf/Desktop/TCCtest/Sphinx/pocketsphinx-5prealpha/../sphinxbase-5prealpha/swig'
STRIP='strip'
SWIG='/usr/bin/swig'
SWIG_LIB='/usr/share/swig2.0'
VERSION='5prealpha'
ac_ct_AR='ar'
ac_ct_CC='gcc'
ac_ct_DUMPBIN=''
am__EXEEXT_FALSE=''
am__EXEEXT_TRUE='#'
am__fastdepCC_FALSE='#'
am__fastdepCC_TRUE=''
am__include='include'
am__isrc=''
am__leading_dot='.'
am__nodep='_no'
am__quote=''
am__tar='$${TAR-tar} chof - "$$tardir"'
am__untar='$${TAR-tar} xf -'
bindir='${exec_prefix}/bin'
build='x86_64-unknown-linux-gnu'
build_alias=''
build_cpu='x86_64'
build_os='linux-gnu'
build_vendor='unknown'
datadir='${datarootdir}'
datarootdir='${prefix}/share'
docdir='${datarootdir}/doc/${PACKAGE_TARNAME}'
dvidir='${docdir}'
exec_prefix='${prefix}'
host='x86_64-unknown-linux-gnu'
host_alias=''
host_cpu='x86_64'
host_os='linux-gnu'
host_vendor='unknown'
htmldir='${docdir}'
includedir='${prefix}/include'
infodir='${datarootdir}/info'
install_sh='${SHELL} /home/lapf/Desktop/TCCtest/Sphinx/pocketsphinx-5prealpha/install-sh'
libdir='${exec_prefix}/lib'
libexecdir='${exec_prefix}/libexec'
localedir='${datarootdir}/locale'
localstatedir='${prefix}/var'
mandir='${datarootdir}/man'
mkdir_p='$(MKDIR_P)'
oldincludedir='/usr/include'
pdfdir='${docdir}'
pkgpyexecdir='${pyexecdir}/pocketsphinx'
pkgpythondir='${pythondir}/pocketsphinx'
plugindir='$(libdir)/gstreamer-1.0'
prefix='/usr/local'
program_transform_name='s,x,x,'
psdir='${docdir}'
pyexecdir='${exec_prefix}/lib/python2.7/dist-packages'
pythondir='${prefix}/lib/python2.7/dist-packages'
sbindir='${exec_prefix}/sbin'
sharedstatedir='${prefix}/com'
sysconfdir='${prefix}/etc'
target_alias=''

## ----------- ##
## confdefs.h. ##
## ----------- ##

/* confdefs.h */
#define PACKAGE_NAME "pocketsphinx"
#define PACKAGE_TARNAME "pocketsphinx"
#define PACKAGE_VERSION "5prealpha"
#define PACKAGE_STRING "pocketsphinx 5prealpha"
#define PACKAGE_BUGREPORT ""
#define PACKAGE_URL ""
#define STDC_HEADERS 1
#define HAVE_SYS_TYPES_H 1
#define HAVE_SYS_STAT_H 1
#define HAVE_STDLIB_H 1
#define HAVE_STRING_H 1
#define HAVE_MEMORY_H 1
#define HAVE_STRINGS_H 1
#define HAVE_INTTYPES_H 1
#define HAVE_STDINT_H 1
#define HAVE_UNISTD_H 1
#define HAVE_LONG_LONG 1
#define SIZEOF_LONG_LONG 8
#define HAVE_DLFCN_H 1
#define LT_OBJDIR ".libs/"
#define HAVE_PYTHON "2.7"

configure: exit 0
