Current configuration:
[NAME]			[DEFLT]		[VALUE]
-alpha			0.97		9.700000e-01
-argfile				
-blocksize		2048		2048
-build_outdirs		yes		yes
-c					/home/lapf/Desktop/TCCtest/Sphinx/etc/constituicao_sphinx_train.fileids
-cep2spec		no		no
-di					/home/lapf/Desktop/TCCtest/Sphinx/wav
-dither			no		no
-do					/home/lapf/Desktop/TCCtest/Sphinx/feat
-doublebw		no		no
-ei					wav
-eo					mfc
-example		no		no
-frate			100		100
-help			no		no
-i					
-input_endian		little		little
-lifter			0		22
-logspec		no		no
-lowerf			133.33334	1.300000e+02
-mach_endian		little		little
-mswav			no		yes
-ncep			13		13
-nchans			1		1
-nfft			512		512
-nfilt			40		25
-nist			no		no
-npart			0		5
-nskip			0		0
-o					
-ofmt			sphinx		sphinx
-part			0		4
-raw			no		no
-remove_dc		no		no
-remove_noise		yes		yes
-remove_silence		yes		yes
-round_filters		yes		yes
-runlen			-1		-1
-samprate		16000		1.600000e+04
-seed			-1		-1
-smoothspec		no		no
-spec2cep		no		no
-sph2pipe		no		no
-transform		legacy		dct
-unit_area		yes		yes
-upperf			6855.4976	6.800000e+03
-vad_postspeech		50		50
-vad_prespeech		20		20
-vad_startspeech	10		10
-vad_threshold		2.0		2.000000e+00
-verbose		no		no
-warp_params				
-warp_type		inverse_linear	inverse_linear
-whichchan		0		0
-wlen			0.025625	2.562500e-02

INFO: sphinx_fe.c(953): Processing 251 utterances at position 753
INFO: sphinx_fe.c(764): Converting /home/lapf/Desktop/TCCtest/Sphinx/wav/constituicao16k/art166b.wav to /home/lapf/Desktop/TCCtest/Sphinx/feat/constituicao16k/art166b.mfc
ERROR: "sphinx_fe.c", line 118: Failed to open /home/lapf/Desktop/TCCtest/Sphinx/wav/constituicao16k/art166b.wav: No such file or directory
INFO: sphinx_fe.c(764): Converting /home/lapf/Desktop/TCCtest/Sphinx/wav/constituicao16k/art166c.wav to /home/lapf/Desktop/TCCtest/Sphinx/feat/constituicao16k/art166c.mfc
ERROR: "sphinx_fe.c", line 118: Failed to open /home/lapf/Desktop/TCCtest/Sphinx/wav/constituicao16k/art166c.wav: No such file or directory
INFO: sphinx_fe.c(764): Converting /home/lapf/Desktop/TCCtest/Sphinx/wav/constituicao16k/art166d.wav to /home/lapf/Desktop/TCCtest/Sphinx/feat/constituicao16k/art166d.mfc
ERROR: "sphinx_fe.c", line 118: Failed to open /home/lapf/Desktop/TCCtest/Sphinx/wav/constituicao16k/art166d.wav: No such file or directory
INFO: sphinx_fe.c(764): Converting /home/lapf/Desktop/TCCtest/Sphinx/wav/constituicao16k/art166e.wav to /home/lapf/Desktop/TCCtest/Sphinx/feat/constituicao16k/art166e.mfc
ERROR: "sphinx_fe.c", line 118: Failed to open /home/lapf/Desktop/TCCtest/Sphinx/wav/constituicao16k/art166e.wav: No such file or directory
INFO: sphinx_fe.c(764): Converting /home/lapf/Desktop/TCCtest/Sphinx/wav/constituicao16k/art166f.wav to /home/lapf/Desktop/TCCtest/Sphinx/feat/constituicao16k/art166f.mfc
ERROR: "sphinx_fe.c", line 118: Failed to open /home/lapf/Desktop/TCCtest/Sphinx/wav/constituicao16k/art166f.wav: No such file or directory
INFO: sphinx_fe.c(764): Converting /home/lapf/Desktop/TCCtest/Sphinx/wav/constituicao16k/art167a.wav to /home/lapf/Desktop/TCCtest/Sphinx/feat/constituicao16k/art167a.mfc
ERROR: "sphinx_fe.c", line 118: Failed to open /home/lapf/Desktop/TCCtest/Sphinx/wav/constituicao16k/art167a.wav: No such file or directory
INFO: sphinx_fe.c(764): Converting /home/lapf/Desktop/TCCtest/Sphinx/wav/constituicao16k/art167b.wav to /home/lapf/Desktop/TCCtest/Sphinx/feat/constituicao16k/art167b.mfc
ERROR: "sphinx_fe.c", line 118: Failed to open /home/lapf/Desktop/TCCtest/Sphinx/wav/constituicao16k/art167b.wav: No such file or directory
INFO: sphinx_fe.c(764): Converting /home/lapf/Desktop/TCCtest/Sphinx/wav/constituicao16k/art167c.wav to /home/lapf/Desktop/TCCtest/Sphinx/feat/constituicao16k/art167c.mfc
ERROR: "sphinx_fe.c", line 118: Failed to open /home/lapf/Desktop/TCCtest/Sphinx/wav/constituicao16k/art167c.wav: No such file or directory
INFO: sphinx_fe.c(764): Converting /home/lapf/Desktop/TCCtest/Sphinx/wav/constituicao16k/art167d.wav to /home/lapf/Desktop/TCCtest/Sphinx/feat/constituicao16k/art167d.mfc
ERROR: "sphinx_fe.c", line 118: Failed to open /home/lapf/Desktop/TCCtest/Sphinx/wav/constituicao16k/art167d.wav: No such file or directory
INFO: sphinx_fe.c(764): Converting /home/lapf/Desktop/TCCtest/Sphinx/wav/constituicao16k/art167e.wav to /home/lapf/Desktop/TCCtest/Sphinx/feat/constituicao16k/art167e.mfc
ERROR: "sphinx_fe.c", line 118: Failed to open /home/lapf/Desktop/TCCtest/Sphinx/wav/constituicao16k/art167e.wav: No such file or directory
INFO: sphinx_fe.c(764): Converting /home/lapf/Desktop/TCCtest/Sphinx/wav/constituicao16k/art167f.wav to /home/lapf/Desktop/TCCtest/Sphinx/feat/constituicao16k/art167f.mfc
ERROR: "sphinx_fe.c", line 118: Failed to open /home/lapf/Desktop/TCCtest/Sphinx/wav/constituicao16k/art167f.wav: No such file or directory
INFO: sphinx_fe.c(764): Converting /home/lapf/Desktop/TCCtest/Sphinx/wav/constituicao16k/art167g.wav to /home/lapf/Desktop/TCCtest/Sphinx/feat/constituicao16k/art167g.mfc
ERROR: "sphinx_fe.c", line 118: Failed to open /home/lapf/Desktop/TCCtest/Sphinx/wav/constituicao16k/art167g.wav: No such file or directory
INFO: sphinx_fe.c(764): Converting /home/lapf/Desktop/TCCtest/Sphinx/wav/constituicao16k/art167h.wav to /home/lapf/Desktop/TCCtest/Sphinx/feat/constituicao16k/art167h.mfc
ERROR: "sphinx_fe.c", line 118: Failed to open /home/lapf/Desktop/TCCtest/Sphinx/wav/constituicao16k/art167h.wav: No such file or directory
INFO: sphinx_fe.c(764): Converting /home/lapf/Desktop/TCCtest/Sphinx/wav/constituicao16k/art167i.wav to /home/lapf/Desktop/TCCtest/Sphinx/feat/constituicao16k/art167i.mfc
ERROR: "sphinx_fe.c", line 118: Failed to open /home/lapf/Desktop/TCCtest/Sphinx/wav/constituicao16k/art167i.wav: No such file or directory
INFO: sphinx_fe.c(764): Converting /home/lapf/Desktop/TCCtest/Sphinx/wav/constituicao16k/art168.wav to /home/lapf/Desktop/TCCtest/Sphinx/feat/constituicao16k/art168.mfc
ERROR: "sphinx_fe.c", line 118: Failed to open /home/lapf/Desktop/TCCtest/Sphinx/wav/constituicao16k/art168.wav: No such file or directory
INFO: sphinx_fe.c(764): Converting /home/lapf/Desktop/TCCtest/Sphinx/wav/constituicao16k/art169a.wav to /home/lapf/Desktop/TCCtest/Sphinx/feat/constituicao16k/art169a.mfc
ERROR: "sphinx_fe.c", line 118: Failed to open /home/lapf/Desktop/TCCtest/Sphinx/wav/constituicao16k/art169a.wav: No such file or directory
INFO: sphinx_fe.c(764): Converting /home/lapf/Desktop/TCCtest/Sphinx/wav/constituicao16k/art169b.wav to /home/lapf/Desktop/TCCtest/Sphinx/feat/constituicao16k/art169b.mfc
ERROR: "sphinx_fe.c", line 118: Failed to open /home/lapf/Desktop/TCCtest/Sphinx/wav/constituicao16k/art169b.wav: No such file or directory
INFO: sphinx_fe.c(764): Converting /home/lapf/Desktop/TCCtest/Sphinx/wav/constituicao16k/art169c.wav to /home/lapf/Desktop/TCCtest/Sphinx/feat/constituicao16k/art169c.mfc
ERROR: "sphinx_fe.c", line 118: Failed to open /home/lapf/Desktop/TCCtest/Sphinx/wav/constituicao16k/art169c.wav: No such file or directory
INFO: sphinx_fe.c(764): Converting /home/lapf/Desktop/TCCtest/Sphinx/wav/constituicao16k/art169d.wav to /home/lapf/Desktop/TCCtest/Sphinx/feat/constituicao16k/art169d.mfc
ERROR: "sphinx_fe.c", line 118: Failed to open /home/lapf/Desktop/TCCtest/Sphinx/wav/constituicao16k/art169d.wav: No such file or directory
INFO: sphinx_fe.c(764): Converting /home/lapf/Desktop/TCCtest/Sphinx/wav/constituicao16k/art169e.wav to /home/lapf/Desktop/TCCtest/Sphinx/feat/constituicao16k/art169e.mfc
ERROR: "sphinx_fe.c", line 118: Failed to open /home/lapf/Desktop/TCCtest/Sphinx/wav/constituicao16k/art169e.wav: No such file or directory
INFO: sphinx_fe.c(764): Converting /home/lapf/Desktop/TCCtest/Sphinx/wav/constituicao16k/art169f.wav to /home/lapf/Desktop/TCCtest/Sphinx/feat/constituicao16k/art169f.mfc
ERROR: "sphinx_fe.c", line 118: Failed to open /home/lapf/Desktop/TCCtest/Sphinx/wav/constituicao16k/art169f.wav: No such file or directory
INFO: sphinx_fe.c(764): Converting /home/lapf/Desktop/TCCtest/Sphinx/wav/constituicao16k/art170a.wav to /home/lapf/Desktop/TCCtest/Sphinx/feat/constituicao16k/art170a.mfc
ERROR: "sphinx_fe.c", line 118: Failed to open /home/lapf/Desktop/TCCtest/Sphinx/wav/constituicao16k/art170a.wav: No such file or directory
INFO: sphinx_fe.c(764): Converting /home/lapf/Desktop/TCCtest/Sphinx/wav/constituicao16k/art170b.wav to /home/lapf/Desktop/TCCtest/Sphinx/feat/constituicao16k/art170b.mfc
ERROR: "sphinx_fe.c", line 118: Failed to open /home/lapf/Desktop/TCCtest/Sphinx/wav/constituicao16k/art170b.wav: No such file or directory
INFO: sphinx_fe.c(764): Converting /home/lapf/Desktop/TCCtest/Sphinx/wav/constituicao16k/art170c.wav to /home/lapf/Desktop/TCCtest/Sphinx/feat/constituicao16k/art170c.mfc
ERROR: "sphinx_fe.c", line 118: Failed to open /home/lapf/Desktop/TCCtest/Sphinx/wav/constituicao16k/art170c.wav: No such file or directory
INFO: sphinx_fe.c(764): Converting /home/lapf/Desktop/TCCtest/Sphinx/wav/constituicao16k/art171.wav to /home/lapf/Desktop/TCCtest/Sphinx/feat/constituicao16k/art171.mfc
ERROR: "sphinx_fe.c", line 118: Failed to open /home/lapf/Desktop/TCCtest/Sphinx/wav/constituicao16k/art171.wav: No such file or directory
INFO: sphinx_fe.c(764): Converting /home/lapf/Desktop/TCCtest/Sphinx/wav/constituicao16k/art172.wav to /home/lapf/Desktop/TCCtest/Sphinx/feat/constituicao16k/art172.mfc
ERROR: "sphinx_fe.c", line 118: Failed to open /home/lapf/Desktop/TCCtest/Sphinx/wav/constituicao16k/art172.wav: No such file or directory
INFO: sphinx_fe.c(764): Converting /home/lapf/Desktop/TCCtest/Sphinx/wav/constituicao16k/art173a.wav to /home/lapf/Desktop/TCCtest/Sphinx/feat/constituicao16k/art173a.mfc
ERROR: "sphinx_fe.c", line 118: Failed to open /home/lapf/Desktop/TCCtest/Sphinx/wav/constituicao16k/art173a.wav: No such file or directory
INFO: sphinx_fe.c(764): Converting /home/lapf/Desktop/TCCtest/Sphinx/wav/constituicao16k/art173b.wav to /home/lapf/Desktop/TCCtest/Sphinx/feat/constituicao16k/art173b.mfc
ERROR: "sphinx_fe.c", line 118: Failed to open /home/lapf/Desktop/TCCtest/Sphinx/wav/constituicao16k/art173b.wav: No such file or directory
INFO: sphinx_fe.c(764): Converting /home/lapf/Desktop/TCCtest/Sphinx/wav/constituicao16k/art173c.wav to /home/lapf/Desktop/TCCtest/Sphinx/feat/constituicao16k/art173c.mfc
ERROR: "sphinx_fe.c", line 118: Failed to open /home/lapf/Desktop/TCCtest/Sphinx/wav/constituicao16k/art173c.wav: No such file or directory
INFO: sphinx_fe.c(764): Converting /home/lapf/Desktop/TCCtest/Sphinx/wav/constituicao16k/art173d.wav to /home/lapf/Desktop/TCCtest/Sphinx/feat/constituicao16k/art173d.mfc
ERROR: "sphinx_fe.c", line 118: Failed to open /home/lapf/Desktop/TCCtest/Sphinx/wav/constituicao16k/art173d.wav: No such file or directory
INFO: sphinx_fe.c(764): Converting /home/lapf/Desktop/TCCtest/Sphinx/wav/constituicao16k/art173e.wav to /home/lapf/Desktop/TCCtest/Sphinx/feat/constituicao16k/art173e.mfc
ERROR: "sphinx_fe.c", line 118: Failed to open /home/lapf/Desktop/TCCtest/Sphinx/wav/constituicao16k/art173e.wav: No such file or directory
INFO: sphinx_fe.c(764): Converting /home/lapf/Desktop/TCCtest/Sphinx/wav/constituicao16k/art174a.wav to /home/lapf/Desktop/TCCtest/Sphinx/feat/constituicao16k/art174a.mfc
ERROR: "sphinx_fe.c", line 118: Failed to open /home/lapf/Desktop/TCCtest/Sphinx/wav/constituicao16k/art174a.wav: No such file or directory
INFO: sphinx_fe.c(764): Converting /home/lapf/Desktop/TCCtest/Sphinx/wav/constituicao16k/art174b.wav to /home/lapf/Desktop/TCCtest/Sphinx/feat/constituicao16k/art174b.mfc
ERROR: "sphinx_fe.c", line 118: Failed to open /home/lapf/Desktop/TCCtest/Sphinx/wav/constituicao16k/art174b.wav: No such file or directory
INFO: sphinx_fe.c(764): Converting /home/lapf/Desktop/TCCtest/Sphinx/wav/constituicao16k/art174c.wav to /home/lapf/Desktop/TCCtest/Sphinx/feat/constituicao16k/art174c.mfc
ERROR: "sphinx_fe.c", line 118: Failed to open /home/lapf/Desktop/TCCtest/Sphinx/wav/constituicao16k/art174c.wav: No such file or directory
INFO: sphinx_fe.c(764): Converting /home/lapf/Desktop/TCCtest/Sphinx/wav/constituicao16k/art175a.wav to /home/lapf/Desktop/TCCtest/Sphinx/feat/constituicao16k/art175a.mfc
ERROR: "sphinx_fe.c", line 118: Failed to open /home/lapf/Desktop/TCCtest/Sphinx/wav/constituicao16k/art175a.wav: No such file or directory
INFO: sphinx_fe.c(764): Converting /home/lapf/Desktop/TCCtest/Sphinx/wav/constituicao16k/art175b.wav to /home/lapf/Desktop/TCCtest/Sphinx/feat/constituicao16k/art175b.mfc
ERROR: "sphinx_fe.c", line 118: Failed to open /home/lapf/Desktop/TCCtest/Sphinx/wav/constituicao16k/art175b.wav: No such file or directory
INFO: sphinx_fe.c(764): Converting /home/lapf/Desktop/TCCtest/Sphinx/wav/constituicao16k/art176a.wav to /home/lapf/Desktop/TCCtest/Sphinx/feat/constituicao16k/art176a.mfc
ERROR: "sphinx_fe.c", line 118: Failed to open /home/lapf/Desktop/TCCtest/Sphinx/wav/constituicao16k/art176a.wav: No such file or directory
INFO: sphinx_fe.c(764): Converting /home/lapf/Desktop/TCCtest/Sphinx/wav/constituicao16k/art176b.wav to /home/lapf/Desktop/TCCtest/Sphinx/feat/constituicao16k/art176b.mfc
ERROR: "sphinx_fe.c", line 118: Failed to open /home/lapf/Desktop/TCCtest/Sphinx/wav/constituicao16k/art176b.wav: No such file or directory
INFO: sphinx_fe.c(764): Converting /home/lapf/Desktop/TCCtest/Sphinx/wav/constituicao16k/art176c.wav to /home/lapf/Desktop/TCCtest/Sphinx/feat/constituicao16k/art176c.mfc
ERROR: "sphinx_fe.c", line 118: Failed to open /home/lapf/Desktop/TCCtest/Sphinx/wav/constituicao16k/art176c.wav: No such file or directory
INFO: sphinx_fe.c(764): Converting /home/lapf/Desktop/TCCtest/Sphinx/wav/constituicao16k/art177a.wav to /home/lapf/Desktop/TCCtest/Sphinx/feat/constituicao16k/art177a.mfc
ERROR: "sphinx_fe.c", line 118: Failed to open /home/lapf/Desktop/TCCtest/Sphinx/wav/constituicao16k/art177a.wav: No such file or directory
INFO: sphinx_fe.c(764): Converting /home/lapf/Desktop/TCCtest/Sphinx/wav/constituicao16k/art177b.wav to /home/lapf/Desktop/TCCtest/Sphinx/feat/constituicao16k/art177b.mfc
ERROR: "sphinx_fe.c", line 118: Failed to open /home/lapf/Desktop/TCCtest/Sphinx/wav/constituicao16k/art177b.wav: No such file or directory
INFO: sphinx_fe.c(764): Converting /home/lapf/Desktop/TCCtest/Sphinx/wav/constituicao16k/art177c.wav to /home/lapf/Desktop/TCCtest/Sphinx/feat/constituicao16k/art177c.mfc
ERROR: "sphinx_fe.c", line 118: Failed to open /home/lapf/Desktop/TCCtest/Sphinx/wav/constituicao16k/art177c.wav: No such file or directory
INFO: sphinx_fe.c(764): Converting /home/lapf/Desktop/TCCtest/Sphinx/wav/constituicao16k/art177d.wav to /home/lapf/Desktop/TCCtest/Sphinx/feat/constituicao16k/art177d.mfc
ERROR: "sphinx_fe.c", line 118: Failed to open /home/lapf/Desktop/TCCtest/Sphinx/wav/constituicao16k/art177d.wav: No such file or directory
INFO: sphinx_fe.c(764): Converting /home/lapf/Desktop/TCCtest/Sphinx/wav/constituicao16k/art177e.wav to /home/lapf/Desktop/TCCtest/Sphinx/feat/constituicao16k/art177e.mfc
ERROR: "sphinx_fe.c", line 118: Failed to open /home/lapf/Desktop/TCCtest/Sphinx/wav/constituicao16k/art177e.wav: No such file or directory
INFO: sphinx_fe.c(764): Converting /home/lapf/Desktop/TCCtest/Sphinx/wav/constituicao16k/art177f.wav to /home/lapf/Desktop/TCCtest/Sphinx/feat/constituicao16k/art177f.mfc
ERROR: "sphinx_fe.c", line 118: Failed to open /home/lapf/Desktop/TCCtest/Sphinx/wav/constituicao16k/art177f.wav: No such file or directory
INFO: sphinx_fe.c(764): Converting /home/lapf/Desktop/TCCtest/Sphinx/wav/constituicao16k/art177g.wav to /home/lapf/Desktop/TCCtest/Sphinx/feat/constituicao16k/art177g.mfc
ERROR: "sphinx_fe.c", line 118: Failed to open /home/lapf/Desktop/TCCtest/Sphinx/wav/constituicao16k/art177g.wav: No such file or directory
INFO: sphinx_fe.c(764): Converting /home/lapf/Desktop/TCCtest/Sphinx/wav/constituicao16k/art178.wav to /home/lapf/Desktop/TCCtest/Sphinx/feat/constituicao16k/art178.mfc
ERROR: "sphinx_fe.c", line 118: Failed to open /home/lapf/Desktop/TCCtest/Sphinx/wav/constituicao16k/art178.wav: No such file or directory
INFO: sphinx_fe.c(764): Converting /home/lapf/Desktop/TCCtest/Sphinx/wav/constituicao16k/art179.wav to /home/lapf/Desktop/TCCtest/Sphinx/feat/constituicao16k/art179.mfc
ERROR: "sphinx_fe.c", line 118: Failed to open /home/lapf/Desktop/TCCtest/Sphinx/wav/constituicao16k/art179.wav: No such file or directory
INFO: sphinx_fe.c(764): Converting /home/lapf/Desktop/TCCtest/Sphinx/wav/constituicao16k/art180.wav to /home/lapf/Desktop/TCCtest/Sphinx/feat/constituicao16k/art180.mfc
ERROR: "sphinx_fe.c", line 118: Failed to open /home/lapf/Desktop/TCCtest/Sphinx/wav/constituicao16k/art180.wav: No such file or directory
INFO: sphinx_fe.c(764): Converting /home/lapf/Desktop/TCCtest/Sphinx/wav/constituicao16k/art181.wav to /home/lapf/Desktop/TCCtest/Sphinx/feat/constituicao16k/art181.mfc
ERROR: "sphinx_fe.c", line 118: Failed to open /home/lapf/Desktop/TCCtest/Sphinx/wav/constituicao16k/art181.wav: No such file or directory
INFO: sphinx_fe.c(764): Converting /home/lapf/Desktop/TCCtest/Sphinx/wav/constituicao16k/art182a.wav to /home/lapf/Desktop/TCCtest/Sphinx/feat/constituicao16k/art182a.mfc
ERROR: "sphinx_fe.c", line 118: Failed to open /home/lapf/Desktop/TCCtest/Sphinx/wav/constituicao16k/art182a.wav: No such file or directory
INFO: sphinx_fe.c(764): Converting /home/lapf/Desktop/TCCtest/Sphinx/wav/constituicao16k/art182b.wav to /home/lapf/Desktop/TCCtest/Sphinx/feat/constituicao16k/art182b.mfc
ERROR: "sphinx_fe.c", line 118: Failed to open /home/lapf/Desktop/TCCtest/Sphinx/wav/constituicao16k/art182b.wav: No such file or directory
INFO: sphinx_fe.c(764): Converting /home/lapf/Desktop/TCCtest/Sphinx/wav/constituicao16k/art182c.wav to /home/lapf/Desktop/TCCtest/Sphinx/feat/constituicao16k/art182c.mfc
ERROR: "sphinx_fe.c", line 118: Failed to open /home/lapf/Desktop/TCCtest/Sphinx/wav/constituicao16k/art182c.wav: No such file or directory
INFO: sphinx_fe.c(764): Converting /home/lapf/Desktop/TCCtest/Sphinx/wav/constituicao16k/art182d.wav to /home/lapf/Desktop/TCCtest/Sphinx/feat/constituicao16k/art182d.mfc
ERROR: "sphinx_fe.c", line 118: Failed to open /home/lapf/Desktop/TCCtest/Sphinx/wav/constituicao16k/art182d.wav: No such file or directory
INFO: sphinx_fe.c(764): Converting /home/lapf/Desktop/TCCtest/Sphinx/wav/constituicao16k/art183a.wav to /home/lapf/Desktop/TCCtest/Sphinx/feat/constituicao16k/art183a.mfc
ERROR: "sphinx_fe.c", line 118: Failed to open /home/lapf/Desktop/TCCtest/Sphinx/wav/constituicao16k/art183a.wav: No such file or directory
INFO: sphinx_fe.c(764): Converting /home/lapf/Desktop/TCCtest/Sphinx/wav/constituicao16k/art183b.wav to /home/lapf/Desktop/TCCtest/Sphinx/feat/constituicao16k/art183b.mfc
ERROR: "sphinx_fe.c", line 118: Failed to open /home/lapf/Desktop/TCCtest/Sphinx/wav/constituicao16k/art183b.wav: No such file or directory
INFO: sphinx_fe.c(764): Converting /home/lapf/Desktop/TCCtest/Sphinx/wav/constituicao16k/art184a.wav to /home/lapf/Desktop/TCCtest/Sphinx/feat/constituicao16k/art184a.mfc
ERROR: "sphinx_fe.c", line 118: Failed to open /home/lapf/Desktop/TCCtest/Sphinx/wav/constituicao16k/art184a.wav: No such file or directory
INFO: sphinx_fe.c(764): Converting /home/lapf/Desktop/TCCtest/Sphinx/wav/constituicao16k/art184b.wav to /home/lapf/Desktop/TCCtest/Sphinx/feat/constituicao16k/art184b.mfc
ERROR: "sphinx_fe.c", line 118: Failed to open /home/lapf/Desktop/TCCtest/Sphinx/wav/constituicao16k/art184b.wav: No such file or directory
INFO: sphinx_fe.c(764): Converting /home/lapf/Desktop/TCCtest/Sphinx/wav/constituicao16k/art184c.wav to /home/lapf/Desktop/TCCtest/Sphinx/feat/constituicao16k/art184c.mfc
ERROR: "sphinx_fe.c", line 118: Failed to open /home/lapf/Desktop/TCCtest/Sphinx/wav/constituicao16k/art184c.wav: No such file or directory
INFO: sphinx_fe.c(764): Converting /home/lapf/Desktop/TCCtest/Sphinx/wav/constituicao16k/art185.wav to /home/lapf/Desktop/TCCtest/Sphinx/feat/constituicao16k/art185.mfc
ERROR: "sphinx_fe.c", line 118: Failed to open /home/lapf/Desktop/TCCtest/Sphinx/wav/constituicao16k/art185.wav: No such file or directory
INFO: sphinx_fe.c(764): Converting /home/lapf/Desktop/TCCtest/Sphinx/wav/constituicao16k/art186.wav to /home/lapf/Desktop/TCCtest/Sphinx/feat/constituicao16k/art186.mfc
ERROR: "sphinx_fe.c", line 118: Failed to open /home/lapf/Desktop/TCCtest/Sphinx/wav/constituicao16k/art186.wav: No such file or directory
INFO: sphinx_fe.c(764): Converting /home/lapf/Desktop/TCCtest/Sphinx/wav/constituicao16k/art187a.wav to /home/lapf/Desktop/TCCtest/Sphinx/feat/constituicao16k/art187a.mfc
ERROR: "sphinx_fe.c", line 118: Failed to open /home/lapf/Desktop/TCCtest/Sphinx/wav/constituicao16k/art187a.wav: No such file or directory
INFO: sphinx_fe.c(764): Converting /home/lapf/Desktop/TCCtest/Sphinx/wav/constituicao16k/art187b.wav to /home/lapf/Desktop/TCCtest/Sphinx/feat/constituicao16k/art187b.mfc
ERROR: "sphinx_fe.c", line 118: Failed to open /home/lapf/Desktop/TCCtest/Sphinx/wav/constituicao16k/art187b.wav: No such file or directory
INFO: sphinx_fe.c(764): Converting /home/lapf/Desktop/TCCtest/Sphinx/wav/constituicao16k/art187c.wav to /home/lapf/Desktop/TCCtest/Sphinx/feat/constituicao16k/art187c.mfc
ERROR: "sphinx_fe.c", line 118: Failed to open /home/lapf/Desktop/TCCtest/Sphinx/wav/constituicao16k/art187c.wav: No such file or directory
INFO: sphinx_fe.c(764): Converting /home/lapf/Desktop/TCCtest/Sphinx/wav/constituicao16k/art188.wav to /home/lapf/Desktop/TCCtest/Sphinx/feat/constituicao16k/art188.mfc
ERROR: "sphinx_fe.c", line 118: Failed to open /home/lapf/Desktop/TCCtest/Sphinx/wav/constituicao16k/art188.wav: No such file or directory
INFO: sphinx_fe.c(764): Converting /home/lapf/Desktop/TCCtest/Sphinx/wav/constituicao16k/art189.wav to /home/lapf/Desktop/TCCtest/Sphinx/feat/constituicao16k/art189.mfc
ERROR: "sphinx_fe.c", line 118: Failed to open /home/lapf/Desktop/TCCtest/Sphinx/wav/constituicao16k/art189.wav: No such file or directory
INFO: sphinx_fe.c(764): Converting /home/lapf/Desktop/TCCtest/Sphinx/wav/constituicao16k/art190.wav to /home/lapf/Desktop/TCCtest/Sphinx/feat/constituicao16k/art190.mfc
ERROR: "sphinx_fe.c", line 118: Failed to open /home/lapf/Desktop/TCCtest/Sphinx/wav/constituicao16k/art190.wav: No such file or directory
INFO: sphinx_fe.c(764): Converting /home/lapf/Desktop/TCCtest/Sphinx/wav/constituicao16k/art191.wav to /home/lapf/Desktop/TCCtest/Sphinx/feat/constituicao16k/art191.mfc
ERROR: "sphinx_fe.c", line 118: Failed to open /home/lapf/Desktop/TCCtest/Sphinx/wav/constituicao16k/art191.wav: No such file or directory
INFO: sphinx_fe.c(764): Converting /home/lapf/Desktop/TCCtest/Sphinx/wav/constituicao16k/art192a.wav to /home/lapf/Desktop/TCCtest/Sphinx/feat/constituicao16k/art192a.mfc
ERROR: "sphinx_fe.c", line 118: Failed to open /home/lapf/Desktop/TCCtest/Sphinx/wav/constituicao16k/art192a.wav: No such file or directory
INFO: sphinx_fe.c(764): Converting /home/lapf/Desktop/TCCtest/Sphinx/wav/constituicao16k/art192b.wav to /home/lapf/Desktop/TCCtest/Sphinx/feat/constituicao16k/art192b.mfc
ERROR: "sphinx_fe.c", line 118: Failed to open /home/lapf/Desktop/TCCtest/Sphinx/wav/constituicao16k/art192b.wav: No such file or directory
INFO: sphinx_fe.c(764): Converting /home/lapf/Desktop/TCCtest/Sphinx/wav/constituicao16k/art192c.wav to /home/lapf/Desktop/TCCtest/Sphinx/feat/constituicao16k/art192c.mfc
ERROR: "sphinx_fe.c", line 118: Failed to open /home/lapf/Desktop/TCCtest/Sphinx/wav/constituicao16k/art192c.wav: No such file or directory
INFO: sphinx_fe.c(764): Converting /home/lapf/Desktop/TCCtest/Sphinx/wav/constituicao16k/art193.wav to /home/lapf/Desktop/TCCtest/Sphinx/feat/constituicao16k/art193.mfc
ERROR: "sphinx_fe.c", line 118: Failed to open /home/lapf/Desktop/TCCtest/Sphinx/wav/constituicao16k/art193.wav: No such file or directory
INFO: sphinx_fe.c(764): Converting /home/lapf/Desktop/TCCtest/Sphinx/wav/constituicao16k/art194a.wav to /home/lapf/Desktop/TCCtest/Sphinx/feat/constituicao16k/art194a.mfc
ERROR: "sphinx_fe.c", line 118: Failed to open /home/lapf/Desktop/TCCtest/Sphinx/wav/constituicao16k/art194a.wav: No such file or directory
INFO: sphinx_fe.c(764): Converting /home/lapf/Desktop/TCCtest/Sphinx/wav/constituicao16k/art194b.wav to /home/lapf/Desktop/TCCtest/Sphinx/feat/constituicao16k/art194b.mfc
ERROR: "sphinx_fe.c", line 118: Failed to open /home/lapf/Desktop/TCCtest/Sphinx/wav/constituicao16k/art194b.wav: No such file or directory
INFO: sphinx_fe.c(764): Converting /home/lapf/Desktop/TCCtest/Sphinx/wav/constituicao16k/art194c.wav to /home/lapf/Desktop/TCCtest/Sphinx/feat/constituicao16k/art194c.mfc
ERROR: "sphinx_fe.c", line 118: Failed to open /home/lapf/Desktop/TCCtest/Sphinx/wav/constituicao16k/art194c.wav: No such file or directory
INFO: sphinx_fe.c(764): Converting /home/lapf/Desktop/TCCtest/Sphinx/wav/constituicao16k/art195a.wav to /home/lapf/Desktop/TCCtest/Sphinx/feat/constituicao16k/art195a.mfc
ERROR: "sphinx_fe.c", line 118: Failed to open /home/lapf/Desktop/TCCtest/Sphinx/wav/constituicao16k/art195a.wav: No such file or directory
INFO: sphinx_fe.c(764): Converting /home/lapf/Desktop/TCCtest/Sphinx/wav/constituicao16k/art195b.wav to /home/lapf/Desktop/TCCtest/Sphinx/feat/constituicao16k/art195b.mfc
ERROR: "sphinx_fe.c", line 118: Failed to open /home/lapf/Desktop/TCCtest/Sphinx/wav/constituicao16k/art195b.wav: No such file or directory
INFO: sphinx_fe.c(764): Converting /home/lapf/Desktop/TCCtest/Sphinx/wav/constituicao16k/art195c.wav to /home/lapf/Desktop/TCCtest/Sphinx/feat/constituicao16k/art195c.mfc
ERROR: "sphinx_fe.c", line 118: Failed to open /home/lapf/Desktop/TCCtest/Sphinx/wav/constituicao16k/art195c.wav: No such file or directory
INFO: sphinx_fe.c(764): Converting /home/lapf/Desktop/TCCtest/Sphinx/wav/constituicao16k/art195d.wav to /home/lapf/Desktop/TCCtest/Sphinx/feat/constituicao16k/art195d.mfc
ERROR: "sphinx_fe.c", line 118: Failed to open /home/lapf/Desktop/TCCtest/Sphinx/wav/constituicao16k/art195d.wav: No such file or directory
INFO: sphinx_fe.c(764): Converting /home/lapf/Desktop/TCCtest/Sphinx/wav/constituicao16k/art195e.wav to /home/lapf/Desktop/TCCtest/Sphinx/feat/constituicao16k/art195e.mfc
ERROR: "sphinx_fe.c", line 118: Failed to open /home/lapf/Desktop/TCCtest/Sphinx/wav/constituicao16k/art195e.wav: No such file or directory
INFO: sphinx_fe.c(764): Converting /home/lapf/Desktop/TCCtest/Sphinx/wav/constituicao16k/art195f.wav to /home/lapf/Desktop/TCCtest/Sphinx/feat/constituicao16k/art195f.mfc
ERROR: "sphinx_fe.c", line 118: Failed to open /home/lapf/Desktop/TCCtest/Sphinx/wav/constituicao16k/art195f.wav: No such file or directory
INFO: sphinx_fe.c(764): Converting /home/lapf/Desktop/TCCtest/Sphinx/wav/constituicao16k/art195g.wav to /home/lapf/Desktop/TCCtest/Sphinx/feat/constituicao16k/art195g.mfc
ERROR: "sphinx_fe.c", line 118: Failed to open /home/lapf/Desktop/TCCtest/Sphinx/wav/constituicao16k/art195g.wav: No such file or directory
INFO: sphinx_fe.c(764): Converting /home/lapf/Desktop/TCCtest/Sphinx/wav/constituicao16k/art195h.wav to /home/lapf/Desktop/TCCtest/Sphinx/feat/constituicao16k/art195h.mfc
ERROR: "sphinx_fe.c", line 118: Failed to open /home/lapf/Desktop/TCCtest/Sphinx/wav/constituicao16k/art195h.wav: No such file or directory
INFO: sphinx_fe.c(764): Converting /home/lapf/Desktop/TCCtest/Sphinx/wav/constituicao16k/art195i.wav to /home/lapf/Desktop/TCCtest/Sphinx/feat/constituicao16k/art195i.mfc
ERROR: "sphinx_fe.c", line 118: Failed to open /home/lapf/Desktop/TCCtest/Sphinx/wav/constituicao16k/art195i.wav: No such file or directory
INFO: sphinx_fe.c(764): Converting /home/lapf/Desktop/TCCtest/Sphinx/wav/constituicao16k/art195j.wav to /home/lapf/Desktop/TCCtest/Sphinx/feat/constituicao16k/art195j.mfc
ERROR: "sphinx_fe.c", line 118: Failed to open /home/lapf/Desktop/TCCtest/Sphinx/wav/constituicao16k/art195j.wav: No such file or directory
INFO: sphinx_fe.c(764): Converting /home/lapf/Desktop/TCCtest/Sphinx/wav/constituicao16k/art196.wav to /home/lapf/Desktop/TCCtest/Sphinx/feat/constituicao16k/art196.mfc
ERROR: "sphinx_fe.c", line 118: Failed to open /home/lapf/Desktop/TCCtest/Sphinx/wav/constituicao16k/art196.wav: No such file or directory
INFO: sphinx_fe.c(764): Converting /home/lapf/Desktop/TCCtest/Sphinx/wav/constituicao16k/art197.wav to /home/lapf/Desktop/TCCtest/Sphinx/feat/constituicao16k/art197.mfc
ERROR: "sphinx_fe.c", line 118: Failed to open /home/lapf/Desktop/TCCtest/Sphinx/wav/constituicao16k/art197.wav: No such file or directory
INFO: sphinx_fe.c(764): Converting /home/lapf/Desktop/TCCtest/Sphinx/wav/constituicao16k/art198a.wav to /home/lapf/Desktop/TCCtest/Sphinx/feat/constituicao16k/art198a.mfc
ERROR: "sphinx_fe.c", line 118: Failed to open /home/lapf/Desktop/TCCtest/Sphinx/wav/constituicao16k/art198a.wav: No such file or directory
INFO: sphinx_fe.c(764): Converting /home/lapf/Desktop/TCCtest/Sphinx/wav/constituicao16k/art198b.wav to /home/lapf/Desktop/TCCtest/Sphinx/feat/constituicao16k/art198b.mfc
ERROR: "sphinx_fe.c", line 118: Failed to open /home/lapf/Desktop/TCCtest/Sphinx/wav/constituicao16k/art198b.wav: No such file or directory
INFO: sphinx_fe.c(764): Converting /home/lapf/Desktop/TCCtest/Sphinx/wav/constituicao16k/art198c.wav to /home/lapf/Desktop/TCCtest/Sphinx/feat/constituicao16k/art198c.mfc
ERROR: "sphinx_fe.c", line 118: Failed to open /home/lapf/Desktop/TCCtest/Sphinx/wav/constituicao16k/art198c.wav: No such file or directory
INFO: sphinx_fe.c(764): Converting /home/lapf/Desktop/TCCtest/Sphinx/wav/constituicao16k/art198d.wav to /home/lapf/Desktop/TCCtest/Sphinx/feat/constituicao16k/art198d.mfc
ERROR: "sphinx_fe.c", line 118: Failed to open /home/lapf/Desktop/TCCtest/Sphinx/wav/constituicao16k/art198d.wav: No such file or directory
INFO: sphinx_fe.c(764): Converting /home/lapf/Desktop/TCCtest/Sphinx/wav/constituicao16k/art198e.wav to /home/lapf/Desktop/TCCtest/Sphinx/feat/constituicao16k/art198e.mfc
ERROR: "sphinx_fe.c", line 118: Failed to open /home/lapf/Desktop/TCCtest/Sphinx/wav/constituicao16k/art198e.wav: No such file or directory
INFO: sphinx_fe.c(764): Converting /home/lapf/Desktop/TCCtest/Sphinx/wav/constituicao16k/art198f.wav to /home/lapf/Desktop/TCCtest/Sphinx/feat/constituicao16k/art198f.mfc
ERROR: "sphinx_fe.c", line 118: Failed to open /home/lapf/Desktop/TCCtest/Sphinx/wav/constituicao16k/art198f.wav: No such file or directory
INFO: sphinx_fe.c(764): Converting /home/lapf/Desktop/TCCtest/Sphinx/wav/constituicao16k/art198g.wav to /home/lapf/Desktop/TCCtest/Sphinx/feat/constituicao16k/art198g.mfc
ERROR: "sphinx_fe.c", line 118: Failed to open /home/lapf/Desktop/TCCtest/Sphinx/wav/constituicao16k/art198g.wav: No such file or directory
INFO: sphinx_fe.c(764): Converting /home/lapf/Desktop/TCCtest/Sphinx/wav/constituicao16k/art198h.wav to /home/lapf/Desktop/TCCtest/Sphinx/feat/constituicao16k/art198h.mfc
ERROR: "sphinx_fe.c", line 118: Failed to open /home/lapf/Desktop/TCCtest/Sphinx/wav/constituicao16k/art198h.wav: No such file or directory
INFO: sphinx_fe.c(764): Converting /home/lapf/Desktop/TCCtest/Sphinx/wav/constituicao16k/art199a.wav to /home/lapf/Desktop/TCCtest/Sphinx/feat/constituicao16k/art199a.mfc
ERROR: "sphinx_fe.c", line 118: Failed to open /home/lapf/Desktop/TCCtest/Sphinx/wav/constituicao16k/art199a.wav: No such file or directory
INFO: sphinx_fe.c(764): Converting /home/lapf/Desktop/TCCtest/Sphinx/wav/constituicao16k/art199b.wav to /home/lapf/Desktop/TCCtest/Sphinx/feat/constituicao16k/art199b.mfc
ERROR: "sphinx_fe.c", line 118: Failed to open /home/lapf/Desktop/TCCtest/Sphinx/wav/constituicao16k/art199b.wav: No such file or directory
INFO: sphinx_fe.c(764): Converting /home/lapf/Desktop/TCCtest/Sphinx/wav/constituicao16k/art199c.wav to /home/lapf/Desktop/TCCtest/Sphinx/feat/constituicao16k/art199c.mfc
ERROR: "sphinx_fe.c", line 118: Failed to open /home/lapf/Desktop/TCCtest/Sphinx/wav/constituicao16k/art199c.wav: No such file or directory
INFO: sphinx_fe.c(764): Converting /home/lapf/Desktop/TCCtest/Sphinx/wav/constituicao16k/art200a.wav to /home/lapf/Desktop/TCCtest/Sphinx/feat/constituicao16k/art200a.mfc
ERROR: "sphinx_fe.c", line 118: Failed to open /home/lapf/Desktop/TCCtest/Sphinx/wav/constituicao16k/art200a.wav: No such file or directory
INFO: sphinx_fe.c(764): Converting /home/lapf/Desktop/TCCtest/Sphinx/wav/constituicao16k/art200b.wav to /home/lapf/Desktop/TCCtest/Sphinx/feat/constituicao16k/art200b.mfc
ERROR: "sphinx_fe.c", line 118: Failed to open /home/lapf/Desktop/TCCtest/Sphinx/wav/constituicao16k/art200b.wav: No such file or directory
INFO: sphinx_fe.c(764): Converting /home/lapf/Desktop/TCCtest/Sphinx/wav/constituicao16k/art200c.wav to /home/lapf/Desktop/TCCtest/Sphinx/feat/constituicao16k/art200c.mfc
ERROR: "sphinx_fe.c", line 118: Failed to open /home/lapf/Desktop/TCCtest/Sphinx/wav/constituicao16k/art200c.wav: No such file or directory
INFO: sphinx_fe.c(764): Converting /home/lapf/Desktop/TCCtest/Sphinx/wav/constituicao16k/art201a.wav to /home/lapf/Desktop/TCCtest/Sphinx/feat/constituicao16k/art201a.mfc
ERROR: "sphinx_fe.c", line 118: Failed to open /home/lapf/Desktop/TCCtest/Sphinx/wav/constituicao16k/art201a.wav: No such file or directory
INFO: sphinx_fe.c(764): Converting /home/lapf/Desktop/TCCtest/Sphinx/wav/constituicao16k/art201b.wav to /home/lapf/Desktop/TCCtest/Sphinx/feat/constituicao16k/art201b.mfc
ERROR: "sphinx_fe.c", line 118: Failed to open /home/lapf/Desktop/TCCtest/Sphinx/wav/constituicao16k/art201b.wav: No such file or directory
INFO: sphinx_fe.c(764): Converting /home/lapf/Desktop/TCCtest/Sphinx/wav/constituicao16k/art201c.wav to /home/lapf/Desktop/TCCtest/Sphinx/feat/constituicao16k/art201c.mfc
ERROR: "sphinx_fe.c", line 118: Failed to open /home/lapf/Desktop/TCCtest/Sphinx/wav/constituicao16k/art201c.wav: No such file or directory
INFO: sphinx_fe.c(764): Converting /home/lapf/Desktop/TCCtest/Sphinx/wav/constituicao16k/art201d.wav to /home/lapf/Desktop/TCCtest/Sphinx/feat/constituicao16k/art201d.mfc
ERROR: "sphinx_fe.c", line 118: Failed to open /home/lapf/Desktop/TCCtest/Sphinx/wav/constituicao16k/art201d.wav: No such file or directory
INFO: sphinx_fe.c(764): Converting /home/lapf/Desktop/TCCtest/Sphinx/wav/constituicao16k/art201e.wav to /home/lapf/Desktop/TCCtest/Sphinx/feat/constituicao16k/art201e.mfc
ERROR: "sphinx_fe.c", line 118: Failed to open /home/lapf/Desktop/TCCtest/Sphinx/wav/constituicao16k/art201e.wav: No such file or directory
INFO: sphinx_fe.c(764): Converting /home/lapf/Desktop/TCCtest/Sphinx/wav/constituicao16k/art201f.wav to /home/lapf/Desktop/TCCtest/Sphinx/feat/constituicao16k/art201f.mfc
ERROR: "sphinx_fe.c", line 118: Failed to open /home/lapf/Desktop/TCCtest/Sphinx/wav/constituicao16k/art201f.wav: No such file or directory
INFO: sphinx_fe.c(764): Converting /home/lapf/Desktop/TCCtest/Sphinx/wav/constituicao16k/art201g.wav to /home/lapf/Desktop/TCCtest/Sphinx/feat/constituicao16k/art201g.mfc
ERROR: "sphinx_fe.c", line 118: Failed to open /home/lapf/Desktop/TCCtest/Sphinx/wav/constituicao16k/art201g.wav: No such file or directory
INFO: sphinx_fe.c(764): Converting /home/lapf/Desktop/TCCtest/Sphinx/wav/constituicao16k/art201h.wav to /home/lapf/Desktop/TCCtest/Sphinx/feat/constituicao16k/art201h.mfc
ERROR: "sphinx_fe.c", line 118: Failed to open /home/lapf/Desktop/TCCtest/Sphinx/wav/constituicao16k/art201h.wav: No such file or directory
INFO: sphinx_fe.c(764): Converting /home/lapf/Desktop/TCCtest/Sphinx/wav/constituicao16k/art201i.wav to /home/lapf/Desktop/TCCtest/Sphinx/feat/constituicao16k/art201i.mfc
ERROR: "sphinx_fe.c", line 118: Failed to open /home/lapf/Desktop/TCCtest/Sphinx/wav/constituicao16k/art201i.wav: No such file or directory
INFO: sphinx_fe.c(764): Converting /home/lapf/Desktop/TCCtest/Sphinx/wav/constituicao16k/art201j.wav to /home/lapf/Desktop/TCCtest/Sphinx/feat/constituicao16k/art201j.mfc
ERROR: "sphinx_fe.c", line 118: Failed to open /home/lapf/Desktop/TCCtest/Sphinx/wav/constituicao16k/art201j.wav: No such file or directory
INFO: sphinx_fe.c(764): Converting /home/lapf/Desktop/TCCtest/Sphinx/wav/constituicao16k/art202a.wav to /home/lapf/Desktop/TCCtest/Sphinx/feat/constituicao16k/art202a.mfc
ERROR: "sphinx_fe.c", line 118: Failed to open /home/lapf/Desktop/TCCtest/Sphinx/wav/constituicao16k/art202a.wav: No such file or directory
INFO: sphinx_fe.c(764): Converting /home/lapf/Desktop/TCCtest/Sphinx/wav/constituicao16k/art202b.wav to /home/lapf/Desktop/TCCtest/Sphinx/feat/constituicao16k/art202b.mfc
ERROR: "sphinx_fe.c", line 118: Failed to open /home/lapf/Desktop/TCCtest/Sphinx/wav/constituicao16k/art202b.wav: No such file or directory
INFO: sphinx_fe.c(764): Converting /home/lapf/Desktop/TCCtest/Sphinx/wav/constituicao16k/art202c.wav to /home/lapf/Desktop/TCCtest/Sphinx/feat/constituicao16k/art202c.mfc
ERROR: "sphinx_fe.c", line 118: Failed to open /home/lapf/Desktop/TCCtest/Sphinx/wav/constituicao16k/art202c.wav: No such file or directory
INFO: sphinx_fe.c(764): Converting /home/lapf/Desktop/TCCtest/Sphinx/wav/constituicao16k/art202d.wav to /home/lapf/Desktop/TCCtest/Sphinx/feat/constituicao16k/art202d.mfc
ERROR: "sphinx_fe.c", line 118: Failed to open /home/lapf/Desktop/TCCtest/Sphinx/wav/constituicao16k/art202d.wav: No such file or directory
INFO: sphinx_fe.c(764): Converting /home/lapf/Desktop/TCCtest/Sphinx/wav/constituicao16k/art202e.wav to /home/lapf/Desktop/TCCtest/Sphinx/feat/constituicao16k/art202e.mfc
ERROR: "sphinx_fe.c", line 118: Failed to open /home/lapf/Desktop/TCCtest/Sphinx/wav/constituicao16k/art202e.wav: No such file or directory
INFO: sphinx_fe.c(764): Converting /home/lapf/Desktop/TCCtest/Sphinx/wav/constituicao16k/art203a.wav to /home/lapf/Desktop/TCCtest/Sphinx/feat/constituicao16k/art203a.mfc
ERROR: "sphinx_fe.c", line 118: Failed to open /home/lapf/Desktop/TCCtest/Sphinx/wav/constituicao16k/art203a.wav: No such file or directory
INFO: sphinx_fe.c(764): Converting /home/lapf/Desktop/TCCtest/Sphinx/wav/constituicao16k/art203b.wav to /home/lapf/Desktop/TCCtest/Sphinx/feat/constituicao16k/art203b.mfc
ERROR: "sphinx_fe.c", line 118: Failed to open /home/lapf/Desktop/TCCtest/Sphinx/wav/constituicao16k/art203b.wav: No such file or directory
INFO: sphinx_fe.c(764): Converting /home/lapf/Desktop/TCCtest/Sphinx/wav/constituicao16k/art204a.wav to /home/lapf/Desktop/TCCtest/Sphinx/feat/constituicao16k/art204a.mfc
ERROR: "sphinx_fe.c", line 118: Failed to open /home/lapf/Desktop/TCCtest/Sphinx/wav/constituicao16k/art204a.wav: No such file or directory
INFO: sphinx_fe.c(764): Converting /home/lapf/Desktop/TCCtest/Sphinx/wav/constituicao16k/art204b.wav to /home/lapf/Desktop/TCCtest/Sphinx/feat/constituicao16k/art204b.mfc
ERROR: "sphinx_fe.c", line 118: Failed to open /home/lapf/Desktop/TCCtest/Sphinx/wav/constituicao16k/art204b.wav: No such file or directory
INFO: sphinx_fe.c(764): Converting /home/lapf/Desktop/TCCtest/Sphinx/wav/constituicao16k/art204c.wav to /home/lapf/Desktop/TCCtest/Sphinx/feat/constituicao16k/art204c.mfc
ERROR: "sphinx_fe.c", line 118: Failed to open /home/lapf/Desktop/TCCtest/Sphinx/wav/constituicao16k/art204c.wav: No such file or directory
INFO: sphinx_fe.c(764): Converting /home/lapf/Desktop/TCCtest/Sphinx/wav/constituicao16k/art205.wav to /home/lapf/Desktop/TCCtest/Sphinx/feat/constituicao16k/art205.mfc
ERROR: "sphinx_fe.c", line 118: Failed to open /home/lapf/Desktop/TCCtest/Sphinx/wav/constituicao16k/art205.wav: No such file or directory
INFO: sphinx_fe.c(764): Converting /home/lapf/Desktop/TCCtest/Sphinx/wav/constituicao16k/art206a.wav to /home/lapf/Desktop/TCCtest/Sphinx/feat/constituicao16k/art206a.mfc
ERROR: "sphinx_fe.c", line 118: Failed to open /home/lapf/Desktop/TCCtest/Sphinx/wav/constituicao16k/art206a.wav: No such file or directory
INFO: sphinx_fe.c(764): Converting /home/lapf/Desktop/TCCtest/Sphinx/wav/constituicao16k/art206b.wav to /home/lapf/Desktop/TCCtest/Sphinx/feat/constituicao16k/art206b.mfc
ERROR: "sphinx_fe.c", line 118: Failed to open /home/lapf/Desktop/TCCtest/Sphinx/wav/constituicao16k/art206b.wav: No such file or directory
INFO: sphinx_fe.c(764): Converting /home/lapf/Desktop/TCCtest/Sphinx/wav/constituicao16k/art206c.wav to /home/lapf/Desktop/TCCtest/Sphinx/feat/constituicao16k/art206c.mfc
ERROR: "sphinx_fe.c", line 118: Failed to open /home/lapf/Desktop/TCCtest/Sphinx/wav/constituicao16k/art206c.wav: No such file or directory
INFO: sphinx_fe.c(764): Converting /home/lapf/Desktop/TCCtest/Sphinx/wav/constituicao16k/art207.wav to /home/lapf/Desktop/TCCtest/Sphinx/feat/constituicao16k/art207.mfc
ERROR: "sphinx_fe.c", line 118: Failed to open /home/lapf/Desktop/TCCtest/Sphinx/wav/constituicao16k/art207.wav: No such file or directory
INFO: sphinx_fe.c(764): Converting /home/lapf/Desktop/TCCtest/Sphinx/wav/constituicao16k/art208a.wav to /home/lapf/Desktop/TCCtest/Sphinx/feat/constituicao16k/art208a.mfc
ERROR: "sphinx_fe.c", line 118: Failed to open /home/lapf/Desktop/TCCtest/Sphinx/wav/constituicao16k/art208a.wav: No such file or directory
INFO: sphinx_fe.c(764): Converting /home/lapf/Desktop/TCCtest/Sphinx/wav/constituicao16k/art208b.wav to /home/lapf/Desktop/TCCtest/Sphinx/feat/constituicao16k/art208b.mfc
ERROR: "sphinx_fe.c", line 118: Failed to open /home/lapf/Desktop/TCCtest/Sphinx/wav/constituicao16k/art208b.wav: No such file or directory
INFO: sphinx_fe.c(764): Converting /home/lapf/Desktop/TCCtest/Sphinx/wav/constituicao16k/art208c.wav to /home/lapf/Desktop/TCCtest/Sphinx/feat/constituicao16k/art208c.mfc
ERROR: "sphinx_fe.c", line 118: Failed to open /home/lapf/Desktop/TCCtest/Sphinx/wav/constituicao16k/art208c.wav: No such file or directory
INFO: sphinx_fe.c(764): Converting /home/lapf/Desktop/TCCtest/Sphinx/wav/constituicao16k/art208d.wav to /home/lapf/Desktop/TCCtest/Sphinx/feat/constituicao16k/art208d.mfc
ERROR: "sphinx_fe.c", line 118: Failed to open /home/lapf/Desktop/TCCtest/Sphinx/wav/constituicao16k/art208d.wav: No such file or directory
INFO: sphinx_fe.c(764): Converting /home/lapf/Desktop/TCCtest/Sphinx/wav/constituicao16k/art209.wav to /home/lapf/Desktop/TCCtest/Sphinx/feat/constituicao16k/art209.mfc
ERROR: "sphinx_fe.c", line 118: Failed to open /home/lapf/Desktop/TCCtest/Sphinx/wav/constituicao16k/art209.wav: No such file or directory
INFO: sphinx_fe.c(764): Converting /home/lapf/Desktop/TCCtest/Sphinx/wav/constituicao16k/art210.wav to /home/lapf/Desktop/TCCtest/Sphinx/feat/constituicao16k/art210.mfc
ERROR: "sphinx_fe.c", line 118: Failed to open /home/lapf/Desktop/TCCtest/Sphinx/wav/constituicao16k/art210.wav: No such file or directory
INFO: sphinx_fe.c(764): Converting /home/lapf/Desktop/TCCtest/Sphinx/wav/constituicao16k/art211a.wav to /home/lapf/Desktop/TCCtest/Sphinx/feat/constituicao16k/art211a.mfc
ERROR: "sphinx_fe.c", line 118: Failed to open /home/lapf/Desktop/TCCtest/Sphinx/wav/constituicao16k/art211a.wav: No such file or directory
INFO: sphinx_fe.c(764): Converting /home/lapf/Desktop/TCCtest/Sphinx/wav/constituicao16k/art211b.wav to /home/lapf/Desktop/TCCtest/Sphinx/feat/constituicao16k/art211b.mfc
ERROR: "sphinx_fe.c", line 118: Failed to open /home/lapf/Desktop/TCCtest/Sphinx/wav/constituicao16k/art211b.wav: No such file or directory
INFO: sphinx_fe.c(764): Converting /home/lapf/Desktop/TCCtest/Sphinx/wav/constituicao16k/art211c.wav to /home/lapf/Desktop/TCCtest/Sphinx/feat/constituicao16k/art211c.mfc
ERROR: "sphinx_fe.c", line 118: Failed to open /home/lapf/Desktop/TCCtest/Sphinx/wav/constituicao16k/art211c.wav: No such file or directory
INFO: sphinx_fe.c(764): Converting /home/lapf/Desktop/TCCtest/Sphinx/wav/constituicao16k/art212a.wav to /home/lapf/Desktop/TCCtest/Sphinx/feat/constituicao16k/art212a.mfc
ERROR: "sphinx_fe.c", line 118: Failed to open /home/lapf/Desktop/TCCtest/Sphinx/wav/constituicao16k/art212a.wav: No such file or directory
INFO: sphinx_fe.c(764): Converting /home/lapf/Desktop/TCCtest/Sphinx/wav/constituicao16k/art212b.wav to /home/lapf/Desktop/TCCtest/Sphinx/feat/constituicao16k/art212b.mfc
ERROR: "sphinx_fe.c", line 118: Failed to open /home/lapf/Desktop/TCCtest/Sphinx/wav/constituicao16k/art212b.wav: No such file or directory
INFO: sphinx_fe.c(764): Converting /home/lapf/Desktop/TCCtest/Sphinx/wav/constituicao16k/art212c.wav to /home/lapf/Desktop/TCCtest/Sphinx/feat/constituicao16k/art212c.mfc
ERROR: "sphinx_fe.c", line 118: Failed to open /home/lapf/Desktop/TCCtest/Sphinx/wav/constituicao16k/art212c.wav: No such file or directory
INFO: sphinx_fe.c(764): Converting /home/lapf/Desktop/TCCtest/Sphinx/wav/constituicao16k/art212d.wav to /home/lapf/Desktop/TCCtest/Sphinx/feat/constituicao16k/art212d.mfc
ERROR: "sphinx_fe.c", line 118: Failed to open /home/lapf/Desktop/TCCtest/Sphinx/wav/constituicao16k/art212d.wav: No such file or directory
INFO: sphinx_fe.c(764): Converting /home/lapf/Desktop/TCCtest/Sphinx/wav/constituicao16k/art213a.wav to /home/lapf/Desktop/TCCtest/Sphinx/feat/constituicao16k/art213a.mfc
ERROR: "sphinx_fe.c", line 118: Failed to open /home/lapf/Desktop/TCCtest/Sphinx/wav/constituicao16k/art213a.wav: No such file or directory
INFO: sphinx_fe.c(764): Converting /home/lapf/Desktop/TCCtest/Sphinx/wav/constituicao16k/art213b.wav to /home/lapf/Desktop/TCCtest/Sphinx/feat/constituicao16k/art213b.mfc
ERROR: "sphinx_fe.c", line 118: Failed to open /home/lapf/Desktop/TCCtest/Sphinx/wav/constituicao16k/art213b.wav: No such file or directory
INFO: sphinx_fe.c(764): Converting /home/lapf/Desktop/TCCtest/Sphinx/wav/constituicao16k/art214a.wav to /home/lapf/Desktop/TCCtest/Sphinx/feat/constituicao16k/art214a.mfc
ERROR: "sphinx_fe.c", line 118: Failed to open /home/lapf/Desktop/TCCtest/Sphinx/wav/constituicao16k/art214a.wav: No such file or directory
INFO: sphinx_fe.c(764): Converting /home/lapf/Desktop/TCCtest/Sphinx/wav/constituicao16k/art214b.wav to /home/lapf/Desktop/TCCtest/Sphinx/feat/constituicao16k/art214b.mfc
ERROR: "sphinx_fe.c", line 118: Failed to open /home/lapf/Desktop/TCCtest/Sphinx/wav/constituicao16k/art214b.wav: No such file or directory
INFO: sphinx_fe.c(764): Converting /home/lapf/Desktop/TCCtest/Sphinx/wav/constituicao16k/art215a.wav to /home/lapf/Desktop/TCCtest/Sphinx/feat/constituicao16k/art215a.mfc
ERROR: "sphinx_fe.c", line 118: Failed to open /home/lapf/Desktop/TCCtest/Sphinx/wav/constituicao16k/art215a.wav: No such file or directory
INFO: sphinx_fe.c(764): Converting /home/lapf/Desktop/TCCtest/Sphinx/wav/constituicao16k/art215b.wav to /home/lapf/Desktop/TCCtest/Sphinx/feat/constituicao16k/art215b.mfc
ERROR: "sphinx_fe.c", line 118: Failed to open /home/lapf/Desktop/TCCtest/Sphinx/wav/constituicao16k/art215b.wav: No such file or directory
INFO: sphinx_fe.c(764): Converting /home/lapf/Desktop/TCCtest/Sphinx/wav/constituicao16k/art215c.wav to /home/lapf/Desktop/TCCtest/Sphinx/feat/constituicao16k/art215c.mfc
ERROR: "sphinx_fe.c", line 118: Failed to open /home/lapf/Desktop/TCCtest/Sphinx/wav/constituicao16k/art215c.wav: No such file or directory
INFO: sphinx_fe.c(764): Converting /home/lapf/Desktop/TCCtest/Sphinx/wav/constituicao16k/art216a.wav to /home/lapf/Desktop/TCCtest/Sphinx/feat/constituicao16k/art216a.mfc
ERROR: "sphinx_fe.c", line 118: Failed to open /home/lapf/Desktop/TCCtest/Sphinx/wav/constituicao16k/art216a.wav: No such file or directory
INFO: sphinx_fe.c(764): Converting /home/lapf/Desktop/TCCtest/Sphinx/wav/constituicao16k/art216b.wav to /home/lapf/Desktop/TCCtest/Sphinx/feat/constituicao16k/art216b.mfc
ERROR: "sphinx_fe.c", line 118: Failed to open /home/lapf/Desktop/TCCtest/Sphinx/wav/constituicao16k/art216b.wav: No such file or directory
INFO: sphinx_fe.c(764): Converting /home/lapf/Desktop/TCCtest/Sphinx/wav/constituicao16k/art216c.wav to /home/lapf/Desktop/TCCtest/Sphinx/feat/constituicao16k/art216c.mfc
ERROR: "sphinx_fe.c", line 118: Failed to open /home/lapf/Desktop/TCCtest/Sphinx/wav/constituicao16k/art216c.wav: No such file or directory
INFO: sphinx_fe.c(764): Converting /home/lapf/Desktop/TCCtest/Sphinx/wav/constituicao16k/art216d.wav to /home/lapf/Desktop/TCCtest/Sphinx/feat/constituicao16k/art216d.mfc
ERROR: "sphinx_fe.c", line 118: Failed to open /home/lapf/Desktop/TCCtest/Sphinx/wav/constituicao16k/art216d.wav: No such file or directory
INFO: sphinx_fe.c(764): Converting /home/lapf/Desktop/TCCtest/Sphinx/wav/constituicao16k/art216e.wav to /home/lapf/Desktop/TCCtest/Sphinx/feat/constituicao16k/art216e.mfc
ERROR: "sphinx_fe.c", line 118: Failed to open /home/lapf/Desktop/TCCtest/Sphinx/wav/constituicao16k/art216e.wav: No such file or directory
INFO: sphinx_fe.c(764): Converting /home/lapf/Desktop/TCCtest/Sphinx/wav/constituicao16k/art217a.wav to /home/lapf/Desktop/TCCtest/Sphinx/feat/constituicao16k/art217a.mfc
ERROR: "sphinx_fe.c", line 118: Failed to open /home/lapf/Desktop/TCCtest/Sphinx/wav/constituicao16k/art217a.wav: No such file or directory
INFO: sphinx_fe.c(764): Converting /home/lapf/Desktop/TCCtest/Sphinx/wav/constituicao16k/art217b.wav to /home/lapf/Desktop/TCCtest/Sphinx/feat/constituicao16k/art217b.mfc
ERROR: "sphinx_fe.c", line 118: Failed to open /home/lapf/Desktop/TCCtest/Sphinx/wav/constituicao16k/art217b.wav: No such file or directory
INFO: sphinx_fe.c(764): Converting /home/lapf/Desktop/TCCtest/Sphinx/wav/constituicao16k/art217c.wav to /home/lapf/Desktop/TCCtest/Sphinx/feat/constituicao16k/art217c.mfc
ERROR: "sphinx_fe.c", line 118: Failed to open /home/lapf/Desktop/TCCtest/Sphinx/wav/constituicao16k/art217c.wav: No such file or directory
INFO: sphinx_fe.c(764): Converting /home/lapf/Desktop/TCCtest/Sphinx/wav/constituicao16k/art218a.wav to /home/lapf/Desktop/TCCtest/Sphinx/feat/constituicao16k/art218a.mfc
ERROR: "sphinx_fe.c", line 118: Failed to open /home/lapf/Desktop/TCCtest/Sphinx/wav/constituicao16k/art218a.wav: No such file or directory
INFO: sphinx_fe.c(764): Converting /home/lapf/Desktop/TCCtest/Sphinx/wav/constituicao16k/art218b.wav to /home/lapf/Desktop/TCCtest/Sphinx/feat/constituicao16k/art218b.mfc
ERROR: "sphinx_fe.c", line 118: Failed to open /home/lapf/Desktop/TCCtest/Sphinx/wav/constituicao16k/art218b.wav: No such file or directory
INFO: sphinx_fe.c(764): Converting /home/lapf/Desktop/TCCtest/Sphinx/wav/constituicao16k/art218c.wav to /home/lapf/Desktop/TCCtest/Sphinx/feat/constituicao16k/art218c.mfc
ERROR: "sphinx_fe.c", line 118: Failed to open /home/lapf/Desktop/TCCtest/Sphinx/wav/constituicao16k/art218c.wav: No such file or directory
INFO: sphinx_fe.c(764): Converting /home/lapf/Desktop/TCCtest/Sphinx/wav/constituicao16k/art219.wav to /home/lapf/Desktop/TCCtest/Sphinx/feat/constituicao16k/art219.mfc
ERROR: "sphinx_fe.c", line 118: Failed to open /home/lapf/Desktop/TCCtest/Sphinx/wav/constituicao16k/art219.wav: No such file or directory
INFO: sphinx_fe.c(764): Converting /home/lapf/Desktop/TCCtest/Sphinx/wav/constituicao16k/art220a.wav to /home/lapf/Desktop/TCCtest/Sphinx/feat/constituicao16k/art220a.mfc
ERROR: "sphinx_fe.c", line 118: Failed to open /home/lapf/Desktop/TCCtest/Sphinx/wav/constituicao16k/art220a.wav: No such file or directory
INFO: sphinx_fe.c(764): Converting /home/lapf/Desktop/TCCtest/Sphinx/wav/constituicao16k/art220b.wav to /home/lapf/Desktop/TCCtest/Sphinx/feat/constituicao16k/art220b.mfc
ERROR: "sphinx_fe.c", line 118: Failed to open /home/lapf/Desktop/TCCtest/Sphinx/wav/constituicao16k/art220b.wav: No such file or directory
INFO: sphinx_fe.c(764): Converting /home/lapf/Desktop/TCCtest/Sphinx/wav/constituicao16k/art220c.wav to /home/lapf/Desktop/TCCtest/Sphinx/feat/constituicao16k/art220c.mfc
ERROR: "sphinx_fe.c", line 118: Failed to open /home/lapf/Desktop/TCCtest/Sphinx/wav/constituicao16k/art220c.wav: No such file or directory
INFO: sphinx_fe.c(764): Converting /home/lapf/Desktop/TCCtest/Sphinx/wav/constituicao16k/art220d.wav to /home/lapf/Desktop/TCCtest/Sphinx/feat/constituicao16k/art220d.mfc
ERROR: "sphinx_fe.c", line 118: Failed to open /home/lapf/Desktop/TCCtest/Sphinx/wav/constituicao16k/art220d.wav: No such file or directory
INFO: sphinx_fe.c(764): Converting /home/lapf/Desktop/TCCtest/Sphinx/wav/constituicao16k/art221a.wav to /home/lapf/Desktop/TCCtest/Sphinx/feat/constituicao16k/art221a.mfc
ERROR: "sphinx_fe.c", line 118: Failed to open /home/lapf/Desktop/TCCtest/Sphinx/wav/constituicao16k/art221a.wav: No such file or directory
INFO: sphinx_fe.c(764): Converting /home/lapf/Desktop/TCCtest/Sphinx/wav/constituicao16k/art221b.wav to /home/lapf/Desktop/TCCtest/Sphinx/feat/constituicao16k/art221b.mfc
ERROR: "sphinx_fe.c", line 118: Failed to open /home/lapf/Desktop/TCCtest/Sphinx/wav/constituicao16k/art221b.wav: No such file or directory
INFO: sphinx_fe.c(764): Converting /home/lapf/Desktop/TCCtest/Sphinx/wav/constituicao16k/art222a.wav to /home/lapf/Desktop/TCCtest/Sphinx/feat/constituicao16k/art222a.mfc
ERROR: "sphinx_fe.c", line 118: Failed to open /home/lapf/Desktop/TCCtest/Sphinx/wav/constituicao16k/art222a.wav: No such file or directory
INFO: sphinx_fe.c(764): Converting /home/lapf/Desktop/TCCtest/Sphinx/wav/constituicao16k/art222b.wav to /home/lapf/Desktop/TCCtest/Sphinx/feat/constituicao16k/art222b.mfc
ERROR: "sphinx_fe.c", line 118: Failed to open /home/lapf/Desktop/TCCtest/Sphinx/wav/constituicao16k/art222b.wav: No such file or directory
INFO: sphinx_fe.c(764): Converting /home/lapf/Desktop/TCCtest/Sphinx/wav/constituicao16k/art222c.wav to /home/lapf/Desktop/TCCtest/Sphinx/feat/constituicao16k/art222c.mfc
ERROR: "sphinx_fe.c", line 118: Failed to open /home/lapf/Desktop/TCCtest/Sphinx/wav/constituicao16k/art222c.wav: No such file or directory
INFO: sphinx_fe.c(764): Converting /home/lapf/Desktop/TCCtest/Sphinx/wav/constituicao16k/art223a.wav to /home/lapf/Desktop/TCCtest/Sphinx/feat/constituicao16k/art223a.mfc
ERROR: "sphinx_fe.c", line 118: Failed to open /home/lapf/Desktop/TCCtest/Sphinx/wav/constituicao16k/art223a.wav: No such file or directory
INFO: sphinx_fe.c(764): Converting /home/lapf/Desktop/TCCtest/Sphinx/wav/constituicao16k/art223b.wav to /home/lapf/Desktop/TCCtest/Sphinx/feat/constituicao16k/art223b.mfc
ERROR: "sphinx_fe.c", line 118: Failed to open /home/lapf/Desktop/TCCtest/Sphinx/wav/constituicao16k/art223b.wav: No such file or directory
INFO: sphinx_fe.c(764): Converting /home/lapf/Desktop/TCCtest/Sphinx/wav/constituicao16k/art223c.wav to /home/lapf/Desktop/TCCtest/Sphinx/feat/constituicao16k/art223c.mfc
ERROR: "sphinx_fe.c", line 118: Failed to open /home/lapf/Desktop/TCCtest/Sphinx/wav/constituicao16k/art223c.wav: No such file or directory
INFO: sphinx_fe.c(764): Converting /home/lapf/Desktop/TCCtest/Sphinx/wav/constituicao16k/art224.wav to /home/lapf/Desktop/TCCtest/Sphinx/feat/constituicao16k/art224.mfc
ERROR: "sphinx_fe.c", line 118: Failed to open /home/lapf/Desktop/TCCtest/Sphinx/wav/constituicao16k/art224.wav: No such file or directory
INFO: sphinx_fe.c(764): Converting /home/lapf/Desktop/TCCtest/Sphinx/wav/constituicao16k/art225a.wav to /home/lapf/Desktop/TCCtest/Sphinx/feat/constituicao16k/art225a.mfc
ERROR: "sphinx_fe.c", line 118: Failed to open /home/lapf/Desktop/TCCtest/Sphinx/wav/constituicao16k/art225a.wav: No such file or directory
INFO: sphinx_fe.c(764): Converting /home/lapf/Desktop/TCCtest/Sphinx/wav/constituicao16k/art225b.wav to /home/lapf/Desktop/TCCtest/Sphinx/feat/constituicao16k/art225b.mfc
ERROR: "sphinx_fe.c", line 118: Failed to open /home/lapf/Desktop/TCCtest/Sphinx/wav/constituicao16k/art225b.wav: No such file or directory
INFO: sphinx_fe.c(764): Converting /home/lapf/Desktop/TCCtest/Sphinx/wav/constituicao16k/art225c.wav to /home/lapf/Desktop/TCCtest/Sphinx/feat/constituicao16k/art225c.mfc
ERROR: "sphinx_fe.c", line 118: Failed to open /home/lapf/Desktop/TCCtest/Sphinx/wav/constituicao16k/art225c.wav: No such file or directory
INFO: sphinx_fe.c(764): Converting /home/lapf/Desktop/TCCtest/Sphinx/wav/constituicao16k/art225d.wav to /home/lapf/Desktop/TCCtest/Sphinx/feat/constituicao16k/art225d.mfc
ERROR: "sphinx_fe.c", line 118: Failed to open /home/lapf/Desktop/TCCtest/Sphinx/wav/constituicao16k/art225d.wav: No such file or directory
INFO: sphinx_fe.c(764): Converting /home/lapf/Desktop/TCCtest/Sphinx/wav/constituicao16k/art225e.wav to /home/lapf/Desktop/TCCtest/Sphinx/feat/constituicao16k/art225e.mfc
ERROR: "sphinx_fe.c", line 118: Failed to open /home/lapf/Desktop/TCCtest/Sphinx/wav/constituicao16k/art225e.wav: No such file or directory
INFO: sphinx_fe.c(764): Converting /home/lapf/Desktop/TCCtest/Sphinx/wav/constituicao16k/art225f.wav to /home/lapf/Desktop/TCCtest/Sphinx/feat/constituicao16k/art225f.mfc
ERROR: "sphinx_fe.c", line 118: Failed to open /home/lapf/Desktop/TCCtest/Sphinx/wav/constituicao16k/art225f.wav: No such file or directory
INFO: sphinx_fe.c(764): Converting /home/lapf/Desktop/TCCtest/Sphinx/wav/constituicao16k/art225g.wav to /home/lapf/Desktop/TCCtest/Sphinx/feat/constituicao16k/art225g.mfc
ERROR: "sphinx_fe.c", line 118: Failed to open /home/lapf/Desktop/TCCtest/Sphinx/wav/constituicao16k/art225g.wav: No such file or directory
INFO: sphinx_fe.c(764): Converting /home/lapf/Desktop/TCCtest/Sphinx/wav/constituicao16k/art226a.wav to /home/lapf/Desktop/TCCtest/Sphinx/feat/constituicao16k/art226a.mfc
ERROR: "sphinx_fe.c", line 118: Failed to open /home/lapf/Desktop/TCCtest/Sphinx/wav/constituicao16k/art226a.wav: No such file or directory
INFO: sphinx_fe.c(764): Converting /home/lapf/Desktop/TCCtest/Sphinx/wav/constituicao16k/art226b.wav to /home/lapf/Desktop/TCCtest/Sphinx/feat/constituicao16k/art226b.mfc
ERROR: "sphinx_fe.c", line 118: Failed to open /home/lapf/Desktop/TCCtest/Sphinx/wav/constituicao16k/art226b.wav: No such file or directory
INFO: sphinx_fe.c(764): Converting /home/lapf/Desktop/TCCtest/Sphinx/wav/constituicao16k/art226c.wav to /home/lapf/Desktop/TCCtest/Sphinx/feat/constituicao16k/art226c.mfc
ERROR: "sphinx_fe.c", line 118: Failed to open /home/lapf/Desktop/TCCtest/Sphinx/wav/constituicao16k/art226c.wav: No such file or directory
INFO: sphinx_fe.c(764): Converting /home/lapf/Desktop/TCCtest/Sphinx/wav/constituicao16k/art226d.wav to /home/lapf/Desktop/TCCtest/Sphinx/feat/constituicao16k/art226d.mfc
ERROR: "sphinx_fe.c", line 118: Failed to open /home/lapf/Desktop/TCCtest/Sphinx/wav/constituicao16k/art226d.wav: No such file or directory
INFO: sphinx_fe.c(764): Converting /home/lapf/Desktop/TCCtest/Sphinx/wav/constituicao16k/art227a.wav to /home/lapf/Desktop/TCCtest/Sphinx/feat/constituicao16k/art227a.mfc
ERROR: "sphinx_fe.c", line 118: Failed to open /home/lapf/Desktop/TCCtest/Sphinx/wav/constituicao16k/art227a.wav: No such file or directory
INFO: sphinx_fe.c(764): Converting /home/lapf/Desktop/TCCtest/Sphinx/wav/constituicao16k/art227b.wav to /home/lapf/Desktop/TCCtest/Sphinx/feat/constituicao16k/art227b.mfc
ERROR: "sphinx_fe.c", line 118: Failed to open /home/lapf/Desktop/TCCtest/Sphinx/wav/constituicao16k/art227b.wav: No such file or directory
INFO: sphinx_fe.c(764): Converting /home/lapf/Desktop/TCCtest/Sphinx/wav/constituicao16k/art227c.wav to /home/lapf/Desktop/TCCtest/Sphinx/feat/constituicao16k/art227c.mfc
ERROR: "sphinx_fe.c", line 118: Failed to open /home/lapf/Desktop/TCCtest/Sphinx/wav/constituicao16k/art227c.wav: No such file or directory
INFO: sphinx_fe.c(764): Converting /home/lapf/Desktop/TCCtest/Sphinx/wav/constituicao16k/art227d.wav to /home/lapf/Desktop/TCCtest/Sphinx/feat/constituicao16k/art227d.mfc
ERROR: "sphinx_fe.c", line 118: Failed to open /home/lapf/Desktop/TCCtest/Sphinx/wav/constituicao16k/art227d.wav: No such file or directory
INFO: sphinx_fe.c(764): Converting /home/lapf/Desktop/TCCtest/Sphinx/wav/constituicao16k/art227e.wav to /home/lapf/Desktop/TCCtest/Sphinx/feat/constituicao16k/art227e.mfc
ERROR: "sphinx_fe.c", line 118: Failed to open /home/lapf/Desktop/TCCtest/Sphinx/wav/constituicao16k/art227e.wav: No such file or directory
INFO: sphinx_fe.c(764): Converting /home/lapf/Desktop/TCCtest/Sphinx/wav/constituicao16k/art227f.wav to /home/lapf/Desktop/TCCtest/Sphinx/feat/constituicao16k/art227f.mfc
ERROR: "sphinx_fe.c", line 118: Failed to open /home/lapf/Desktop/TCCtest/Sphinx/wav/constituicao16k/art227f.wav: No such file or directory
INFO: sphinx_fe.c(764): Converting /home/lapf/Desktop/TCCtest/Sphinx/wav/constituicao16k/art227g.wav to /home/lapf/Desktop/TCCtest/Sphinx/feat/constituicao16k/art227g.mfc
ERROR: "sphinx_fe.c", line 118: Failed to open /home/lapf/Desktop/TCCtest/Sphinx/wav/constituicao16k/art227g.wav: No such file or directory
INFO: sphinx_fe.c(764): Converting /home/lapf/Desktop/TCCtest/Sphinx/wav/constituicao16k/art228.wav to /home/lapf/Desktop/TCCtest/Sphinx/feat/constituicao16k/art228.mfc
ERROR: "sphinx_fe.c", line 118: Failed to open /home/lapf/Desktop/TCCtest/Sphinx/wav/constituicao16k/art228.wav: No such file or directory
INFO: sphinx_fe.c(764): Converting /home/lapf/Desktop/TCCtest/Sphinx/wav/constituicao16k/art229.wav to /home/lapf/Desktop/TCCtest/Sphinx/feat/constituicao16k/art229.mfc
ERROR: "sphinx_fe.c", line 118: Failed to open /home/lapf/Desktop/TCCtest/Sphinx/wav/constituicao16k/art229.wav: No such file or directory
INFO: sphinx_fe.c(764): Converting /home/lapf/Desktop/TCCtest/Sphinx/wav/constituicao16k/art230.wav to /home/lapf/Desktop/TCCtest/Sphinx/feat/constituicao16k/art230.mfc
ERROR: "sphinx_fe.c", line 118: Failed to open /home/lapf/Desktop/TCCtest/Sphinx/wav/constituicao16k/art230.wav: No such file or directory
INFO: sphinx_fe.c(764): Converting /home/lapf/Desktop/TCCtest/Sphinx/wav/constituicao16k/art231a.wav to /home/lapf/Desktop/TCCtest/Sphinx/feat/constituicao16k/art231a.mfc
ERROR: "sphinx_fe.c", line 118: Failed to open /home/lapf/Desktop/TCCtest/Sphinx/wav/constituicao16k/art231a.wav: No such file or directory
INFO: sphinx_fe.c(764): Converting /home/lapf/Desktop/TCCtest/Sphinx/wav/constituicao16k/art231b.wav to /home/lapf/Desktop/TCCtest/Sphinx/feat/constituicao16k/art231b.mfc
ERROR: "sphinx_fe.c", line 118: Failed to open /home/lapf/Desktop/TCCtest/Sphinx/wav/constituicao16k/art231b.wav: No such file or directory
INFO: sphinx_fe.c(764): Converting /home/lapf/Desktop/TCCtest/Sphinx/wav/constituicao16k/art231c.wav to /home/lapf/Desktop/TCCtest/Sphinx/feat/constituicao16k/art231c.mfc
ERROR: "sphinx_fe.c", line 118: Failed to open /home/lapf/Desktop/TCCtest/Sphinx/wav/constituicao16k/art231c.wav: No such file or directory
INFO: sphinx_fe.c(764): Converting /home/lapf/Desktop/TCCtest/Sphinx/wav/constituicao16k/art231d.wav to /home/lapf/Desktop/TCCtest/Sphinx/feat/constituicao16k/art231d.mfc
ERROR: "sphinx_fe.c", line 118: Failed to open /home/lapf/Desktop/TCCtest/Sphinx/wav/constituicao16k/art231d.wav: No such file or directory
INFO: sphinx_fe.c(764): Converting /home/lapf/Desktop/TCCtest/Sphinx/wav/constituicao16k/art231e.wav to /home/lapf/Desktop/TCCtest/Sphinx/feat/constituicao16k/art231e.mfc
ERROR: "sphinx_fe.c", line 118: Failed to open /home/lapf/Desktop/TCCtest/Sphinx/wav/constituicao16k/art231e.wav: No such file or directory
INFO: sphinx_fe.c(764): Converting /home/lapf/Desktop/TCCtest/Sphinx/wav/constituicao16k/art231f.wav to /home/lapf/Desktop/TCCtest/Sphinx/feat/constituicao16k/art231f.mfc
ERROR: "sphinx_fe.c", line 118: Failed to open /home/lapf/Desktop/TCCtest/Sphinx/wav/constituicao16k/art231f.wav: No such file or directory
INFO: sphinx_fe.c(764): Converting /home/lapf/Desktop/TCCtest/Sphinx/wav/constituicao16k/art231g.wav to /home/lapf/Desktop/TCCtest/Sphinx/feat/constituicao16k/art231g.mfc
ERROR: "sphinx_fe.c", line 118: Failed to open /home/lapf/Desktop/TCCtest/Sphinx/wav/constituicao16k/art231g.wav: No such file or directory
INFO: sphinx_fe.c(764): Converting /home/lapf/Desktop/TCCtest/Sphinx/wav/constituicao16k/art232.wav to /home/lapf/Desktop/TCCtest/Sphinx/feat/constituicao16k/art232.mfc
ERROR: "sphinx_fe.c", line 118: Failed to open /home/lapf/Desktop/TCCtest/Sphinx/wav/constituicao16k/art232.wav: No such file or directory
INFO: sphinx_fe.c(764): Converting /home/lapf/Desktop/TCCtest/Sphinx/wav/constituicao16k/art233.wav to /home/lapf/Desktop/TCCtest/Sphinx/feat/constituicao16k/art233.mfc
ERROR: "sphinx_fe.c", line 118: Failed to open /home/lapf/Desktop/TCCtest/Sphinx/wav/constituicao16k/art233.wav: No such file or directory
INFO: sphinx_fe.c(764): Converting /home/lapf/Desktop/TCCtest/Sphinx/wav/constituicao16k/art234.wav to /home/lapf/Desktop/TCCtest/Sphinx/feat/constituicao16k/art234.mfc
ERROR: "sphinx_fe.c", line 118: Failed to open /home/lapf/Desktop/TCCtest/Sphinx/wav/constituicao16k/art234.wav: No such file or directory
INFO: sphinx_fe.c(764): Converting /home/lapf/Desktop/TCCtest/Sphinx/wav/constituicao16k/art235a.wav to /home/lapf/Desktop/TCCtest/Sphinx/feat/constituicao16k/art235a.mfc
ERROR: "sphinx_fe.c", line 118: Failed to open /home/lapf/Desktop/TCCtest/Sphinx/wav/constituicao16k/art235a.wav: No such file or directory
INFO: sphinx_fe.c(764): Converting /home/lapf/Desktop/TCCtest/Sphinx/wav/constituicao16k/art235b.wav to /home/lapf/Desktop/TCCtest/Sphinx/feat/constituicao16k/art235b.mfc
ERROR: "sphinx_fe.c", line 118: Failed to open /home/lapf/Desktop/TCCtest/Sphinx/wav/constituicao16k/art235b.wav: No such file or directory
INFO: sphinx_fe.c(764): Converting /home/lapf/Desktop/TCCtest/Sphinx/wav/constituicao16k/art235c.wav to /home/lapf/Desktop/TCCtest/Sphinx/feat/constituicao16k/art235c.mfc
ERROR: "sphinx_fe.c", line 118: Failed to open /home/lapf/Desktop/TCCtest/Sphinx/wav/constituicao16k/art235c.wav: No such file or directory
INFO: sphinx_fe.c(764): Converting /home/lapf/Desktop/TCCtest/Sphinx/wav/constituicao16k/art235d.wav to /home/lapf/Desktop/TCCtest/Sphinx/feat/constituicao16k/art235d.mfc
ERROR: "sphinx_fe.c", line 118: Failed to open /home/lapf/Desktop/TCCtest/Sphinx/wav/constituicao16k/art235d.wav: No such file or directory
INFO: sphinx_fe.c(764): Converting /home/lapf/Desktop/TCCtest/Sphinx/wav/constituicao16k/art235e.wav to /home/lapf/Desktop/TCCtest/Sphinx/feat/constituicao16k/art235e.mfc
ERROR: "sphinx_fe.c", line 118: Failed to open /home/lapf/Desktop/TCCtest/Sphinx/wav/constituicao16k/art235e.wav: No such file or directory
INFO: sphinx_fe.c(764): Converting /home/lapf/Desktop/TCCtest/Sphinx/wav/constituicao16k/art235f.wav to /home/lapf/Desktop/TCCtest/Sphinx/feat/constituicao16k/art235f.mfc
ERROR: "sphinx_fe.c", line 118: Failed to open /home/lapf/Desktop/TCCtest/Sphinx/wav/constituicao16k/art235f.wav: No such file or directory
INFO: sphinx_fe.c(764): Converting /home/lapf/Desktop/TCCtest/Sphinx/wav/constituicao16k/art236a.wav to /home/lapf/Desktop/TCCtest/Sphinx/feat/constituicao16k/art236a.mfc
ERROR: "sphinx_fe.c", line 118: Failed to open /home/lapf/Desktop/TCCtest/Sphinx/wav/constituicao16k/art236a.wav: No such file or directory
INFO: sphinx_fe.c(764): Converting /home/lapf/Desktop/TCCtest/Sphinx/wav/constituicao16k/art236b.wav to /home/lapf/Desktop/TCCtest/Sphinx/feat/constituicao16k/art236b.mfc
ERROR: "sphinx_fe.c", line 118: Failed to open /home/lapf/Desktop/TCCtest/Sphinx/wav/constituicao16k/art236b.wav: No such file or directory
INFO: sphinx_fe.c(764): Converting /home/lapf/Desktop/TCCtest/Sphinx/wav/constituicao16k/art237.wav to /home/lapf/Desktop/TCCtest/Sphinx/feat/constituicao16k/art237.mfc
ERROR: "sphinx_fe.c", line 118: Failed to open /home/lapf/Desktop/TCCtest/Sphinx/wav/constituicao16k/art237.wav: No such file or directory
INFO: sphinx_fe.c(764): Converting /home/lapf/Desktop/TCCtest/Sphinx/wav/constituicao16k/art238.wav to /home/lapf/Desktop/TCCtest/Sphinx/feat/constituicao16k/art238.mfc
ERROR: "sphinx_fe.c", line 118: Failed to open /home/lapf/Desktop/TCCtest/Sphinx/wav/constituicao16k/art238.wav: No such file or directory
INFO: sphinx_fe.c(764): Converting /home/lapf/Desktop/TCCtest/Sphinx/wav/constituicao16k/art239a.wav to /home/lapf/Desktop/TCCtest/Sphinx/feat/constituicao16k/art239a.mfc
ERROR: "sphinx_fe.c", line 118: Failed to open /home/lapf/Desktop/TCCtest/Sphinx/wav/constituicao16k/art239a.wav: No such file or directory
INFO: sphinx_fe.c(764): Converting /home/lapf/Desktop/TCCtest/Sphinx/wav/constituicao16k/art239b.wav to /home/lapf/Desktop/TCCtest/Sphinx/feat/constituicao16k/art239b.mfc
ERROR: "sphinx_fe.c", line 118: Failed to open /home/lapf/Desktop/TCCtest/Sphinx/wav/constituicao16k/art239b.wav: No such file or directory
INFO: sphinx_fe.c(764): Converting /home/lapf/Desktop/TCCtest/Sphinx/wav/constituicao16k/art239c.wav to /home/lapf/Desktop/TCCtest/Sphinx/feat/constituicao16k/art239c.mfc
ERROR: "sphinx_fe.c", line 118: Failed to open /home/lapf/Desktop/TCCtest/Sphinx/wav/constituicao16k/art239c.wav: No such file or directory
INFO: sphinx_fe.c(764): Converting /home/lapf/Desktop/TCCtest/Sphinx/wav/constituicao16k/art239d.wav to /home/lapf/Desktop/TCCtest/Sphinx/feat/constituicao16k/art239d.mfc
ERROR: "sphinx_fe.c", line 118: Failed to open /home/lapf/Desktop/TCCtest/Sphinx/wav/constituicao16k/art239d.wav: No such file or directory
INFO: sphinx_fe.c(764): Converting /home/lapf/Desktop/TCCtest/Sphinx/wav/constituicao16k/art240.wav to /home/lapf/Desktop/TCCtest/Sphinx/feat/constituicao16k/art240.mfc
ERROR: "sphinx_fe.c", line 118: Failed to open /home/lapf/Desktop/TCCtest/Sphinx/wav/constituicao16k/art240.wav: No such file or directory
INFO: sphinx_fe.c(764): Converting /home/lapf/Desktop/TCCtest/Sphinx/wav/constituicao16k/art241.wav to /home/lapf/Desktop/TCCtest/Sphinx/feat/constituicao16k/art241.mfc
ERROR: "sphinx_fe.c", line 118: Failed to open /home/lapf/Desktop/TCCtest/Sphinx/wav/constituicao16k/art241.wav: No such file or directory
INFO: sphinx_fe.c(764): Converting /home/lapf/Desktop/TCCtest/Sphinx/wav/constituicao16k/art242a.wav to /home/lapf/Desktop/TCCtest/Sphinx/feat/constituicao16k/art242a.mfc
ERROR: "sphinx_fe.c", line 118: Failed to open /home/lapf/Desktop/TCCtest/Sphinx/wav/constituicao16k/art242a.wav: No such file or directory
INFO: sphinx_fe.c(764): Converting /home/lapf/Desktop/TCCtest/Sphinx/wav/constituicao16k/art242b.wav to /home/lapf/Desktop/TCCtest/Sphinx/feat/constituicao16k/art242b.mfc
ERROR: "sphinx_fe.c", line 118: Failed to open /home/lapf/Desktop/TCCtest/Sphinx/wav/constituicao16k/art242b.wav: No such file or directory
INFO: sphinx_fe.c(764): Converting /home/lapf/Desktop/TCCtest/Sphinx/wav/constituicao16k/art243a.wav to /home/lapf/Desktop/TCCtest/Sphinx/feat/constituicao16k/art243a.mfc
ERROR: "sphinx_fe.c", line 118: Failed to open /home/lapf/Desktop/TCCtest/Sphinx/wav/constituicao16k/art243a.wav: No such file or directory
INFO: sphinx_fe.c(764): Converting /home/lapf/Desktop/TCCtest/Sphinx/wav/constituicao16k/art243b.wav to /home/lapf/Desktop/TCCtest/Sphinx/feat/constituicao16k/art243b.mfc
ERROR: "sphinx_fe.c", line 118: Failed to open /home/lapf/Desktop/TCCtest/Sphinx/wav/constituicao16k/art243b.wav: No such file or directory
INFO: sphinx_fe.c(764): Converting /home/lapf/Desktop/TCCtest/Sphinx/wav/constituicao16k/art244.wav to /home/lapf/Desktop/TCCtest/Sphinx/feat/constituicao16k/art244.mfc
ERROR: "sphinx_fe.c", line 118: Failed to open /home/lapf/Desktop/TCCtest/Sphinx/wav/constituicao16k/art244.wav: No such file or directory
INFO: sphinx_fe.c(764): Converting /home/lapf/Desktop/TCCtest/Sphinx/wav/constituicao16k/art245.wav to /home/lapf/Desktop/TCCtest/Sphinx/feat/constituicao16k/art245.mfc
ERROR: "sphinx_fe.c", line 118: Failed to open /home/lapf/Desktop/TCCtest/Sphinx/wav/constituicao16k/art245.wav: No such file or directory
INFO: sphinx_fe.c(764): Converting /home/lapf/Desktop/TCCtest/Sphinx/wav/constituicao16k/art246.wav to /home/lapf/Desktop/TCCtest/Sphinx/feat/constituicao16k/art246.mfc
ERROR: "sphinx_fe.c", line 118: Failed to open /home/lapf/Desktop/TCCtest/Sphinx/wav/constituicao16k/art246.wav: No such file or directory
INFO: sphinx_fe.c(764): Converting /home/lapf/Desktop/TCCtest/Sphinx/wav/constituicao16k/art247a.wav to /home/lapf/Desktop/TCCtest/Sphinx/feat/constituicao16k/art247a.mfc
ERROR: "sphinx_fe.c", line 118: Failed to open /home/lapf/Desktop/TCCtest/Sphinx/wav/constituicao16k/art247a.wav: No such file or directory
INFO: sphinx_fe.c(764): Converting /home/lapf/Desktop/TCCtest/Sphinx/wav/constituicao16k/art247b.wav to /home/lapf/Desktop/TCCtest/Sphinx/feat/constituicao16k/art247b.mfc
ERROR: "sphinx_fe.c", line 118: Failed to open /home/lapf/Desktop/TCCtest/Sphinx/wav/constituicao16k/art247b.wav: No such file or directory
INFO: sphinx_fe.c(764): Converting /home/lapf/Desktop/TCCtest/Sphinx/wav/constituicao16k/art248.wav to /home/lapf/Desktop/TCCtest/Sphinx/feat/constituicao16k/art248.mfc
ERROR: "sphinx_fe.c", line 118: Failed to open /home/lapf/Desktop/TCCtest/Sphinx/wav/constituicao16k/art248.wav: No such file or directory
INFO: sphinx_fe.c(764): Converting /home/lapf/Desktop/TCCtest/Sphinx/wav/constituicao16k/art249a.wav to /home/lapf/Desktop/TCCtest/Sphinx/feat/constituicao16k/art249a.mfc
ERROR: "sphinx_fe.c", line 118: Failed to open /home/lapf/Desktop/TCCtest/Sphinx/wav/constituicao16k/art249a.wav: No such file or directory
INFO: sphinx_fe.c(764): Converting /home/lapf/Desktop/TCCtest/Sphinx/wav/constituicao16k/art249b.wav to /home/lapf/Desktop/TCCtest/Sphinx/feat/constituicao16k/art249b.mfc
ERROR: "sphinx_fe.c", line 118: Failed to open /home/lapf/Desktop/TCCtest/Sphinx/wav/constituicao16k/art249b.wav: No such file or directory
INFO: sphinx_fe.c(764): Converting /home/lapf/Desktop/TCCtest/Sphinx/wav/constituicao16k/art250.wav to /home/lapf/Desktop/TCCtest/Sphinx/feat/constituicao16k/art250.mfc
ERROR: "sphinx_fe.c", line 118: Failed to open /home/lapf/Desktop/TCCtest/Sphinx/wav/constituicao16k/art250.wav: No such file or directory
INFO: sphinx_fe.c(764): Converting /home/lapf/Desktop/TCCtest/Sphinx/wav/constituicao16k/dt001.wav to /home/lapf/Desktop/TCCtest/Sphinx/feat/constituicao16k/dt001.mfc
ERROR: "sphinx_fe.c", line 118: Failed to open /home/lapf/Desktop/TCCtest/Sphinx/wav/constituicao16k/dt001.wav: No such file or directory
INFO: sphinx_fe.c(764): Converting /home/lapf/Desktop/TCCtest/Sphinx/wav/constituicao16k/dt002a.wav to /home/lapf/Desktop/TCCtest/Sphinx/feat/constituicao16k/dt002a.mfc
ERROR: "sphinx_fe.c", line 118: Failed to open /home/lapf/Desktop/TCCtest/Sphinx/wav/constituicao16k/dt002a.wav: No such file or directory
INFO: sphinx_fe.c(764): Converting /home/lapf/Desktop/TCCtest/Sphinx/wav/constituicao16k/dt002b.wav to /home/lapf/Desktop/TCCtest/Sphinx/feat/constituicao16k/dt002b.mfc
ERROR: "sphinx_fe.c", line 118: Failed to open /home/lapf/Desktop/TCCtest/Sphinx/wav/constituicao16k/dt002b.wav: No such file or directory
INFO: sphinx_fe.c(764): Converting /home/lapf/Desktop/TCCtest/Sphinx/wav/constituicao16k/dt003.wav to /home/lapf/Desktop/TCCtest/Sphinx/feat/constituicao16k/dt003.mfc
ERROR: "sphinx_fe.c", line 118: Failed to open /home/lapf/Desktop/TCCtest/Sphinx/wav/constituicao16k/dt003.wav: No such file or directory
INFO: sphinx_fe.c(764): Converting /home/lapf/Desktop/TCCtest/Sphinx/wav/constituicao16k/dt004a.wav to /home/lapf/Desktop/TCCtest/Sphinx/feat/constituicao16k/dt004a.mfc
ERROR: "sphinx_fe.c", line 118: Failed to open /home/lapf/Desktop/TCCtest/Sphinx/wav/constituicao16k/dt004a.wav: No such file or directory
INFO: sphinx_fe.c(764): Converting /home/lapf/Desktop/TCCtest/Sphinx/wav/constituicao16k/dt004b.wav to /home/lapf/Desktop/TCCtest/Sphinx/feat/constituicao16k/dt004b.mfc
ERROR: "sphinx_fe.c", line 118: Failed to open /home/lapf/Desktop/TCCtest/Sphinx/wav/constituicao16k/dt004b.wav: No such file or directory
INFO: sphinx_fe.c(764): Converting /home/lapf/Desktop/TCCtest/Sphinx/wav/constituicao16k/dt005a.wav to /home/lapf/Desktop/TCCtest/Sphinx/feat/constituicao16k/dt005a.mfc
ERROR: "sphinx_fe.c", line 118: Failed to open /home/lapf/Desktop/TCCtest/Sphinx/wav/constituicao16k/dt005a.wav: No such file or directory
INFO: sphinx_fe.c(764): Converting /home/lapf/Desktop/TCCtest/Sphinx/wav/constituicao16k/dt005b.wav to /home/lapf/Desktop/TCCtest/Sphinx/feat/constituicao16k/dt005b.mfc
ERROR: "sphinx_fe.c", line 118: Failed to open /home/lapf/Desktop/TCCtest/Sphinx/wav/constituicao16k/dt005b.wav: No such file or directory
INFO: sphinx_fe.c(764): Converting /home/lapf/Desktop/TCCtest/Sphinx/wav/constituicao16k/dt005c.wav to /home/lapf/Desktop/TCCtest/Sphinx/feat/constituicao16k/dt005c.mfc
ERROR: "sphinx_fe.c", line 118: Failed to open /home/lapf/Desktop/TCCtest/Sphinx/wav/constituicao16k/dt005c.wav: No such file or directory
INFO: sphinx_fe.c(764): Converting /home/lapf/Desktop/TCCtest/Sphinx/wav/constituicao16k/dt005d.wav to /home/lapf/Desktop/TCCtest/Sphinx/feat/constituicao16k/dt005d.mfc
ERROR: "sphinx_fe.c", line 118: Failed to open /home/lapf/Desktop/TCCtest/Sphinx/wav/constituicao16k/dt005d.wav: No such file or directory
INFO: sphinx_fe.c(764): Converting /home/lapf/Desktop/TCCtest/Sphinx/wav/constituicao16k/dt005e.wav to /home/lapf/Desktop/TCCtest/Sphinx/feat/constituicao16k/dt005e.mfc
ERROR: "sphinx_fe.c", line 118: Failed to open /home/lapf/Desktop/TCCtest/Sphinx/wav/constituicao16k/dt005e.wav: No such file or directory
INFO: sphinx_fe.c(764): Converting /home/lapf/Desktop/TCCtest/Sphinx/wav/constituicao16k/dt006a.wav to /home/lapf/Desktop/TCCtest/Sphinx/feat/constituicao16k/dt006a.mfc
ERROR: "sphinx_fe.c", line 118: Failed to open /home/lapf/Desktop/TCCtest/Sphinx/wav/constituicao16k/dt006a.wav: No such file or directory
INFO: sphinx_fe.c(764): Converting /home/lapf/Desktop/TCCtest/Sphinx/wav/constituicao16k/dt006b.wav to /home/lapf/Desktop/TCCtest/Sphinx/feat/constituicao16k/dt006b.mfc
ERROR: "sphinx_fe.c", line 118: Failed to open /home/lapf/Desktop/TCCtest/Sphinx/wav/constituicao16k/dt006b.wav: No such file or directory
INFO: sphinx_fe.c(764): Converting /home/lapf/Desktop/TCCtest/Sphinx/wav/constituicao16k/dt007.wav to /home/lapf/Desktop/TCCtest/Sphinx/feat/constituicao16k/dt007.mfc
ERROR: "sphinx_fe.c", line 118: Failed to open /home/lapf/Desktop/TCCtest/Sphinx/wav/constituicao16k/dt007.wav: No such file or directory
INFO: sphinx_fe.c(764): Converting /home/lapf/Desktop/TCCtest/Sphinx/wav/constituicao16k/dt008a.wav to /home/lapf/Desktop/TCCtest/Sphinx/feat/constituicao16k/dt008a.mfc
ERROR: "sphinx_fe.c", line 118: Failed to open /home/lapf/Desktop/TCCtest/Sphinx/wav/constituicao16k/dt008a.wav: No such file or directory
INFO: sphinx_fe.c(764): Converting /home/lapf/Desktop/TCCtest/Sphinx/wav/constituicao16k/dt008b.wav to /home/lapf/Desktop/TCCtest/Sphinx/feat/constituicao16k/dt008b.mfc
ERROR: "sphinx_fe.c", line 118: Failed to open /home/lapf/Desktop/TCCtest/Sphinx/wav/constituicao16k/dt008b.wav: No such file or directory
INFO: sphinx_fe.c(764): Converting /home/lapf/Desktop/TCCtest/Sphinx/wav/constituicao16k/dt008c.wav to /home/lapf/Desktop/TCCtest/Sphinx/feat/constituicao16k/dt008c.mfc
ERROR: "sphinx_fe.c", line 118: Failed to open /home/lapf/Desktop/TCCtest/Sphinx/wav/constituicao16k/dt008c.wav: No such file or directory
INFO: sphinx_fe.c(764): Converting /home/lapf/Desktop/TCCtest/Sphinx/wav/constituicao16k/dt008d.wav to /home/lapf/Desktop/TCCtest/Sphinx/feat/constituicao16k/dt008d.mfc
ERROR: "sphinx_fe.c", line 118: Failed to open /home/lapf/Desktop/TCCtest/Sphinx/wav/constituicao16k/dt008d.wav: No such file or directory
INFO: sphinx_fe.c(764): Converting /home/lapf/Desktop/TCCtest/Sphinx/wav/constituicao16k/dt008e.wav to /home/lapf/Desktop/TCCtest/Sphinx/feat/constituicao16k/dt008e.mfc
ERROR: "sphinx_fe.c", line 118: Failed to open /home/lapf/Desktop/TCCtest/Sphinx/wav/constituicao16k/dt008e.wav: No such file or directory
INFO: sphinx_fe.c(764): Converting /home/lapf/Desktop/TCCtest/Sphinx/wav/constituicao16k/dt008f.wav to /home/lapf/Desktop/TCCtest/Sphinx/feat/constituicao16k/dt008f.mfc
ERROR: "sphinx_fe.c", line 118: Failed to open /home/lapf/Desktop/TCCtest/Sphinx/wav/constituicao16k/dt008f.wav: No such file or directory
Wed May 18 20:48:06 2016
