Current configuration:
[NAME]			[DEFLT]		[VALUE]
-alpha			0.97		9.700000e-01
-argfile				
-blocksize		2048		2048
-build_outdirs		yes		yes
-c					/home/lapf/Desktop/TCCtest/Sphinx/etc/constituicao_sphinx_train.fileids
-cep2spec		no		no
-di					/home/lapf/Desktop/TCCtest/Sphinx/wav
-dither			no		no
-do					/home/lapf/Desktop/TCCtest/Sphinx/feat
-doublebw		no		no
-ei					wav
-eo					mfc
-example		no		no
-frate			100		100
-help			no		no
-i					
-input_endian		little		little
-lifter			0		22
-logspec		no		no
-lowerf			133.33334	1.300000e+02
-mach_endian		little		little
-mswav			no		yes
-ncep			13		13
-nchans			1		1
-nfft			512		512
-nfilt			40		25
-nist			no		no
-npart			0		5
-nskip			0		0
-o					
-ofmt			sphinx		sphinx
-part			0		1
-raw			no		no
-remove_dc		no		no
-remove_noise		yes		yes
-remove_silence		yes		yes
-round_filters		yes		yes
-runlen			-1		-1
-samprate		16000		1.600000e+04
-seed			-1		-1
-smoothspec		no		no
-spec2cep		no		no
-sph2pipe		no		no
-transform		legacy		dct
-unit_area		yes		yes
-upperf			6855.4976	6.800000e+03
-vad_postspeech		50		50
-vad_prespeech		20		20
-vad_startspeech	10		10
-vad_threshold		2.0		2.000000e+00
-verbose		no		no
-warp_params				
-warp_type		inverse_linear	inverse_linear
-whichchan		0		0
-wlen			0.025625	2.562500e-02

INFO: sphinx_fe.c(953): Processing 251 utterances at position 0
INFO: sphinx_fe.c(764): Converting /home/lapf/Desktop/TCCtest/Sphinx/wav/constituicao16k/art001a.wav to /home/lapf/Desktop/TCCtest/Sphinx/feat/constituicao16k/art001a.mfc
ERROR: "sphinx_fe.c", line 118: Failed to open /home/lapf/Desktop/TCCtest/Sphinx/wav/constituicao16k/art001a.wav: No such file or directory
INFO: sphinx_fe.c(764): Converting /home/lapf/Desktop/TCCtest/Sphinx/wav/constituicao16k/art001b.wav to /home/lapf/Desktop/TCCtest/Sphinx/feat/constituicao16k/art001b.mfc
ERROR: "sphinx_fe.c", line 118: Failed to open /home/lapf/Desktop/TCCtest/Sphinx/wav/constituicao16k/art001b.wav: No such file or directory
INFO: sphinx_fe.c(764): Converting /home/lapf/Desktop/TCCtest/Sphinx/wav/constituicao16k/art002.wav to /home/lapf/Desktop/TCCtest/Sphinx/feat/constituicao16k/art002.mfc
ERROR: "sphinx_fe.c", line 118: Failed to open /home/lapf/Desktop/TCCtest/Sphinx/wav/constituicao16k/art002.wav: No such file or directory
INFO: sphinx_fe.c(764): Converting /home/lapf/Desktop/TCCtest/Sphinx/wav/constituicao16k/art003.wav to /home/lapf/Desktop/TCCtest/Sphinx/feat/constituicao16k/art003.mfc
ERROR: "sphinx_fe.c", line 118: Failed to open /home/lapf/Desktop/TCCtest/Sphinx/wav/constituicao16k/art003.wav: No such file or directory
INFO: sphinx_fe.c(764): Converting /home/lapf/Desktop/TCCtest/Sphinx/wav/constituicao16k/art004a.wav to /home/lapf/Desktop/TCCtest/Sphinx/feat/constituicao16k/art004a.mfc
ERROR: "sphinx_fe.c", line 118: Failed to open /home/lapf/Desktop/TCCtest/Sphinx/wav/constituicao16k/art004a.wav: No such file or directory
INFO: sphinx_fe.c(764): Converting /home/lapf/Desktop/TCCtest/Sphinx/wav/constituicao16k/art004b.wav to /home/lapf/Desktop/TCCtest/Sphinx/feat/constituicao16k/art004b.mfc
ERROR: "sphinx_fe.c", line 118: Failed to open /home/lapf/Desktop/TCCtest/Sphinx/wav/constituicao16k/art004b.wav: No such file or directory
INFO: sphinx_fe.c(764): Converting /home/lapf/Desktop/TCCtest/Sphinx/wav/constituicao16k/art004c.wav to /home/lapf/Desktop/TCCtest/Sphinx/feat/constituicao16k/art004c.mfc
ERROR: "sphinx_fe.c", line 118: Failed to open /home/lapf/Desktop/TCCtest/Sphinx/wav/constituicao16k/art004c.wav: No such file or directory
INFO: sphinx_fe.c(764): Converting /home/lapf/Desktop/TCCtest/Sphinx/wav/constituicao16k/art005a1.wav to /home/lapf/Desktop/TCCtest/Sphinx/feat/constituicao16k/art005a1.mfc
ERROR: "sphinx_fe.c", line 118: Failed to open /home/lapf/Desktop/TCCtest/Sphinx/wav/constituicao16k/art005a1.wav: No such file or directory
INFO: sphinx_fe.c(764): Converting /home/lapf/Desktop/TCCtest/Sphinx/wav/constituicao16k/art005a.wav to /home/lapf/Desktop/TCCtest/Sphinx/feat/constituicao16k/art005a.mfc
ERROR: "sphinx_fe.c", line 118: Failed to open /home/lapf/Desktop/TCCtest/Sphinx/wav/constituicao16k/art005a.wav: No such file or directory
INFO: sphinx_fe.c(764): Converting /home/lapf/Desktop/TCCtest/Sphinx/wav/constituicao16k/art005b1.wav to /home/lapf/Desktop/TCCtest/Sphinx/feat/constituicao16k/art005b1.mfc
ERROR: "sphinx_fe.c", line 118: Failed to open /home/lapf/Desktop/TCCtest/Sphinx/wav/constituicao16k/art005b1.wav: No such file or directory
INFO: sphinx_fe.c(764): Converting /home/lapf/Desktop/TCCtest/Sphinx/wav/constituicao16k/art005b.wav to /home/lapf/Desktop/TCCtest/Sphinx/feat/constituicao16k/art005b.mfc
ERROR: "sphinx_fe.c", line 118: Failed to open /home/lapf/Desktop/TCCtest/Sphinx/wav/constituicao16k/art005b.wav: No such file or directory
INFO: sphinx_fe.c(764): Converting /home/lapf/Desktop/TCCtest/Sphinx/wav/constituicao16k/art005c1.wav to /home/lapf/Desktop/TCCtest/Sphinx/feat/constituicao16k/art005c1.mfc
ERROR: "sphinx_fe.c", line 118: Failed to open /home/lapf/Desktop/TCCtest/Sphinx/wav/constituicao16k/art005c1.wav: No such file or directory
INFO: sphinx_fe.c(764): Converting /home/lapf/Desktop/TCCtest/Sphinx/wav/constituicao16k/art005c.wav to /home/lapf/Desktop/TCCtest/Sphinx/feat/constituicao16k/art005c.mfc
ERROR: "sphinx_fe.c", line 118: Failed to open /home/lapf/Desktop/TCCtest/Sphinx/wav/constituicao16k/art005c.wav: No such file or directory
INFO: sphinx_fe.c(764): Converting /home/lapf/Desktop/TCCtest/Sphinx/wav/constituicao16k/art005d1.wav to /home/lapf/Desktop/TCCtest/Sphinx/feat/constituicao16k/art005d1.mfc
ERROR: "sphinx_fe.c", line 118: Failed to open /home/lapf/Desktop/TCCtest/Sphinx/wav/constituicao16k/art005d1.wav: No such file or directory
INFO: sphinx_fe.c(764): Converting /home/lapf/Desktop/TCCtest/Sphinx/wav/constituicao16k/art005d.wav to /home/lapf/Desktop/TCCtest/Sphinx/feat/constituicao16k/art005d.mfc
ERROR: "sphinx_fe.c", line 118: Failed to open /home/lapf/Desktop/TCCtest/Sphinx/wav/constituicao16k/art005d.wav: No such file or directory
INFO: sphinx_fe.c(764): Converting /home/lapf/Desktop/TCCtest/Sphinx/wav/constituicao16k/art005e1.wav to /home/lapf/Desktop/TCCtest/Sphinx/feat/constituicao16k/art005e1.mfc
ERROR: "sphinx_fe.c", line 118: Failed to open /home/lapf/Desktop/TCCtest/Sphinx/wav/constituicao16k/art005e1.wav: No such file or directory
INFO: sphinx_fe.c(764): Converting /home/lapf/Desktop/TCCtest/Sphinx/wav/constituicao16k/art005e.wav to /home/lapf/Desktop/TCCtest/Sphinx/feat/constituicao16k/art005e.mfc
ERROR: "sphinx_fe.c", line 118: Failed to open /home/lapf/Desktop/TCCtest/Sphinx/wav/constituicao16k/art005e.wav: No such file or directory
INFO: sphinx_fe.c(764): Converting /home/lapf/Desktop/TCCtest/Sphinx/wav/constituicao16k/art005f1.wav to /home/lapf/Desktop/TCCtest/Sphinx/feat/constituicao16k/art005f1.mfc
ERROR: "sphinx_fe.c", line 118: Failed to open /home/lapf/Desktop/TCCtest/Sphinx/wav/constituicao16k/art005f1.wav: No such file or directory
INFO: sphinx_fe.c(764): Converting /home/lapf/Desktop/TCCtest/Sphinx/wav/constituicao16k/art005f.wav to /home/lapf/Desktop/TCCtest/Sphinx/feat/constituicao16k/art005f.mfc
ERROR: "sphinx_fe.c", line 118: Failed to open /home/lapf/Desktop/TCCtest/Sphinx/wav/constituicao16k/art005f.wav: No such file or directory
INFO: sphinx_fe.c(764): Converting /home/lapf/Desktop/TCCtest/Sphinx/wav/constituicao16k/art005g1.wav to /home/lapf/Desktop/TCCtest/Sphinx/feat/constituicao16k/art005g1.mfc
ERROR: "sphinx_fe.c", line 118: Failed to open /home/lapf/Desktop/TCCtest/Sphinx/wav/constituicao16k/art005g1.wav: No such file or directory
INFO: sphinx_fe.c(764): Converting /home/lapf/Desktop/TCCtest/Sphinx/wav/constituicao16k/art005g.wav to /home/lapf/Desktop/TCCtest/Sphinx/feat/constituicao16k/art005g.mfc
ERROR: "sphinx_fe.c", line 118: Failed to open /home/lapf/Desktop/TCCtest/Sphinx/wav/constituicao16k/art005g.wav: No such file or directory
INFO: sphinx_fe.c(764): Converting /home/lapf/Desktop/TCCtest/Sphinx/wav/constituicao16k/art005h1.wav to /home/lapf/Desktop/TCCtest/Sphinx/feat/constituicao16k/art005h1.mfc
ERROR: "sphinx_fe.c", line 118: Failed to open /home/lapf/Desktop/TCCtest/Sphinx/wav/constituicao16k/art005h1.wav: No such file or directory
INFO: sphinx_fe.c(764): Converting /home/lapf/Desktop/TCCtest/Sphinx/wav/constituicao16k/art005h.wav to /home/lapf/Desktop/TCCtest/Sphinx/feat/constituicao16k/art005h.mfc
ERROR: "sphinx_fe.c", line 118: Failed to open /home/lapf/Desktop/TCCtest/Sphinx/wav/constituicao16k/art005h.wav: No such file or directory
INFO: sphinx_fe.c(764): Converting /home/lapf/Desktop/TCCtest/Sphinx/wav/constituicao16k/art005i1.wav to /home/lapf/Desktop/TCCtest/Sphinx/feat/constituicao16k/art005i1.mfc
ERROR: "sphinx_fe.c", line 118: Failed to open /home/lapf/Desktop/TCCtest/Sphinx/wav/constituicao16k/art005i1.wav: No such file or directory
INFO: sphinx_fe.c(764): Converting /home/lapf/Desktop/TCCtest/Sphinx/wav/constituicao16k/art005i.wav to /home/lapf/Desktop/TCCtest/Sphinx/feat/constituicao16k/art005i.mfc
ERROR: "sphinx_fe.c", line 118: Failed to open /home/lapf/Desktop/TCCtest/Sphinx/wav/constituicao16k/art005i.wav: No such file or directory
INFO: sphinx_fe.c(764): Converting /home/lapf/Desktop/TCCtest/Sphinx/wav/constituicao16k/art005j1.wav to /home/lapf/Desktop/TCCtest/Sphinx/feat/constituicao16k/art005j1.mfc
ERROR: "sphinx_fe.c", line 118: Failed to open /home/lapf/Desktop/TCCtest/Sphinx/wav/constituicao16k/art005j1.wav: No such file or directory
INFO: sphinx_fe.c(764): Converting /home/lapf/Desktop/TCCtest/Sphinx/wav/constituicao16k/art005j.wav to /home/lapf/Desktop/TCCtest/Sphinx/feat/constituicao16k/art005j.mfc
ERROR: "sphinx_fe.c", line 118: Failed to open /home/lapf/Desktop/TCCtest/Sphinx/wav/constituicao16k/art005j.wav: No such file or directory
INFO: sphinx_fe.c(764): Converting /home/lapf/Desktop/TCCtest/Sphinx/wav/constituicao16k/art005k1.wav to /home/lapf/Desktop/TCCtest/Sphinx/feat/constituicao16k/art005k1.mfc
ERROR: "sphinx_fe.c", line 118: Failed to open /home/lapf/Desktop/TCCtest/Sphinx/wav/constituicao16k/art005k1.wav: No such file or directory
INFO: sphinx_fe.c(764): Converting /home/lapf/Desktop/TCCtest/Sphinx/wav/constituicao16k/art005k.wav to /home/lapf/Desktop/TCCtest/Sphinx/feat/constituicao16k/art005k.mfc
ERROR: "sphinx_fe.c", line 118: Failed to open /home/lapf/Desktop/TCCtest/Sphinx/wav/constituicao16k/art005k.wav: No such file or directory
INFO: sphinx_fe.c(764): Converting /home/lapf/Desktop/TCCtest/Sphinx/wav/constituicao16k/art005l1.wav to /home/lapf/Desktop/TCCtest/Sphinx/feat/constituicao16k/art005l1.mfc
ERROR: "sphinx_fe.c", line 118: Failed to open /home/lapf/Desktop/TCCtest/Sphinx/wav/constituicao16k/art005l1.wav: No such file or directory
INFO: sphinx_fe.c(764): Converting /home/lapf/Desktop/TCCtest/Sphinx/wav/constituicao16k/art005l.wav to /home/lapf/Desktop/TCCtest/Sphinx/feat/constituicao16k/art005l.mfc
ERROR: "sphinx_fe.c", line 118: Failed to open /home/lapf/Desktop/TCCtest/Sphinx/wav/constituicao16k/art005l.wav: No such file or directory
INFO: sphinx_fe.c(764): Converting /home/lapf/Desktop/TCCtest/Sphinx/wav/constituicao16k/art005m1.wav to /home/lapf/Desktop/TCCtest/Sphinx/feat/constituicao16k/art005m1.mfc
ERROR: "sphinx_fe.c", line 118: Failed to open /home/lapf/Desktop/TCCtest/Sphinx/wav/constituicao16k/art005m1.wav: No such file or directory
INFO: sphinx_fe.c(764): Converting /home/lapf/Desktop/TCCtest/Sphinx/wav/constituicao16k/art005m.wav to /home/lapf/Desktop/TCCtest/Sphinx/feat/constituicao16k/art005m.mfc
ERROR: "sphinx_fe.c", line 118: Failed to open /home/lapf/Desktop/TCCtest/Sphinx/wav/constituicao16k/art005m.wav: No such file or directory
INFO: sphinx_fe.c(764): Converting /home/lapf/Desktop/TCCtest/Sphinx/wav/constituicao16k/art005n1.wav to /home/lapf/Desktop/TCCtest/Sphinx/feat/constituicao16k/art005n1.mfc
ERROR: "sphinx_fe.c", line 118: Failed to open /home/lapf/Desktop/TCCtest/Sphinx/wav/constituicao16k/art005n1.wav: No such file or directory
INFO: sphinx_fe.c(764): Converting /home/lapf/Desktop/TCCtest/Sphinx/wav/constituicao16k/art005n.wav to /home/lapf/Desktop/TCCtest/Sphinx/feat/constituicao16k/art005n.mfc
ERROR: "sphinx_fe.c", line 118: Failed to open /home/lapf/Desktop/TCCtest/Sphinx/wav/constituicao16k/art005n.wav: No such file or directory
INFO: sphinx_fe.c(764): Converting /home/lapf/Desktop/TCCtest/Sphinx/wav/constituicao16k/art005o1.wav to /home/lapf/Desktop/TCCtest/Sphinx/feat/constituicao16k/art005o1.mfc
ERROR: "sphinx_fe.c", line 118: Failed to open /home/lapf/Desktop/TCCtest/Sphinx/wav/constituicao16k/art005o1.wav: No such file or directory
INFO: sphinx_fe.c(764): Converting /home/lapf/Desktop/TCCtest/Sphinx/wav/constituicao16k/art005o.wav to /home/lapf/Desktop/TCCtest/Sphinx/feat/constituicao16k/art005o.mfc
ERROR: "sphinx_fe.c", line 118: Failed to open /home/lapf/Desktop/TCCtest/Sphinx/wav/constituicao16k/art005o.wav: No such file or directory
INFO: sphinx_fe.c(764): Converting /home/lapf/Desktop/TCCtest/Sphinx/wav/constituicao16k/art005p1.wav to /home/lapf/Desktop/TCCtest/Sphinx/feat/constituicao16k/art005p1.mfc
ERROR: "sphinx_fe.c", line 118: Failed to open /home/lapf/Desktop/TCCtest/Sphinx/wav/constituicao16k/art005p1.wav: No such file or directory
INFO: sphinx_fe.c(764): Converting /home/lapf/Desktop/TCCtest/Sphinx/wav/constituicao16k/art005p.wav to /home/lapf/Desktop/TCCtest/Sphinx/feat/constituicao16k/art005p.mfc
ERROR: "sphinx_fe.c", line 118: Failed to open /home/lapf/Desktop/TCCtest/Sphinx/wav/constituicao16k/art005p.wav: No such file or directory
INFO: sphinx_fe.c(764): Converting /home/lapf/Desktop/TCCtest/Sphinx/wav/constituicao16k/art005q1.wav to /home/lapf/Desktop/TCCtest/Sphinx/feat/constituicao16k/art005q1.mfc
ERROR: "sphinx_fe.c", line 118: Failed to open /home/lapf/Desktop/TCCtest/Sphinx/wav/constituicao16k/art005q1.wav: No such file or directory
INFO: sphinx_fe.c(764): Converting /home/lapf/Desktop/TCCtest/Sphinx/wav/constituicao16k/art005q.wav to /home/lapf/Desktop/TCCtest/Sphinx/feat/constituicao16k/art005q.mfc
ERROR: "sphinx_fe.c", line 118: Failed to open /home/lapf/Desktop/TCCtest/Sphinx/wav/constituicao16k/art005q.wav: No such file or directory
INFO: sphinx_fe.c(764): Converting /home/lapf/Desktop/TCCtest/Sphinx/wav/constituicao16k/art005r.wav to /home/lapf/Desktop/TCCtest/Sphinx/feat/constituicao16k/art005r.mfc
ERROR: "sphinx_fe.c", line 118: Failed to open /home/lapf/Desktop/TCCtest/Sphinx/wav/constituicao16k/art005r.wav: No such file or directory
INFO: sphinx_fe.c(764): Converting /home/lapf/Desktop/TCCtest/Sphinx/wav/constituicao16k/art005s.wav to /home/lapf/Desktop/TCCtest/Sphinx/feat/constituicao16k/art005s.mfc
ERROR: "sphinx_fe.c", line 118: Failed to open /home/lapf/Desktop/TCCtest/Sphinx/wav/constituicao16k/art005s.wav: No such file or directory
INFO: sphinx_fe.c(764): Converting /home/lapf/Desktop/TCCtest/Sphinx/wav/constituicao16k/art005t.wav to /home/lapf/Desktop/TCCtest/Sphinx/feat/constituicao16k/art005t.mfc
ERROR: "sphinx_fe.c", line 118: Failed to open /home/lapf/Desktop/TCCtest/Sphinx/wav/constituicao16k/art005t.wav: No such file or directory
INFO: sphinx_fe.c(764): Converting /home/lapf/Desktop/TCCtest/Sphinx/wav/constituicao16k/art005u.wav to /home/lapf/Desktop/TCCtest/Sphinx/feat/constituicao16k/art005u.mfc
ERROR: "sphinx_fe.c", line 118: Failed to open /home/lapf/Desktop/TCCtest/Sphinx/wav/constituicao16k/art005u.wav: No such file or directory
INFO: sphinx_fe.c(764): Converting /home/lapf/Desktop/TCCtest/Sphinx/wav/constituicao16k/art005v.wav to /home/lapf/Desktop/TCCtest/Sphinx/feat/constituicao16k/art005v.mfc
ERROR: "sphinx_fe.c", line 118: Failed to open /home/lapf/Desktop/TCCtest/Sphinx/wav/constituicao16k/art005v.wav: No such file or directory
INFO: sphinx_fe.c(764): Converting /home/lapf/Desktop/TCCtest/Sphinx/wav/constituicao16k/art005w.wav to /home/lapf/Desktop/TCCtest/Sphinx/feat/constituicao16k/art005w.mfc
ERROR: "sphinx_fe.c", line 118: Failed to open /home/lapf/Desktop/TCCtest/Sphinx/wav/constituicao16k/art005w.wav: No such file or directory
INFO: sphinx_fe.c(764): Converting /home/lapf/Desktop/TCCtest/Sphinx/wav/constituicao16k/art005x.wav to /home/lapf/Desktop/TCCtest/Sphinx/feat/constituicao16k/art005x.mfc
ERROR: "sphinx_fe.c", line 118: Failed to open /home/lapf/Desktop/TCCtest/Sphinx/wav/constituicao16k/art005x.wav: No such file or directory
INFO: sphinx_fe.c(764): Converting /home/lapf/Desktop/TCCtest/Sphinx/wav/constituicao16k/art005y.wav to /home/lapf/Desktop/TCCtest/Sphinx/feat/constituicao16k/art005y.mfc
ERROR: "sphinx_fe.c", line 118: Failed to open /home/lapf/Desktop/TCCtest/Sphinx/wav/constituicao16k/art005y.wav: No such file or directory
INFO: sphinx_fe.c(764): Converting /home/lapf/Desktop/TCCtest/Sphinx/wav/constituicao16k/art005z.wav to /home/lapf/Desktop/TCCtest/Sphinx/feat/constituicao16k/art005z.mfc
ERROR: "sphinx_fe.c", line 118: Failed to open /home/lapf/Desktop/TCCtest/Sphinx/wav/constituicao16k/art005z.wav: No such file or directory
INFO: sphinx_fe.c(764): Converting /home/lapf/Desktop/TCCtest/Sphinx/wav/constituicao16k/art006.wav to /home/lapf/Desktop/TCCtest/Sphinx/feat/constituicao16k/art006.mfc
ERROR: "sphinx_fe.c", line 118: Failed to open /home/lapf/Desktop/TCCtest/Sphinx/wav/constituicao16k/art006.wav: No such file or directory
INFO: sphinx_fe.c(764): Converting /home/lapf/Desktop/TCCtest/Sphinx/wav/constituicao16k/art007a.wav to /home/lapf/Desktop/TCCtest/Sphinx/feat/constituicao16k/art007a.mfc
ERROR: "sphinx_fe.c", line 118: Failed to open /home/lapf/Desktop/TCCtest/Sphinx/wav/constituicao16k/art007a.wav: No such file or directory
INFO: sphinx_fe.c(764): Converting /home/lapf/Desktop/TCCtest/Sphinx/wav/constituicao16k/art007b.wav to /home/lapf/Desktop/TCCtest/Sphinx/feat/constituicao16k/art007b.mfc
ERROR: "sphinx_fe.c", line 118: Failed to open /home/lapf/Desktop/TCCtest/Sphinx/wav/constituicao16k/art007b.wav: No such file or directory
INFO: sphinx_fe.c(764): Converting /home/lapf/Desktop/TCCtest/Sphinx/wav/constituicao16k/art007c.wav to /home/lapf/Desktop/TCCtest/Sphinx/feat/constituicao16k/art007c.mfc
ERROR: "sphinx_fe.c", line 118: Failed to open /home/lapf/Desktop/TCCtest/Sphinx/wav/constituicao16k/art007c.wav: No such file or directory
INFO: sphinx_fe.c(764): Converting /home/lapf/Desktop/TCCtest/Sphinx/wav/constituicao16k/art007d.wav to /home/lapf/Desktop/TCCtest/Sphinx/feat/constituicao16k/art007d.mfc
ERROR: "sphinx_fe.c", line 118: Failed to open /home/lapf/Desktop/TCCtest/Sphinx/wav/constituicao16k/art007d.wav: No such file or directory
INFO: sphinx_fe.c(764): Converting /home/lapf/Desktop/TCCtest/Sphinx/wav/constituicao16k/art007e.wav to /home/lapf/Desktop/TCCtest/Sphinx/feat/constituicao16k/art007e.mfc
ERROR: "sphinx_fe.c", line 118: Failed to open /home/lapf/Desktop/TCCtest/Sphinx/wav/constituicao16k/art007e.wav: No such file or directory
INFO: sphinx_fe.c(764): Converting /home/lapf/Desktop/TCCtest/Sphinx/wav/constituicao16k/art007f.wav to /home/lapf/Desktop/TCCtest/Sphinx/feat/constituicao16k/art007f.mfc
ERROR: "sphinx_fe.c", line 118: Failed to open /home/lapf/Desktop/TCCtest/Sphinx/wav/constituicao16k/art007f.wav: No such file or directory
INFO: sphinx_fe.c(764): Converting /home/lapf/Desktop/TCCtest/Sphinx/wav/constituicao16k/art007g.wav to /home/lapf/Desktop/TCCtest/Sphinx/feat/constituicao16k/art007g.mfc
ERROR: "sphinx_fe.c", line 118: Failed to open /home/lapf/Desktop/TCCtest/Sphinx/wav/constituicao16k/art007g.wav: No such file or directory
INFO: sphinx_fe.c(764): Converting /home/lapf/Desktop/TCCtest/Sphinx/wav/constituicao16k/art007h.wav to /home/lapf/Desktop/TCCtest/Sphinx/feat/constituicao16k/art007h.mfc
ERROR: "sphinx_fe.c", line 118: Failed to open /home/lapf/Desktop/TCCtest/Sphinx/wav/constituicao16k/art007h.wav: No such file or directory
INFO: sphinx_fe.c(764): Converting /home/lapf/Desktop/TCCtest/Sphinx/wav/constituicao16k/art007i.wav to /home/lapf/Desktop/TCCtest/Sphinx/feat/constituicao16k/art007i.mfc
ERROR: "sphinx_fe.c", line 118: Failed to open /home/lapf/Desktop/TCCtest/Sphinx/wav/constituicao16k/art007i.wav: No such file or directory
INFO: sphinx_fe.c(764): Converting /home/lapf/Desktop/TCCtest/Sphinx/wav/constituicao16k/art007j.wav to /home/lapf/Desktop/TCCtest/Sphinx/feat/constituicao16k/art007j.mfc
ERROR: "sphinx_fe.c", line 118: Failed to open /home/lapf/Desktop/TCCtest/Sphinx/wav/constituicao16k/art007j.wav: No such file or directory
INFO: sphinx_fe.c(764): Converting /home/lapf/Desktop/TCCtest/Sphinx/wav/constituicao16k/art007k.wav to /home/lapf/Desktop/TCCtest/Sphinx/feat/constituicao16k/art007k.mfc
ERROR: "sphinx_fe.c", line 118: Failed to open /home/lapf/Desktop/TCCtest/Sphinx/wav/constituicao16k/art007k.wav: No such file or directory
INFO: sphinx_fe.c(764): Converting /home/lapf/Desktop/TCCtest/Sphinx/wav/constituicao16k/art007l.wav to /home/lapf/Desktop/TCCtest/Sphinx/feat/constituicao16k/art007l.mfc
ERROR: "sphinx_fe.c", line 118: Failed to open /home/lapf/Desktop/TCCtest/Sphinx/wav/constituicao16k/art007l.wav: No such file or directory
INFO: sphinx_fe.c(764): Converting /home/lapf/Desktop/TCCtest/Sphinx/wav/constituicao16k/art007m.wav to /home/lapf/Desktop/TCCtest/Sphinx/feat/constituicao16k/art007m.mfc
ERROR: "sphinx_fe.c", line 118: Failed to open /home/lapf/Desktop/TCCtest/Sphinx/wav/constituicao16k/art007m.wav: No such file or directory
INFO: sphinx_fe.c(764): Converting /home/lapf/Desktop/TCCtest/Sphinx/wav/constituicao16k/art007n.wav to /home/lapf/Desktop/TCCtest/Sphinx/feat/constituicao16k/art007n.mfc
ERROR: "sphinx_fe.c", line 118: Failed to open /home/lapf/Desktop/TCCtest/Sphinx/wav/constituicao16k/art007n.wav: No such file or directory
INFO: sphinx_fe.c(764): Converting /home/lapf/Desktop/TCCtest/Sphinx/wav/constituicao16k/art008a.wav to /home/lapf/Desktop/TCCtest/Sphinx/feat/constituicao16k/art008a.mfc
ERROR: "sphinx_fe.c", line 118: Failed to open /home/lapf/Desktop/TCCtest/Sphinx/wav/constituicao16k/art008a.wav: No such file or directory
INFO: sphinx_fe.c(764): Converting /home/lapf/Desktop/TCCtest/Sphinx/wav/constituicao16k/art008b.wav to /home/lapf/Desktop/TCCtest/Sphinx/feat/constituicao16k/art008b.mfc
ERROR: "sphinx_fe.c", line 118: Failed to open /home/lapf/Desktop/TCCtest/Sphinx/wav/constituicao16k/art008b.wav: No such file or directory
INFO: sphinx_fe.c(764): Converting /home/lapf/Desktop/TCCtest/Sphinx/wav/constituicao16k/art008c.wav to /home/lapf/Desktop/TCCtest/Sphinx/feat/constituicao16k/art008c.mfc
ERROR: "sphinx_fe.c", line 118: Failed to open /home/lapf/Desktop/TCCtest/Sphinx/wav/constituicao16k/art008c.wav: No such file or directory
INFO: sphinx_fe.c(764): Converting /home/lapf/Desktop/TCCtest/Sphinx/wav/constituicao16k/art008d.wav to /home/lapf/Desktop/TCCtest/Sphinx/feat/constituicao16k/art008d.mfc
ERROR: "sphinx_fe.c", line 118: Failed to open /home/lapf/Desktop/TCCtest/Sphinx/wav/constituicao16k/art008d.wav: No such file or directory
INFO: sphinx_fe.c(764): Converting /home/lapf/Desktop/TCCtest/Sphinx/wav/constituicao16k/art008e.wav to /home/lapf/Desktop/TCCtest/Sphinx/feat/constituicao16k/art008e.mfc
ERROR: "sphinx_fe.c", line 118: Failed to open /home/lapf/Desktop/TCCtest/Sphinx/wav/constituicao16k/art008e.wav: No such file or directory
INFO: sphinx_fe.c(764): Converting /home/lapf/Desktop/TCCtest/Sphinx/wav/constituicao16k/art009.wav to /home/lapf/Desktop/TCCtest/Sphinx/feat/constituicao16k/art009.mfc
ERROR: "sphinx_fe.c", line 118: Failed to open /home/lapf/Desktop/TCCtest/Sphinx/wav/constituicao16k/art009.wav: No such file or directory
INFO: sphinx_fe.c(764): Converting /home/lapf/Desktop/TCCtest/Sphinx/wav/constituicao16k/art010.wav to /home/lapf/Desktop/TCCtest/Sphinx/feat/constituicao16k/art010.mfc
ERROR: "sphinx_fe.c", line 118: Failed to open /home/lapf/Desktop/TCCtest/Sphinx/wav/constituicao16k/art010.wav: No such file or directory
INFO: sphinx_fe.c(764): Converting /home/lapf/Desktop/TCCtest/Sphinx/wav/constituicao16k/art011.wav to /home/lapf/Desktop/TCCtest/Sphinx/feat/constituicao16k/art011.mfc
ERROR: "sphinx_fe.c", line 118: Failed to open /home/lapf/Desktop/TCCtest/Sphinx/wav/constituicao16k/art011.wav: No such file or directory
INFO: sphinx_fe.c(764): Converting /home/lapf/Desktop/TCCtest/Sphinx/wav/constituicao16k/art012a.wav to /home/lapf/Desktop/TCCtest/Sphinx/feat/constituicao16k/art012a.mfc
ERROR: "sphinx_fe.c", line 118: Failed to open /home/lapf/Desktop/TCCtest/Sphinx/wav/constituicao16k/art012a.wav: No such file or directory
INFO: sphinx_fe.c(764): Converting /home/lapf/Desktop/TCCtest/Sphinx/wav/constituicao16k/art012b.wav to /home/lapf/Desktop/TCCtest/Sphinx/feat/constituicao16k/art012b.mfc
ERROR: "sphinx_fe.c", line 118: Failed to open /home/lapf/Desktop/TCCtest/Sphinx/wav/constituicao16k/art012b.wav: No such file or directory
INFO: sphinx_fe.c(764): Converting /home/lapf/Desktop/TCCtest/Sphinx/wav/constituicao16k/art012c.wav to /home/lapf/Desktop/TCCtest/Sphinx/feat/constituicao16k/art012c.mfc
ERROR: "sphinx_fe.c", line 118: Failed to open /home/lapf/Desktop/TCCtest/Sphinx/wav/constituicao16k/art012c.wav: No such file or directory
INFO: sphinx_fe.c(764): Converting /home/lapf/Desktop/TCCtest/Sphinx/wav/constituicao16k/art012d.wav to /home/lapf/Desktop/TCCtest/Sphinx/feat/constituicao16k/art012d.mfc
ERROR: "sphinx_fe.c", line 118: Failed to open /home/lapf/Desktop/TCCtest/Sphinx/wav/constituicao16k/art012d.wav: No such file or directory
INFO: sphinx_fe.c(764): Converting /home/lapf/Desktop/TCCtest/Sphinx/wav/constituicao16k/art012e.wav to /home/lapf/Desktop/TCCtest/Sphinx/feat/constituicao16k/art012e.mfc
ERROR: "sphinx_fe.c", line 118: Failed to open /home/lapf/Desktop/TCCtest/Sphinx/wav/constituicao16k/art012e.wav: No such file or directory
INFO: sphinx_fe.c(764): Converting /home/lapf/Desktop/TCCtest/Sphinx/wav/constituicao16k/art012f.wav to /home/lapf/Desktop/TCCtest/Sphinx/feat/constituicao16k/art012f.mfc
ERROR: "sphinx_fe.c", line 118: Failed to open /home/lapf/Desktop/TCCtest/Sphinx/wav/constituicao16k/art012f.wav: No such file or directory
INFO: sphinx_fe.c(764): Converting /home/lapf/Desktop/TCCtest/Sphinx/wav/constituicao16k/art012g.wav to /home/lapf/Desktop/TCCtest/Sphinx/feat/constituicao16k/art012g.mfc
ERROR: "sphinx_fe.c", line 118: Failed to open /home/lapf/Desktop/TCCtest/Sphinx/wav/constituicao16k/art012g.wav: No such file or directory
INFO: sphinx_fe.c(764): Converting /home/lapf/Desktop/TCCtest/Sphinx/wav/constituicao16k/art012h.wav to /home/lapf/Desktop/TCCtest/Sphinx/feat/constituicao16k/art012h.mfc
ERROR: "sphinx_fe.c", line 118: Failed to open /home/lapf/Desktop/TCCtest/Sphinx/wav/constituicao16k/art012h.wav: No such file or directory
INFO: sphinx_fe.c(764): Converting /home/lapf/Desktop/TCCtest/Sphinx/wav/constituicao16k/art013.wav to /home/lapf/Desktop/TCCtest/Sphinx/feat/constituicao16k/art013.mfc
ERROR: "sphinx_fe.c", line 118: Failed to open /home/lapf/Desktop/TCCtest/Sphinx/wav/constituicao16k/art013.wav: No such file or directory
INFO: sphinx_fe.c(764): Converting /home/lapf/Desktop/TCCtest/Sphinx/wav/constituicao16k/art014a.wav to /home/lapf/Desktop/TCCtest/Sphinx/feat/constituicao16k/art014a.mfc
ERROR: "sphinx_fe.c", line 118: Failed to open /home/lapf/Desktop/TCCtest/Sphinx/wav/constituicao16k/art014a.wav: No such file or directory
INFO: sphinx_fe.c(764): Converting /home/lapf/Desktop/TCCtest/Sphinx/wav/constituicao16k/art014b.wav to /home/lapf/Desktop/TCCtest/Sphinx/feat/constituicao16k/art014b.mfc
ERROR: "sphinx_fe.c", line 118: Failed to open /home/lapf/Desktop/TCCtest/Sphinx/wav/constituicao16k/art014b.wav: No such file or directory
INFO: sphinx_fe.c(764): Converting /home/lapf/Desktop/TCCtest/Sphinx/wav/constituicao16k/art014c.wav to /home/lapf/Desktop/TCCtest/Sphinx/feat/constituicao16k/art014c.mfc
ERROR: "sphinx_fe.c", line 118: Failed to open /home/lapf/Desktop/TCCtest/Sphinx/wav/constituicao16k/art014c.wav: No such file or directory
INFO: sphinx_fe.c(764): Converting /home/lapf/Desktop/TCCtest/Sphinx/wav/constituicao16k/art014d.wav to /home/lapf/Desktop/TCCtest/Sphinx/feat/constituicao16k/art014d.mfc
ERROR: "sphinx_fe.c", line 118: Failed to open /home/lapf/Desktop/TCCtest/Sphinx/wav/constituicao16k/art014d.wav: No such file or directory
INFO: sphinx_fe.c(764): Converting /home/lapf/Desktop/TCCtest/Sphinx/wav/constituicao16k/art014e.wav to /home/lapf/Desktop/TCCtest/Sphinx/feat/constituicao16k/art014e.mfc
ERROR: "sphinx_fe.c", line 118: Failed to open /home/lapf/Desktop/TCCtest/Sphinx/wav/constituicao16k/art014e.wav: No such file or directory
INFO: sphinx_fe.c(764): Converting /home/lapf/Desktop/TCCtest/Sphinx/wav/constituicao16k/art014f.wav to /home/lapf/Desktop/TCCtest/Sphinx/feat/constituicao16k/art014f.mfc
ERROR: "sphinx_fe.c", line 118: Failed to open /home/lapf/Desktop/TCCtest/Sphinx/wav/constituicao16k/art014f.wav: No such file or directory
INFO: sphinx_fe.c(764): Converting /home/lapf/Desktop/TCCtest/Sphinx/wav/constituicao16k/art014g.wav to /home/lapf/Desktop/TCCtest/Sphinx/feat/constituicao16k/art014g.mfc
ERROR: "sphinx_fe.c", line 118: Failed to open /home/lapf/Desktop/TCCtest/Sphinx/wav/constituicao16k/art014g.wav: No such file or directory
INFO: sphinx_fe.c(764): Converting /home/lapf/Desktop/TCCtest/Sphinx/wav/constituicao16k/art014h.wav to /home/lapf/Desktop/TCCtest/Sphinx/feat/constituicao16k/art014h.mfc
ERROR: "sphinx_fe.c", line 118: Failed to open /home/lapf/Desktop/TCCtest/Sphinx/wav/constituicao16k/art014h.wav: No such file or directory
INFO: sphinx_fe.c(764): Converting /home/lapf/Desktop/TCCtest/Sphinx/wav/constituicao16k/art014i.wav to /home/lapf/Desktop/TCCtest/Sphinx/feat/constituicao16k/art014i.mfc
ERROR: "sphinx_fe.c", line 118: Failed to open /home/lapf/Desktop/TCCtest/Sphinx/wav/constituicao16k/art014i.wav: No such file or directory
INFO: sphinx_fe.c(764): Converting /home/lapf/Desktop/TCCtest/Sphinx/wav/constituicao16k/art014j.wav to /home/lapf/Desktop/TCCtest/Sphinx/feat/constituicao16k/art014j.mfc
ERROR: "sphinx_fe.c", line 118: Failed to open /home/lapf/Desktop/TCCtest/Sphinx/wav/constituicao16k/art014j.wav: No such file or directory
INFO: sphinx_fe.c(764): Converting /home/lapf/Desktop/TCCtest/Sphinx/wav/constituicao16k/art014k.wav to /home/lapf/Desktop/TCCtest/Sphinx/feat/constituicao16k/art014k.mfc
ERROR: "sphinx_fe.c", line 118: Failed to open /home/lapf/Desktop/TCCtest/Sphinx/wav/constituicao16k/art014k.wav: No such file or directory
INFO: sphinx_fe.c(764): Converting /home/lapf/Desktop/TCCtest/Sphinx/wav/constituicao16k/art015a.wav to /home/lapf/Desktop/TCCtest/Sphinx/feat/constituicao16k/art015a.mfc
ERROR: "sphinx_fe.c", line 118: Failed to open /home/lapf/Desktop/TCCtest/Sphinx/wav/constituicao16k/art015a.wav: No such file or directory
INFO: sphinx_fe.c(764): Converting /home/lapf/Desktop/TCCtest/Sphinx/wav/constituicao16k/art015b.wav to /home/lapf/Desktop/TCCtest/Sphinx/feat/constituicao16k/art015b.mfc
ERROR: "sphinx_fe.c", line 118: Failed to open /home/lapf/Desktop/TCCtest/Sphinx/wav/constituicao16k/art015b.wav: No such file or directory
INFO: sphinx_fe.c(764): Converting /home/lapf/Desktop/TCCtest/Sphinx/wav/constituicao16k/art016.wav to /home/lapf/Desktop/TCCtest/Sphinx/feat/constituicao16k/art016.mfc
ERROR: "sphinx_fe.c", line 118: Failed to open /home/lapf/Desktop/TCCtest/Sphinx/wav/constituicao16k/art016.wav: No such file or directory
INFO: sphinx_fe.c(764): Converting /home/lapf/Desktop/TCCtest/Sphinx/wav/constituicao16k/art017a.wav to /home/lapf/Desktop/TCCtest/Sphinx/feat/constituicao16k/art017a.mfc
ERROR: "sphinx_fe.c", line 118: Failed to open /home/lapf/Desktop/TCCtest/Sphinx/wav/constituicao16k/art017a.wav: No such file or directory
INFO: sphinx_fe.c(764): Converting /home/lapf/Desktop/TCCtest/Sphinx/wav/constituicao16k/art017b.wav to /home/lapf/Desktop/TCCtest/Sphinx/feat/constituicao16k/art017b.mfc
ERROR: "sphinx_fe.c", line 118: Failed to open /home/lapf/Desktop/TCCtest/Sphinx/wav/constituicao16k/art017b.wav: No such file or directory
INFO: sphinx_fe.c(764): Converting /home/lapf/Desktop/TCCtest/Sphinx/wav/constituicao16k/art017c.wav to /home/lapf/Desktop/TCCtest/Sphinx/feat/constituicao16k/art017c.mfc
ERROR: "sphinx_fe.c", line 118: Failed to open /home/lapf/Desktop/TCCtest/Sphinx/wav/constituicao16k/art017c.wav: No such file or directory
INFO: sphinx_fe.c(764): Converting /home/lapf/Desktop/TCCtest/Sphinx/wav/constituicao16k/art017d.wav to /home/lapf/Desktop/TCCtest/Sphinx/feat/constituicao16k/art017d.mfc
ERROR: "sphinx_fe.c", line 118: Failed to open /home/lapf/Desktop/TCCtest/Sphinx/wav/constituicao16k/art017d.wav: No such file or directory
INFO: sphinx_fe.c(764): Converting /home/lapf/Desktop/TCCtest/Sphinx/wav/constituicao16k/art018a.wav to /home/lapf/Desktop/TCCtest/Sphinx/feat/constituicao16k/art018a.mfc
ERROR: "sphinx_fe.c", line 118: Failed to open /home/lapf/Desktop/TCCtest/Sphinx/wav/constituicao16k/art018a.wav: No such file or directory
INFO: sphinx_fe.c(764): Converting /home/lapf/Desktop/TCCtest/Sphinx/wav/constituicao16k/art018b.wav to /home/lapf/Desktop/TCCtest/Sphinx/feat/constituicao16k/art018b.mfc
ERROR: "sphinx_fe.c", line 118: Failed to open /home/lapf/Desktop/TCCtest/Sphinx/wav/constituicao16k/art018b.wav: No such file or directory
INFO: sphinx_fe.c(764): Converting /home/lapf/Desktop/TCCtest/Sphinx/wav/constituicao16k/art018c.wav to /home/lapf/Desktop/TCCtest/Sphinx/feat/constituicao16k/art018c.mfc
ERROR: "sphinx_fe.c", line 118: Failed to open /home/lapf/Desktop/TCCtest/Sphinx/wav/constituicao16k/art018c.wav: No such file or directory
INFO: sphinx_fe.c(764): Converting /home/lapf/Desktop/TCCtest/Sphinx/wav/constituicao16k/art018d.wav to /home/lapf/Desktop/TCCtest/Sphinx/feat/constituicao16k/art018d.mfc
ERROR: "sphinx_fe.c", line 118: Failed to open /home/lapf/Desktop/TCCtest/Sphinx/wav/constituicao16k/art018d.wav: No such file or directory
INFO: sphinx_fe.c(764): Converting /home/lapf/Desktop/TCCtest/Sphinx/wav/constituicao16k/art019a.wav to /home/lapf/Desktop/TCCtest/Sphinx/feat/constituicao16k/art019a.mfc
ERROR: "sphinx_fe.c", line 118: Failed to open /home/lapf/Desktop/TCCtest/Sphinx/wav/constituicao16k/art019a.wav: No such file or directory
INFO: sphinx_fe.c(764): Converting /home/lapf/Desktop/TCCtest/Sphinx/wav/constituicao16k/art019b.wav to /home/lapf/Desktop/TCCtest/Sphinx/feat/constituicao16k/art019b.mfc
ERROR: "sphinx_fe.c", line 118: Failed to open /home/lapf/Desktop/TCCtest/Sphinx/wav/constituicao16k/art019b.wav: No such file or directory
INFO: sphinx_fe.c(764): Converting /home/lapf/Desktop/TCCtest/Sphinx/wav/constituicao16k/art020a.wav to /home/lapf/Desktop/TCCtest/Sphinx/feat/constituicao16k/art020a.mfc
ERROR: "sphinx_fe.c", line 118: Failed to open /home/lapf/Desktop/TCCtest/Sphinx/wav/constituicao16k/art020a.wav: No such file or directory
INFO: sphinx_fe.c(764): Converting /home/lapf/Desktop/TCCtest/Sphinx/wav/constituicao16k/art020b.wav to /home/lapf/Desktop/TCCtest/Sphinx/feat/constituicao16k/art020b.mfc
ERROR: "sphinx_fe.c", line 118: Failed to open /home/lapf/Desktop/TCCtest/Sphinx/wav/constituicao16k/art020b.wav: No such file or directory
INFO: sphinx_fe.c(764): Converting /home/lapf/Desktop/TCCtest/Sphinx/wav/constituicao16k/art020c.wav to /home/lapf/Desktop/TCCtest/Sphinx/feat/constituicao16k/art020c.mfc
ERROR: "sphinx_fe.c", line 118: Failed to open /home/lapf/Desktop/TCCtest/Sphinx/wav/constituicao16k/art020c.wav: No such file or directory
INFO: sphinx_fe.c(764): Converting /home/lapf/Desktop/TCCtest/Sphinx/wav/constituicao16k/art020d.wav to /home/lapf/Desktop/TCCtest/Sphinx/feat/constituicao16k/art020d.mfc
ERROR: "sphinx_fe.c", line 118: Failed to open /home/lapf/Desktop/TCCtest/Sphinx/wav/constituicao16k/art020d.wav: No such file or directory
INFO: sphinx_fe.c(764): Converting /home/lapf/Desktop/TCCtest/Sphinx/wav/constituicao16k/art020e.wav to /home/lapf/Desktop/TCCtest/Sphinx/feat/constituicao16k/art020e.mfc
ERROR: "sphinx_fe.c", line 118: Failed to open /home/lapf/Desktop/TCCtest/Sphinx/wav/constituicao16k/art020e.wav: No such file or directory
INFO: sphinx_fe.c(764): Converting /home/lapf/Desktop/TCCtest/Sphinx/wav/constituicao16k/art020f.wav to /home/lapf/Desktop/TCCtest/Sphinx/feat/constituicao16k/art020f.mfc
ERROR: "sphinx_fe.c", line 118: Failed to open /home/lapf/Desktop/TCCtest/Sphinx/wav/constituicao16k/art020f.wav: No such file or directory
INFO: sphinx_fe.c(764): Converting /home/lapf/Desktop/TCCtest/Sphinx/wav/constituicao16k/art020g.wav to /home/lapf/Desktop/TCCtest/Sphinx/feat/constituicao16k/art020g.mfc
ERROR: "sphinx_fe.c", line 118: Failed to open /home/lapf/Desktop/TCCtest/Sphinx/wav/constituicao16k/art020g.wav: No such file or directory
INFO: sphinx_fe.c(764): Converting /home/lapf/Desktop/TCCtest/Sphinx/wav/constituicao16k/art020h.wav to /home/lapf/Desktop/TCCtest/Sphinx/feat/constituicao16k/art020h.mfc
ERROR: "sphinx_fe.c", line 118: Failed to open /home/lapf/Desktop/TCCtest/Sphinx/wav/constituicao16k/art020h.wav: No such file or directory
INFO: sphinx_fe.c(764): Converting /home/lapf/Desktop/TCCtest/Sphinx/wav/constituicao16k/art021a.wav to /home/lapf/Desktop/TCCtest/Sphinx/feat/constituicao16k/art021a.mfc
ERROR: "sphinx_fe.c", line 118: Failed to open /home/lapf/Desktop/TCCtest/Sphinx/wav/constituicao16k/art021a.wav: No such file or directory
INFO: sphinx_fe.c(764): Converting /home/lapf/Desktop/TCCtest/Sphinx/wav/constituicao16k/art021b.wav to /home/lapf/Desktop/TCCtest/Sphinx/feat/constituicao16k/art021b.mfc
ERROR: "sphinx_fe.c", line 118: Failed to open /home/lapf/Desktop/TCCtest/Sphinx/wav/constituicao16k/art021b.wav: No such file or directory
INFO: sphinx_fe.c(764): Converting /home/lapf/Desktop/TCCtest/Sphinx/wav/constituicao16k/art021c.wav to /home/lapf/Desktop/TCCtest/Sphinx/feat/constituicao16k/art021c.mfc
ERROR: "sphinx_fe.c", line 118: Failed to open /home/lapf/Desktop/TCCtest/Sphinx/wav/constituicao16k/art021c.wav: No such file or directory
INFO: sphinx_fe.c(764): Converting /home/lapf/Desktop/TCCtest/Sphinx/wav/constituicao16k/art021d.wav to /home/lapf/Desktop/TCCtest/Sphinx/feat/constituicao16k/art021d.mfc
ERROR: "sphinx_fe.c", line 118: Failed to open /home/lapf/Desktop/TCCtest/Sphinx/wav/constituicao16k/art021d.wav: No such file or directory
INFO: sphinx_fe.c(764): Converting /home/lapf/Desktop/TCCtest/Sphinx/wav/constituicao16k/art021e.wav to /home/lapf/Desktop/TCCtest/Sphinx/feat/constituicao16k/art021e.mfc
ERROR: "sphinx_fe.c", line 118: Failed to open /home/lapf/Desktop/TCCtest/Sphinx/wav/constituicao16k/art021e.wav: No such file or directory
INFO: sphinx_fe.c(764): Converting /home/lapf/Desktop/TCCtest/Sphinx/wav/constituicao16k/art021f.wav to /home/lapf/Desktop/TCCtest/Sphinx/feat/constituicao16k/art021f.mfc
ERROR: "sphinx_fe.c", line 118: Failed to open /home/lapf/Desktop/TCCtest/Sphinx/wav/constituicao16k/art021f.wav: No such file or directory
INFO: sphinx_fe.c(764): Converting /home/lapf/Desktop/TCCtest/Sphinx/wav/constituicao16k/art021g.wav to /home/lapf/Desktop/TCCtest/Sphinx/feat/constituicao16k/art021g.mfc
ERROR: "sphinx_fe.c", line 118: Failed to open /home/lapf/Desktop/TCCtest/Sphinx/wav/constituicao16k/art021g.wav: No such file or directory
INFO: sphinx_fe.c(764): Converting /home/lapf/Desktop/TCCtest/Sphinx/wav/constituicao16k/art021h.wav to /home/lapf/Desktop/TCCtest/Sphinx/feat/constituicao16k/art021h.mfc
ERROR: "sphinx_fe.c", line 118: Failed to open /home/lapf/Desktop/TCCtest/Sphinx/wav/constituicao16k/art021h.wav: No such file or directory
INFO: sphinx_fe.c(764): Converting /home/lapf/Desktop/TCCtest/Sphinx/wav/constituicao16k/art021i.wav to /home/lapf/Desktop/TCCtest/Sphinx/feat/constituicao16k/art021i.mfc
ERROR: "sphinx_fe.c", line 118: Failed to open /home/lapf/Desktop/TCCtest/Sphinx/wav/constituicao16k/art021i.wav: No such file or directory
INFO: sphinx_fe.c(764): Converting /home/lapf/Desktop/TCCtest/Sphinx/wav/constituicao16k/art021j.wav to /home/lapf/Desktop/TCCtest/Sphinx/feat/constituicao16k/art021j.mfc
ERROR: "sphinx_fe.c", line 118: Failed to open /home/lapf/Desktop/TCCtest/Sphinx/wav/constituicao16k/art021j.wav: No such file or directory
INFO: sphinx_fe.c(764): Converting /home/lapf/Desktop/TCCtest/Sphinx/wav/constituicao16k/art021k.wav to /home/lapf/Desktop/TCCtest/Sphinx/feat/constituicao16k/art021k.mfc
ERROR: "sphinx_fe.c", line 118: Failed to open /home/lapf/Desktop/TCCtest/Sphinx/wav/constituicao16k/art021k.wav: No such file or directory
INFO: sphinx_fe.c(764): Converting /home/lapf/Desktop/TCCtest/Sphinx/wav/constituicao16k/art021l.wav to /home/lapf/Desktop/TCCtest/Sphinx/feat/constituicao16k/art021l.mfc
ERROR: "sphinx_fe.c", line 118: Failed to open /home/lapf/Desktop/TCCtest/Sphinx/wav/constituicao16k/art021l.wav: No such file or directory
INFO: sphinx_fe.c(764): Converting /home/lapf/Desktop/TCCtest/Sphinx/wav/constituicao16k/art021m.wav to /home/lapf/Desktop/TCCtest/Sphinx/feat/constituicao16k/art021m.mfc
ERROR: "sphinx_fe.c", line 118: Failed to open /home/lapf/Desktop/TCCtest/Sphinx/wav/constituicao16k/art021m.wav: No such file or directory
INFO: sphinx_fe.c(764): Converting /home/lapf/Desktop/TCCtest/Sphinx/wav/constituicao16k/art021n.wav to /home/lapf/Desktop/TCCtest/Sphinx/feat/constituicao16k/art021n.mfc
ERROR: "sphinx_fe.c", line 118: Failed to open /home/lapf/Desktop/TCCtest/Sphinx/wav/constituicao16k/art021n.wav: No such file or directory
INFO: sphinx_fe.c(764): Converting /home/lapf/Desktop/TCCtest/Sphinx/wav/constituicao16k/art021o.wav to /home/lapf/Desktop/TCCtest/Sphinx/feat/constituicao16k/art021o.mfc
ERROR: "sphinx_fe.c", line 118: Failed to open /home/lapf/Desktop/TCCtest/Sphinx/wav/constituicao16k/art021o.wav: No such file or directory
INFO: sphinx_fe.c(764): Converting /home/lapf/Desktop/TCCtest/Sphinx/wav/constituicao16k/art022a.wav to /home/lapf/Desktop/TCCtest/Sphinx/feat/constituicao16k/art022a.mfc
ERROR: "sphinx_fe.c", line 118: Failed to open /home/lapf/Desktop/TCCtest/Sphinx/wav/constituicao16k/art022a.wav: No such file or directory
INFO: sphinx_fe.c(764): Converting /home/lapf/Desktop/TCCtest/Sphinx/wav/constituicao16k/art022b.wav to /home/lapf/Desktop/TCCtest/Sphinx/feat/constituicao16k/art022b.mfc
ERROR: "sphinx_fe.c", line 118: Failed to open /home/lapf/Desktop/TCCtest/Sphinx/wav/constituicao16k/art022b.wav: No such file or directory
INFO: sphinx_fe.c(764): Converting /home/lapf/Desktop/TCCtest/Sphinx/wav/constituicao16k/art022c.wav to /home/lapf/Desktop/TCCtest/Sphinx/feat/constituicao16k/art022c.mfc
ERROR: "sphinx_fe.c", line 118: Failed to open /home/lapf/Desktop/TCCtest/Sphinx/wav/constituicao16k/art022c.wav: No such file or directory
INFO: sphinx_fe.c(764): Converting /home/lapf/Desktop/TCCtest/Sphinx/wav/constituicao16k/art022d.wav to /home/lapf/Desktop/TCCtest/Sphinx/feat/constituicao16k/art022d.mfc
ERROR: "sphinx_fe.c", line 118: Failed to open /home/lapf/Desktop/TCCtest/Sphinx/wav/constituicao16k/art022d.wav: No such file or directory
INFO: sphinx_fe.c(764): Converting /home/lapf/Desktop/TCCtest/Sphinx/wav/constituicao16k/art022e.wav to /home/lapf/Desktop/TCCtest/Sphinx/feat/constituicao16k/art022e.mfc
ERROR: "sphinx_fe.c", line 118: Failed to open /home/lapf/Desktop/TCCtest/Sphinx/wav/constituicao16k/art022e.wav: No such file or directory
INFO: sphinx_fe.c(764): Converting /home/lapf/Desktop/TCCtest/Sphinx/wav/constituicao16k/art022f.wav to /home/lapf/Desktop/TCCtest/Sphinx/feat/constituicao16k/art022f.mfc
ERROR: "sphinx_fe.c", line 118: Failed to open /home/lapf/Desktop/TCCtest/Sphinx/wav/constituicao16k/art022f.wav: No such file or directory
INFO: sphinx_fe.c(764): Converting /home/lapf/Desktop/TCCtest/Sphinx/wav/constituicao16k/art022g.wav to /home/lapf/Desktop/TCCtest/Sphinx/feat/constituicao16k/art022g.mfc
ERROR: "sphinx_fe.c", line 118: Failed to open /home/lapf/Desktop/TCCtest/Sphinx/wav/constituicao16k/art022g.wav: No such file or directory
INFO: sphinx_fe.c(764): Converting /home/lapf/Desktop/TCCtest/Sphinx/wav/constituicao16k/art022h.wav to /home/lapf/Desktop/TCCtest/Sphinx/feat/constituicao16k/art022h.mfc
ERROR: "sphinx_fe.c", line 118: Failed to open /home/lapf/Desktop/TCCtest/Sphinx/wav/constituicao16k/art022h.wav: No such file or directory
INFO: sphinx_fe.c(764): Converting /home/lapf/Desktop/TCCtest/Sphinx/wav/constituicao16k/art022i.wav to /home/lapf/Desktop/TCCtest/Sphinx/feat/constituicao16k/art022i.mfc
ERROR: "sphinx_fe.c", line 118: Failed to open /home/lapf/Desktop/TCCtest/Sphinx/wav/constituicao16k/art022i.wav: No such file or directory
INFO: sphinx_fe.c(764): Converting /home/lapf/Desktop/TCCtest/Sphinx/wav/constituicao16k/art023a.wav to /home/lapf/Desktop/TCCtest/Sphinx/feat/constituicao16k/art023a.mfc
ERROR: "sphinx_fe.c", line 118: Failed to open /home/lapf/Desktop/TCCtest/Sphinx/wav/constituicao16k/art023a.wav: No such file or directory
INFO: sphinx_fe.c(764): Converting /home/lapf/Desktop/TCCtest/Sphinx/wav/constituicao16k/art023b.wav to /home/lapf/Desktop/TCCtest/Sphinx/feat/constituicao16k/art023b.mfc
ERROR: "sphinx_fe.c", line 118: Failed to open /home/lapf/Desktop/TCCtest/Sphinx/wav/constituicao16k/art023b.wav: No such file or directory
INFO: sphinx_fe.c(764): Converting /home/lapf/Desktop/TCCtest/Sphinx/wav/constituicao16k/art023c.wav to /home/lapf/Desktop/TCCtest/Sphinx/feat/constituicao16k/art023c.mfc
ERROR: "sphinx_fe.c", line 118: Failed to open /home/lapf/Desktop/TCCtest/Sphinx/wav/constituicao16k/art023c.wav: No such file or directory
INFO: sphinx_fe.c(764): Converting /home/lapf/Desktop/TCCtest/Sphinx/wav/constituicao16k/art023d.wav to /home/lapf/Desktop/TCCtest/Sphinx/feat/constituicao16k/art023d.mfc
ERROR: "sphinx_fe.c", line 118: Failed to open /home/lapf/Desktop/TCCtest/Sphinx/wav/constituicao16k/art023d.wav: No such file or directory
INFO: sphinx_fe.c(764): Converting /home/lapf/Desktop/TCCtest/Sphinx/wav/constituicao16k/art023e.wav to /home/lapf/Desktop/TCCtest/Sphinx/feat/constituicao16k/art023e.mfc
ERROR: "sphinx_fe.c", line 118: Failed to open /home/lapf/Desktop/TCCtest/Sphinx/wav/constituicao16k/art023e.wav: No such file or directory
INFO: sphinx_fe.c(764): Converting /home/lapf/Desktop/TCCtest/Sphinx/wav/constituicao16k/art024a.wav to /home/lapf/Desktop/TCCtest/Sphinx/feat/constituicao16k/art024a.mfc
ERROR: "sphinx_fe.c", line 118: Failed to open /home/lapf/Desktop/TCCtest/Sphinx/wav/constituicao16k/art024a.wav: No such file or directory
INFO: sphinx_fe.c(764): Converting /home/lapf/Desktop/TCCtest/Sphinx/wav/constituicao16k/art024b.wav to /home/lapf/Desktop/TCCtest/Sphinx/feat/constituicao16k/art024b.mfc
ERROR: "sphinx_fe.c", line 118: Failed to open /home/lapf/Desktop/TCCtest/Sphinx/wav/constituicao16k/art024b.wav: No such file or directory
INFO: sphinx_fe.c(764): Converting /home/lapf/Desktop/TCCtest/Sphinx/wav/constituicao16k/art024c.wav to /home/lapf/Desktop/TCCtest/Sphinx/feat/constituicao16k/art024c.mfc
ERROR: "sphinx_fe.c", line 118: Failed to open /home/lapf/Desktop/TCCtest/Sphinx/wav/constituicao16k/art024c.wav: No such file or directory
INFO: sphinx_fe.c(764): Converting /home/lapf/Desktop/TCCtest/Sphinx/wav/constituicao16k/art024d.wav to /home/lapf/Desktop/TCCtest/Sphinx/feat/constituicao16k/art024d.mfc
ERROR: "sphinx_fe.c", line 118: Failed to open /home/lapf/Desktop/TCCtest/Sphinx/wav/constituicao16k/art024d.wav: No such file or directory
INFO: sphinx_fe.c(764): Converting /home/lapf/Desktop/TCCtest/Sphinx/wav/constituicao16k/art024e.wav to /home/lapf/Desktop/TCCtest/Sphinx/feat/constituicao16k/art024e.mfc
ERROR: "sphinx_fe.c", line 118: Failed to open /home/lapf/Desktop/TCCtest/Sphinx/wav/constituicao16k/art024e.wav: No such file or directory
INFO: sphinx_fe.c(764): Converting /home/lapf/Desktop/TCCtest/Sphinx/wav/constituicao16k/art024f.wav to /home/lapf/Desktop/TCCtest/Sphinx/feat/constituicao16k/art024f.mfc
ERROR: "sphinx_fe.c", line 118: Failed to open /home/lapf/Desktop/TCCtest/Sphinx/wav/constituicao16k/art024f.wav: No such file or directory
INFO: sphinx_fe.c(764): Converting /home/lapf/Desktop/TCCtest/Sphinx/wav/constituicao16k/art025a.wav to /home/lapf/Desktop/TCCtest/Sphinx/feat/constituicao16k/art025a.mfc
ERROR: "sphinx_fe.c", line 118: Failed to open /home/lapf/Desktop/TCCtest/Sphinx/wav/constituicao16k/art025a.wav: No such file or directory
INFO: sphinx_fe.c(764): Converting /home/lapf/Desktop/TCCtest/Sphinx/wav/constituicao16k/art025b.wav to /home/lapf/Desktop/TCCtest/Sphinx/feat/constituicao16k/art025b.mfc
ERROR: "sphinx_fe.c", line 118: Failed to open /home/lapf/Desktop/TCCtest/Sphinx/wav/constituicao16k/art025b.wav: No such file or directory
INFO: sphinx_fe.c(764): Converting /home/lapf/Desktop/TCCtest/Sphinx/wav/constituicao16k/art026a.wav to /home/lapf/Desktop/TCCtest/Sphinx/feat/constituicao16k/art026a.mfc
ERROR: "sphinx_fe.c", line 118: Failed to open /home/lapf/Desktop/TCCtest/Sphinx/wav/constituicao16k/art026a.wav: No such file or directory
INFO: sphinx_fe.c(764): Converting /home/lapf/Desktop/TCCtest/Sphinx/wav/constituicao16k/art026b.wav to /home/lapf/Desktop/TCCtest/Sphinx/feat/constituicao16k/art026b.mfc
ERROR: "sphinx_fe.c", line 118: Failed to open /home/lapf/Desktop/TCCtest/Sphinx/wav/constituicao16k/art026b.wav: No such file or directory
INFO: sphinx_fe.c(764): Converting /home/lapf/Desktop/TCCtest/Sphinx/wav/constituicao16k/art027a.wav to /home/lapf/Desktop/TCCtest/Sphinx/feat/constituicao16k/art027a.mfc
ERROR: "sphinx_fe.c", line 118: Failed to open /home/lapf/Desktop/TCCtest/Sphinx/wav/constituicao16k/art027a.wav: No such file or directory
INFO: sphinx_fe.c(764): Converting /home/lapf/Desktop/TCCtest/Sphinx/wav/constituicao16k/art027b.wav to /home/lapf/Desktop/TCCtest/Sphinx/feat/constituicao16k/art027b.mfc
ERROR: "sphinx_fe.c", line 118: Failed to open /home/lapf/Desktop/TCCtest/Sphinx/wav/constituicao16k/art027b.wav: No such file or directory
INFO: sphinx_fe.c(764): Converting /home/lapf/Desktop/TCCtest/Sphinx/wav/constituicao16k/art027c.wav to /home/lapf/Desktop/TCCtest/Sphinx/feat/constituicao16k/art027c.mfc
ERROR: "sphinx_fe.c", line 118: Failed to open /home/lapf/Desktop/TCCtest/Sphinx/wav/constituicao16k/art027c.wav: No such file or directory
INFO: sphinx_fe.c(764): Converting /home/lapf/Desktop/TCCtest/Sphinx/wav/constituicao16k/art027d.wav to /home/lapf/Desktop/TCCtest/Sphinx/feat/constituicao16k/art027d.mfc
ERROR: "sphinx_fe.c", line 118: Failed to open /home/lapf/Desktop/TCCtest/Sphinx/wav/constituicao16k/art027d.wav: No such file or directory
INFO: sphinx_fe.c(764): Converting /home/lapf/Desktop/TCCtest/Sphinx/wav/constituicao16k/art028a.wav to /home/lapf/Desktop/TCCtest/Sphinx/feat/constituicao16k/art028a.mfc
ERROR: "sphinx_fe.c", line 118: Failed to open /home/lapf/Desktop/TCCtest/Sphinx/wav/constituicao16k/art028a.wav: No such file or directory
INFO: sphinx_fe.c(764): Converting /home/lapf/Desktop/TCCtest/Sphinx/wav/constituicao16k/art028b.wav to /home/lapf/Desktop/TCCtest/Sphinx/feat/constituicao16k/art028b.mfc
ERROR: "sphinx_fe.c", line 118: Failed to open /home/lapf/Desktop/TCCtest/Sphinx/wav/constituicao16k/art028b.wav: No such file or directory
INFO: sphinx_fe.c(764): Converting /home/lapf/Desktop/TCCtest/Sphinx/wav/constituicao16k/art028c.wav to /home/lapf/Desktop/TCCtest/Sphinx/feat/constituicao16k/art028c.mfc
ERROR: "sphinx_fe.c", line 118: Failed to open /home/lapf/Desktop/TCCtest/Sphinx/wav/constituicao16k/art028c.wav: No such file or directory
INFO: sphinx_fe.c(764): Converting /home/lapf/Desktop/TCCtest/Sphinx/wav/constituicao16k/art029a.wav to /home/lapf/Desktop/TCCtest/Sphinx/feat/constituicao16k/art029a.mfc
ERROR: "sphinx_fe.c", line 118: Failed to open /home/lapf/Desktop/TCCtest/Sphinx/wav/constituicao16k/art029a.wav: No such file or directory
INFO: sphinx_fe.c(764): Converting /home/lapf/Desktop/TCCtest/Sphinx/wav/constituicao16k/art029b.wav to /home/lapf/Desktop/TCCtest/Sphinx/feat/constituicao16k/art029b.mfc
ERROR: "sphinx_fe.c", line 118: Failed to open /home/lapf/Desktop/TCCtest/Sphinx/wav/constituicao16k/art029b.wav: No such file or directory
INFO: sphinx_fe.c(764): Converting /home/lapf/Desktop/TCCtest/Sphinx/wav/constituicao16k/art029c.wav to /home/lapf/Desktop/TCCtest/Sphinx/feat/constituicao16k/art029c.mfc
ERROR: "sphinx_fe.c", line 118: Failed to open /home/lapf/Desktop/TCCtest/Sphinx/wav/constituicao16k/art029c.wav: No such file or directory
INFO: sphinx_fe.c(764): Converting /home/lapf/Desktop/TCCtest/Sphinx/wav/constituicao16k/art029d.wav to /home/lapf/Desktop/TCCtest/Sphinx/feat/constituicao16k/art029d.mfc
ERROR: "sphinx_fe.c", line 118: Failed to open /home/lapf/Desktop/TCCtest/Sphinx/wav/constituicao16k/art029d.wav: No such file or directory
INFO: sphinx_fe.c(764): Converting /home/lapf/Desktop/TCCtest/Sphinx/wav/constituicao16k/art029e.wav to /home/lapf/Desktop/TCCtest/Sphinx/feat/constituicao16k/art029e.mfc
ERROR: "sphinx_fe.c", line 118: Failed to open /home/lapf/Desktop/TCCtest/Sphinx/wav/constituicao16k/art029e.wav: No such file or directory
INFO: sphinx_fe.c(764): Converting /home/lapf/Desktop/TCCtest/Sphinx/wav/constituicao16k/art029f.wav to /home/lapf/Desktop/TCCtest/Sphinx/feat/constituicao16k/art029f.mfc
ERROR: "sphinx_fe.c", line 118: Failed to open /home/lapf/Desktop/TCCtest/Sphinx/wav/constituicao16k/art029f.wav: No such file or directory
INFO: sphinx_fe.c(764): Converting /home/lapf/Desktop/TCCtest/Sphinx/wav/constituicao16k/art029g.wav to /home/lapf/Desktop/TCCtest/Sphinx/feat/constituicao16k/art029g.mfc
ERROR: "sphinx_fe.c", line 118: Failed to open /home/lapf/Desktop/TCCtest/Sphinx/wav/constituicao16k/art029g.wav: No such file or directory
INFO: sphinx_fe.c(764): Converting /home/lapf/Desktop/TCCtest/Sphinx/wav/constituicao16k/art029h.wav to /home/lapf/Desktop/TCCtest/Sphinx/feat/constituicao16k/art029h.mfc
ERROR: "sphinx_fe.c", line 118: Failed to open /home/lapf/Desktop/TCCtest/Sphinx/wav/constituicao16k/art029h.wav: No such file or directory
INFO: sphinx_fe.c(764): Converting /home/lapf/Desktop/TCCtest/Sphinx/wav/constituicao16k/art029i.wav to /home/lapf/Desktop/TCCtest/Sphinx/feat/constituicao16k/art029i.mfc
ERROR: "sphinx_fe.c", line 118: Failed to open /home/lapf/Desktop/TCCtest/Sphinx/wav/constituicao16k/art029i.wav: No such file or directory
INFO: sphinx_fe.c(764): Converting /home/lapf/Desktop/TCCtest/Sphinx/wav/constituicao16k/art029j.wav to /home/lapf/Desktop/TCCtest/Sphinx/feat/constituicao16k/art029j.mfc
ERROR: "sphinx_fe.c", line 118: Failed to open /home/lapf/Desktop/TCCtest/Sphinx/wav/constituicao16k/art029j.wav: No such file or directory
INFO: sphinx_fe.c(764): Converting /home/lapf/Desktop/TCCtest/Sphinx/wav/constituicao16k/art029k.wav to /home/lapf/Desktop/TCCtest/Sphinx/feat/constituicao16k/art029k.mfc
ERROR: "sphinx_fe.c", line 118: Failed to open /home/lapf/Desktop/TCCtest/Sphinx/wav/constituicao16k/art029k.wav: No such file or directory
INFO: sphinx_fe.c(764): Converting /home/lapf/Desktop/TCCtest/Sphinx/wav/constituicao16k/art029l.wav to /home/lapf/Desktop/TCCtest/Sphinx/feat/constituicao16k/art029l.mfc
ERROR: "sphinx_fe.c", line 118: Failed to open /home/lapf/Desktop/TCCtest/Sphinx/wav/constituicao16k/art029l.wav: No such file or directory
INFO: sphinx_fe.c(764): Converting /home/lapf/Desktop/TCCtest/Sphinx/wav/constituicao16k/art029m.wav to /home/lapf/Desktop/TCCtest/Sphinx/feat/constituicao16k/art029m.mfc
ERROR: "sphinx_fe.c", line 118: Failed to open /home/lapf/Desktop/TCCtest/Sphinx/wav/constituicao16k/art029m.wav: No such file or directory
INFO: sphinx_fe.c(764): Converting /home/lapf/Desktop/TCCtest/Sphinx/wav/constituicao16k/art030a.wav to /home/lapf/Desktop/TCCtest/Sphinx/feat/constituicao16k/art030a.mfc
ERROR: "sphinx_fe.c", line 118: Failed to open /home/lapf/Desktop/TCCtest/Sphinx/wav/constituicao16k/art030a.wav: No such file or directory
INFO: sphinx_fe.c(764): Converting /home/lapf/Desktop/TCCtest/Sphinx/wav/constituicao16k/art030b.wav to /home/lapf/Desktop/TCCtest/Sphinx/feat/constituicao16k/art030b.mfc
ERROR: "sphinx_fe.c", line 118: Failed to open /home/lapf/Desktop/TCCtest/Sphinx/wav/constituicao16k/art030b.wav: No such file or directory
INFO: sphinx_fe.c(764): Converting /home/lapf/Desktop/TCCtest/Sphinx/wav/constituicao16k/art030c.wav to /home/lapf/Desktop/TCCtest/Sphinx/feat/constituicao16k/art030c.mfc
ERROR: "sphinx_fe.c", line 118: Failed to open /home/lapf/Desktop/TCCtest/Sphinx/wav/constituicao16k/art030c.wav: No such file or directory
INFO: sphinx_fe.c(764): Converting /home/lapf/Desktop/TCCtest/Sphinx/wav/constituicao16k/art030d.wav to /home/lapf/Desktop/TCCtest/Sphinx/feat/constituicao16k/art030d.mfc
ERROR: "sphinx_fe.c", line 118: Failed to open /home/lapf/Desktop/TCCtest/Sphinx/wav/constituicao16k/art030d.wav: No such file or directory
INFO: sphinx_fe.c(764): Converting /home/lapf/Desktop/TCCtest/Sphinx/wav/constituicao16k/art031a.wav to /home/lapf/Desktop/TCCtest/Sphinx/feat/constituicao16k/art031a.mfc
ERROR: "sphinx_fe.c", line 118: Failed to open /home/lapf/Desktop/TCCtest/Sphinx/wav/constituicao16k/art031a.wav: No such file or directory
INFO: sphinx_fe.c(764): Converting /home/lapf/Desktop/TCCtest/Sphinx/wav/constituicao16k/art031b.wav to /home/lapf/Desktop/TCCtest/Sphinx/feat/constituicao16k/art031b.mfc
ERROR: "sphinx_fe.c", line 118: Failed to open /home/lapf/Desktop/TCCtest/Sphinx/wav/constituicao16k/art031b.wav: No such file or directory
INFO: sphinx_fe.c(764): Converting /home/lapf/Desktop/TCCtest/Sphinx/wav/constituicao16k/art031c.wav to /home/lapf/Desktop/TCCtest/Sphinx/feat/constituicao16k/art031c.mfc
ERROR: "sphinx_fe.c", line 118: Failed to open /home/lapf/Desktop/TCCtest/Sphinx/wav/constituicao16k/art031c.wav: No such file or directory
INFO: sphinx_fe.c(764): Converting /home/lapf/Desktop/TCCtest/Sphinx/wav/constituicao16k/art032a.wav to /home/lapf/Desktop/TCCtest/Sphinx/feat/constituicao16k/art032a.mfc
ERROR: "sphinx_fe.c", line 118: Failed to open /home/lapf/Desktop/TCCtest/Sphinx/wav/constituicao16k/art032a.wav: No such file or directory
INFO: sphinx_fe.c(764): Converting /home/lapf/Desktop/TCCtest/Sphinx/wav/constituicao16k/art032b.wav to /home/lapf/Desktop/TCCtest/Sphinx/feat/constituicao16k/art032b.mfc
ERROR: "sphinx_fe.c", line 118: Failed to open /home/lapf/Desktop/TCCtest/Sphinx/wav/constituicao16k/art032b.wav: No such file or directory
INFO: sphinx_fe.c(764): Converting /home/lapf/Desktop/TCCtest/Sphinx/wav/constituicao16k/art032c.wav to /home/lapf/Desktop/TCCtest/Sphinx/feat/constituicao16k/art032c.mfc
ERROR: "sphinx_fe.c", line 118: Failed to open /home/lapf/Desktop/TCCtest/Sphinx/wav/constituicao16k/art032c.wav: No such file or directory
INFO: sphinx_fe.c(764): Converting /home/lapf/Desktop/TCCtest/Sphinx/wav/constituicao16k/art033a.wav to /home/lapf/Desktop/TCCtest/Sphinx/feat/constituicao16k/art033a.mfc
ERROR: "sphinx_fe.c", line 118: Failed to open /home/lapf/Desktop/TCCtest/Sphinx/wav/constituicao16k/art033a.wav: No such file or directory
INFO: sphinx_fe.c(764): Converting /home/lapf/Desktop/TCCtest/Sphinx/wav/constituicao16k/art033b.wav to /home/lapf/Desktop/TCCtest/Sphinx/feat/constituicao16k/art033b.mfc
ERROR: "sphinx_fe.c", line 118: Failed to open /home/lapf/Desktop/TCCtest/Sphinx/wav/constituicao16k/art033b.wav: No such file or directory
INFO: sphinx_fe.c(764): Converting /home/lapf/Desktop/TCCtest/Sphinx/wav/constituicao16k/art034a.wav to /home/lapf/Desktop/TCCtest/Sphinx/feat/constituicao16k/art034a.mfc
ERROR: "sphinx_fe.c", line 118: Failed to open /home/lapf/Desktop/TCCtest/Sphinx/wav/constituicao16k/art034a.wav: No such file or directory
INFO: sphinx_fe.c(764): Converting /home/lapf/Desktop/TCCtest/Sphinx/wav/constituicao16k/art034b.wav to /home/lapf/Desktop/TCCtest/Sphinx/feat/constituicao16k/art034b.mfc
ERROR: "sphinx_fe.c", line 118: Failed to open /home/lapf/Desktop/TCCtest/Sphinx/wav/constituicao16k/art034b.wav: No such file or directory
INFO: sphinx_fe.c(764): Converting /home/lapf/Desktop/TCCtest/Sphinx/wav/constituicao16k/art034c.wav to /home/lapf/Desktop/TCCtest/Sphinx/feat/constituicao16k/art034c.mfc
ERROR: "sphinx_fe.c", line 118: Failed to open /home/lapf/Desktop/TCCtest/Sphinx/wav/constituicao16k/art034c.wav: No such file or directory
INFO: sphinx_fe.c(764): Converting /home/lapf/Desktop/TCCtest/Sphinx/wav/constituicao16k/art034d.wav to /home/lapf/Desktop/TCCtest/Sphinx/feat/constituicao16k/art034d.mfc
ERROR: "sphinx_fe.c", line 118: Failed to open /home/lapf/Desktop/TCCtest/Sphinx/wav/constituicao16k/art034d.wav: No such file or directory
INFO: sphinx_fe.c(764): Converting /home/lapf/Desktop/TCCtest/Sphinx/wav/constituicao16k/art034e.wav to /home/lapf/Desktop/TCCtest/Sphinx/feat/constituicao16k/art034e.mfc
ERROR: "sphinx_fe.c", line 118: Failed to open /home/lapf/Desktop/TCCtest/Sphinx/wav/constituicao16k/art034e.wav: No such file or directory
INFO: sphinx_fe.c(764): Converting /home/lapf/Desktop/TCCtest/Sphinx/wav/constituicao16k/art035a.wav to /home/lapf/Desktop/TCCtest/Sphinx/feat/constituicao16k/art035a.mfc
ERROR: "sphinx_fe.c", line 118: Failed to open /home/lapf/Desktop/TCCtest/Sphinx/wav/constituicao16k/art035a.wav: No such file or directory
INFO: sphinx_fe.c(764): Converting /home/lapf/Desktop/TCCtest/Sphinx/wav/constituicao16k/art035b.wav to /home/lapf/Desktop/TCCtest/Sphinx/feat/constituicao16k/art035b.mfc
ERROR: "sphinx_fe.c", line 118: Failed to open /home/lapf/Desktop/TCCtest/Sphinx/wav/constituicao16k/art035b.wav: No such file or directory
INFO: sphinx_fe.c(764): Converting /home/lapf/Desktop/TCCtest/Sphinx/wav/constituicao16k/art036a.wav to /home/lapf/Desktop/TCCtest/Sphinx/feat/constituicao16k/art036a.mfc
ERROR: "sphinx_fe.c", line 118: Failed to open /home/lapf/Desktop/TCCtest/Sphinx/wav/constituicao16k/art036a.wav: No such file or directory
INFO: sphinx_fe.c(764): Converting /home/lapf/Desktop/TCCtest/Sphinx/wav/constituicao16k/art036b.wav to /home/lapf/Desktop/TCCtest/Sphinx/feat/constituicao16k/art036b.mfc
ERROR: "sphinx_fe.c", line 118: Failed to open /home/lapf/Desktop/TCCtest/Sphinx/wav/constituicao16k/art036b.wav: No such file or directory
INFO: sphinx_fe.c(764): Converting /home/lapf/Desktop/TCCtest/Sphinx/wav/constituicao16k/art036c.wav to /home/lapf/Desktop/TCCtest/Sphinx/feat/constituicao16k/art036c.mfc
ERROR: "sphinx_fe.c", line 118: Failed to open /home/lapf/Desktop/TCCtest/Sphinx/wav/constituicao16k/art036c.wav: No such file or directory
INFO: sphinx_fe.c(764): Converting /home/lapf/Desktop/TCCtest/Sphinx/wav/constituicao16k/art036d.wav to /home/lapf/Desktop/TCCtest/Sphinx/feat/constituicao16k/art036d.mfc
ERROR: "sphinx_fe.c", line 118: Failed to open /home/lapf/Desktop/TCCtest/Sphinx/wav/constituicao16k/art036d.wav: No such file or directory
INFO: sphinx_fe.c(764): Converting /home/lapf/Desktop/TCCtest/Sphinx/wav/constituicao16k/art036e.wav to /home/lapf/Desktop/TCCtest/Sphinx/feat/constituicao16k/art036e.mfc
ERROR: "sphinx_fe.c", line 118: Failed to open /home/lapf/Desktop/TCCtest/Sphinx/wav/constituicao16k/art036e.wav: No such file or directory
INFO: sphinx_fe.c(764): Converting /home/lapf/Desktop/TCCtest/Sphinx/wav/constituicao16k/art036f.wav to /home/lapf/Desktop/TCCtest/Sphinx/feat/constituicao16k/art036f.mfc
ERROR: "sphinx_fe.c", line 118: Failed to open /home/lapf/Desktop/TCCtest/Sphinx/wav/constituicao16k/art036f.wav: No such file or directory
INFO: sphinx_fe.c(764): Converting /home/lapf/Desktop/TCCtest/Sphinx/wav/constituicao16k/art036g.wav to /home/lapf/Desktop/TCCtest/Sphinx/feat/constituicao16k/art036g.mfc
ERROR: "sphinx_fe.c", line 118: Failed to open /home/lapf/Desktop/TCCtest/Sphinx/wav/constituicao16k/art036g.wav: No such file or directory
INFO: sphinx_fe.c(764): Converting /home/lapf/Desktop/TCCtest/Sphinx/wav/constituicao16k/art037a1.wav to /home/lapf/Desktop/TCCtest/Sphinx/feat/constituicao16k/art037a1.mfc
ERROR: "sphinx_fe.c", line 118: Failed to open /home/lapf/Desktop/TCCtest/Sphinx/wav/constituicao16k/art037a1.wav: No such file or directory
INFO: sphinx_fe.c(764): Converting /home/lapf/Desktop/TCCtest/Sphinx/wav/constituicao16k/art037a.wav to /home/lapf/Desktop/TCCtest/Sphinx/feat/constituicao16k/art037a.mfc
ERROR: "sphinx_fe.c", line 118: Failed to open /home/lapf/Desktop/TCCtest/Sphinx/wav/constituicao16k/art037a.wav: No such file or directory
INFO: sphinx_fe.c(764): Converting /home/lapf/Desktop/TCCtest/Sphinx/wav/constituicao16k/art037b1.wav to /home/lapf/Desktop/TCCtest/Sphinx/feat/constituicao16k/art037b1.mfc
ERROR: "sphinx_fe.c", line 118: Failed to open /home/lapf/Desktop/TCCtest/Sphinx/wav/constituicao16k/art037b1.wav: No such file or directory
INFO: sphinx_fe.c(764): Converting /home/lapf/Desktop/TCCtest/Sphinx/wav/constituicao16k/art037b.wav to /home/lapf/Desktop/TCCtest/Sphinx/feat/constituicao16k/art037b.mfc
ERROR: "sphinx_fe.c", line 118: Failed to open /home/lapf/Desktop/TCCtest/Sphinx/wav/constituicao16k/art037b.wav: No such file or directory
INFO: sphinx_fe.c(764): Converting /home/lapf/Desktop/TCCtest/Sphinx/wav/constituicao16k/art037c1.wav to /home/lapf/Desktop/TCCtest/Sphinx/feat/constituicao16k/art037c1.mfc
ERROR: "sphinx_fe.c", line 118: Failed to open /home/lapf/Desktop/TCCtest/Sphinx/wav/constituicao16k/art037c1.wav: No such file or directory
INFO: sphinx_fe.c(764): Converting /home/lapf/Desktop/TCCtest/Sphinx/wav/constituicao16k/art037c.wav to /home/lapf/Desktop/TCCtest/Sphinx/feat/constituicao16k/art037c.mfc
ERROR: "sphinx_fe.c", line 118: Failed to open /home/lapf/Desktop/TCCtest/Sphinx/wav/constituicao16k/art037c.wav: No such file or directory
INFO: sphinx_fe.c(764): Converting /home/lapf/Desktop/TCCtest/Sphinx/wav/constituicao16k/art037d1.wav to /home/lapf/Desktop/TCCtest/Sphinx/feat/constituicao16k/art037d1.mfc
ERROR: "sphinx_fe.c", line 118: Failed to open /home/lapf/Desktop/TCCtest/Sphinx/wav/constituicao16k/art037d1.wav: No such file or directory
INFO: sphinx_fe.c(764): Converting /home/lapf/Desktop/TCCtest/Sphinx/wav/constituicao16k/art037d.wav to /home/lapf/Desktop/TCCtest/Sphinx/feat/constituicao16k/art037d.mfc
ERROR: "sphinx_fe.c", line 118: Failed to open /home/lapf/Desktop/TCCtest/Sphinx/wav/constituicao16k/art037d.wav: No such file or directory
INFO: sphinx_fe.c(764): Converting /home/lapf/Desktop/TCCtest/Sphinx/wav/constituicao16k/art037e1.wav to /home/lapf/Desktop/TCCtest/Sphinx/feat/constituicao16k/art037e1.mfc
ERROR: "sphinx_fe.c", line 118: Failed to open /home/lapf/Desktop/TCCtest/Sphinx/wav/constituicao16k/art037e1.wav: No such file or directory
INFO: sphinx_fe.c(764): Converting /home/lapf/Desktop/TCCtest/Sphinx/wav/constituicao16k/art037e.wav to /home/lapf/Desktop/TCCtest/Sphinx/feat/constituicao16k/art037e.mfc
ERROR: "sphinx_fe.c", line 118: Failed to open /home/lapf/Desktop/TCCtest/Sphinx/wav/constituicao16k/art037e.wav: No such file or directory
INFO: sphinx_fe.c(764): Converting /home/lapf/Desktop/TCCtest/Sphinx/wav/constituicao16k/art037f1.wav to /home/lapf/Desktop/TCCtest/Sphinx/feat/constituicao16k/art037f1.mfc
ERROR: "sphinx_fe.c", line 118: Failed to open /home/lapf/Desktop/TCCtest/Sphinx/wav/constituicao16k/art037f1.wav: No such file or directory
INFO: sphinx_fe.c(764): Converting /home/lapf/Desktop/TCCtest/Sphinx/wav/constituicao16k/art037f.wav to /home/lapf/Desktop/TCCtest/Sphinx/feat/constituicao16k/art037f.mfc
ERROR: "sphinx_fe.c", line 118: Failed to open /home/lapf/Desktop/TCCtest/Sphinx/wav/constituicao16k/art037f.wav: No such file or directory
INFO: sphinx_fe.c(764): Converting /home/lapf/Desktop/TCCtest/Sphinx/wav/constituicao16k/art037g1.wav to /home/lapf/Desktop/TCCtest/Sphinx/feat/constituicao16k/art037g1.mfc
ERROR: "sphinx_fe.c", line 118: Failed to open /home/lapf/Desktop/TCCtest/Sphinx/wav/constituicao16k/art037g1.wav: No such file or directory
INFO: sphinx_fe.c(764): Converting /home/lapf/Desktop/TCCtest/Sphinx/wav/constituicao16k/art037g.wav to /home/lapf/Desktop/TCCtest/Sphinx/feat/constituicao16k/art037g.mfc
ERROR: "sphinx_fe.c", line 118: Failed to open /home/lapf/Desktop/TCCtest/Sphinx/wav/constituicao16k/art037g.wav: No such file or directory
INFO: sphinx_fe.c(764): Converting /home/lapf/Desktop/TCCtest/Sphinx/wav/constituicao16k/art037h1.wav to /home/lapf/Desktop/TCCtest/Sphinx/feat/constituicao16k/art037h1.mfc
ERROR: "sphinx_fe.c", line 118: Failed to open /home/lapf/Desktop/TCCtest/Sphinx/wav/constituicao16k/art037h1.wav: No such file or directory
INFO: sphinx_fe.c(764): Converting /home/lapf/Desktop/TCCtest/Sphinx/wav/constituicao16k/art037h.wav to /home/lapf/Desktop/TCCtest/Sphinx/feat/constituicao16k/art037h.mfc
ERROR: "sphinx_fe.c", line 118: Failed to open /home/lapf/Desktop/TCCtest/Sphinx/wav/constituicao16k/art037h.wav: No such file or directory
INFO: sphinx_fe.c(764): Converting /home/lapf/Desktop/TCCtest/Sphinx/wav/constituicao16k/art037i1.wav to /home/lapf/Desktop/TCCtest/Sphinx/feat/constituicao16k/art037i1.mfc
ERROR: "sphinx_fe.c", line 118: Failed to open /home/lapf/Desktop/TCCtest/Sphinx/wav/constituicao16k/art037i1.wav: No such file or directory
INFO: sphinx_fe.c(764): Converting /home/lapf/Desktop/TCCtest/Sphinx/wav/constituicao16k/art037i.wav to /home/lapf/Desktop/TCCtest/Sphinx/feat/constituicao16k/art037i.mfc
ERROR: "sphinx_fe.c", line 118: Failed to open /home/lapf/Desktop/TCCtest/Sphinx/wav/constituicao16k/art037i.wav: No such file or directory
INFO: sphinx_fe.c(764): Converting /home/lapf/Desktop/TCCtest/Sphinx/wav/constituicao16k/art037j.wav to /home/lapf/Desktop/TCCtest/Sphinx/feat/constituicao16k/art037j.mfc
ERROR: "sphinx_fe.c", line 118: Failed to open /home/lapf/Desktop/TCCtest/Sphinx/wav/constituicao16k/art037j.wav: No such file or directory
INFO: sphinx_fe.c(764): Converting /home/lapf/Desktop/TCCtest/Sphinx/wav/constituicao16k/art037k.wav to /home/lapf/Desktop/TCCtest/Sphinx/feat/constituicao16k/art037k.mfc
ERROR: "sphinx_fe.c", line 118: Failed to open /home/lapf/Desktop/TCCtest/Sphinx/wav/constituicao16k/art037k.wav: No such file or directory
INFO: sphinx_fe.c(764): Converting /home/lapf/Desktop/TCCtest/Sphinx/wav/constituicao16k/art037l.wav to /home/lapf/Desktop/TCCtest/Sphinx/feat/constituicao16k/art037l.mfc
ERROR: "sphinx_fe.c", line 118: Failed to open /home/lapf/Desktop/TCCtest/Sphinx/wav/constituicao16k/art037l.wav: No such file or directory
INFO: sphinx_fe.c(764): Converting /home/lapf/Desktop/TCCtest/Sphinx/wav/constituicao16k/art037m.wav to /home/lapf/Desktop/TCCtest/Sphinx/feat/constituicao16k/art037m.mfc
ERROR: "sphinx_fe.c", line 118: Failed to open /home/lapf/Desktop/TCCtest/Sphinx/wav/constituicao16k/art037m.wav: No such file or directory
INFO: sphinx_fe.c(764): Converting /home/lapf/Desktop/TCCtest/Sphinx/wav/constituicao16k/art037n.wav to /home/lapf/Desktop/TCCtest/Sphinx/feat/constituicao16k/art037n.mfc
ERROR: "sphinx_fe.c", line 118: Failed to open /home/lapf/Desktop/TCCtest/Sphinx/wav/constituicao16k/art037n.wav: No such file or directory
INFO: sphinx_fe.c(764): Converting /home/lapf/Desktop/TCCtest/Sphinx/wav/constituicao16k/art037o.wav to /home/lapf/Desktop/TCCtest/Sphinx/feat/constituicao16k/art037o.mfc
ERROR: "sphinx_fe.c", line 118: Failed to open /home/lapf/Desktop/TCCtest/Sphinx/wav/constituicao16k/art037o.wav: No such file or directory
INFO: sphinx_fe.c(764): Converting /home/lapf/Desktop/TCCtest/Sphinx/wav/constituicao16k/art037p.wav to /home/lapf/Desktop/TCCtest/Sphinx/feat/constituicao16k/art037p.mfc
ERROR: "sphinx_fe.c", line 118: Failed to open /home/lapf/Desktop/TCCtest/Sphinx/wav/constituicao16k/art037p.wav: No such file or directory
INFO: sphinx_fe.c(764): Converting /home/lapf/Desktop/TCCtest/Sphinx/wav/constituicao16k/art037q.wav to /home/lapf/Desktop/TCCtest/Sphinx/feat/constituicao16k/art037q.mfc
ERROR: "sphinx_fe.c", line 118: Failed to open /home/lapf/Desktop/TCCtest/Sphinx/wav/constituicao16k/art037q.wav: No such file or directory
INFO: sphinx_fe.c(764): Converting /home/lapf/Desktop/TCCtest/Sphinx/wav/constituicao16k/art037r.wav to /home/lapf/Desktop/TCCtest/Sphinx/feat/constituicao16k/art037r.mfc
ERROR: "sphinx_fe.c", line 118: Failed to open /home/lapf/Desktop/TCCtest/Sphinx/wav/constituicao16k/art037r.wav: No such file or directory
INFO: sphinx_fe.c(764): Converting /home/lapf/Desktop/TCCtest/Sphinx/wav/constituicao16k/art037s.wav to /home/lapf/Desktop/TCCtest/Sphinx/feat/constituicao16k/art037s.mfc
ERROR: "sphinx_fe.c", line 118: Failed to open /home/lapf/Desktop/TCCtest/Sphinx/wav/constituicao16k/art037s.wav: No such file or directory
INFO: sphinx_fe.c(764): Converting /home/lapf/Desktop/TCCtest/Sphinx/wav/constituicao16k/art037t.wav to /home/lapf/Desktop/TCCtest/Sphinx/feat/constituicao16k/art037t.mfc
ERROR: "sphinx_fe.c", line 118: Failed to open /home/lapf/Desktop/TCCtest/Sphinx/wav/constituicao16k/art037t.wav: No such file or directory
INFO: sphinx_fe.c(764): Converting /home/lapf/Desktop/TCCtest/Sphinx/wav/constituicao16k/art037u.wav to /home/lapf/Desktop/TCCtest/Sphinx/feat/constituicao16k/art037u.mfc
ERROR: "sphinx_fe.c", line 118: Failed to open /home/lapf/Desktop/TCCtest/Sphinx/wav/constituicao16k/art037u.wav: No such file or directory
INFO: sphinx_fe.c(764): Converting /home/lapf/Desktop/TCCtest/Sphinx/wav/constituicao16k/art037v.wav to /home/lapf/Desktop/TCCtest/Sphinx/feat/constituicao16k/art037v.mfc
ERROR: "sphinx_fe.c", line 118: Failed to open /home/lapf/Desktop/TCCtest/Sphinx/wav/constituicao16k/art037v.wav: No such file or directory
INFO: sphinx_fe.c(764): Converting /home/lapf/Desktop/TCCtest/Sphinx/wav/constituicao16k/art037w.wav to /home/lapf/Desktop/TCCtest/Sphinx/feat/constituicao16k/art037w.mfc
ERROR: "sphinx_fe.c", line 118: Failed to open /home/lapf/Desktop/TCCtest/Sphinx/wav/constituicao16k/art037w.wav: No such file or directory
INFO: sphinx_fe.c(764): Converting /home/lapf/Desktop/TCCtest/Sphinx/wav/constituicao16k/art037x.wav to /home/lapf/Desktop/TCCtest/Sphinx/feat/constituicao16k/art037x.mfc
ERROR: "sphinx_fe.c", line 118: Failed to open /home/lapf/Desktop/TCCtest/Sphinx/wav/constituicao16k/art037x.wav: No such file or directory
INFO: sphinx_fe.c(764): Converting /home/lapf/Desktop/TCCtest/Sphinx/wav/constituicao16k/art037y.wav to /home/lapf/Desktop/TCCtest/Sphinx/feat/constituicao16k/art037y.mfc
ERROR: "sphinx_fe.c", line 118: Failed to open /home/lapf/Desktop/TCCtest/Sphinx/wav/constituicao16k/art037y.wav: No such file or directory
INFO: sphinx_fe.c(764): Converting /home/lapf/Desktop/TCCtest/Sphinx/wav/constituicao16k/art037z.wav to /home/lapf/Desktop/TCCtest/Sphinx/feat/constituicao16k/art037z.mfc
ERROR: "sphinx_fe.c", line 118: Failed to open /home/lapf/Desktop/TCCtest/Sphinx/wav/constituicao16k/art037z.wav: No such file or directory
INFO: sphinx_fe.c(764): Converting /home/lapf/Desktop/TCCtest/Sphinx/wav/constituicao16k/art038a.wav to /home/lapf/Desktop/TCCtest/Sphinx/feat/constituicao16k/art038a.mfc
ERROR: "sphinx_fe.c", line 118: Failed to open /home/lapf/Desktop/TCCtest/Sphinx/wav/constituicao16k/art038a.wav: No such file or directory
INFO: sphinx_fe.c(764): Converting /home/lapf/Desktop/TCCtest/Sphinx/wav/constituicao16k/art038b.wav to /home/lapf/Desktop/TCCtest/Sphinx/feat/constituicao16k/art038b.mfc
ERROR: "sphinx_fe.c", line 118: Failed to open /home/lapf/Desktop/TCCtest/Sphinx/wav/constituicao16k/art038b.wav: No such file or directory
INFO: sphinx_fe.c(764): Converting /home/lapf/Desktop/TCCtest/Sphinx/wav/constituicao16k/art038c.wav to /home/lapf/Desktop/TCCtest/Sphinx/feat/constituicao16k/art038c.mfc
ERROR: "sphinx_fe.c", line 118: Failed to open /home/lapf/Desktop/TCCtest/Sphinx/wav/constituicao16k/art038c.wav: No such file or directory
INFO: sphinx_fe.c(764): Converting /home/lapf/Desktop/TCCtest/Sphinx/wav/constituicao16k/art038d.wav to /home/lapf/Desktop/TCCtest/Sphinx/feat/constituicao16k/art038d.mfc
ERROR: "sphinx_fe.c", line 118: Failed to open /home/lapf/Desktop/TCCtest/Sphinx/wav/constituicao16k/art038d.wav: No such file or directory
INFO: sphinx_fe.c(764): Converting /home/lapf/Desktop/TCCtest/Sphinx/wav/constituicao16k/art039a.wav to /home/lapf/Desktop/TCCtest/Sphinx/feat/constituicao16k/art039a.mfc
ERROR: "sphinx_fe.c", line 118: Failed to open /home/lapf/Desktop/TCCtest/Sphinx/wav/constituicao16k/art039a.wav: No such file or directory
INFO: sphinx_fe.c(764): Converting /home/lapf/Desktop/TCCtest/Sphinx/wav/constituicao16k/art039b.wav to /home/lapf/Desktop/TCCtest/Sphinx/feat/constituicao16k/art039b.mfc
ERROR: "sphinx_fe.c", line 118: Failed to open /home/lapf/Desktop/TCCtest/Sphinx/wav/constituicao16k/art039b.wav: No such file or directory
INFO: sphinx_fe.c(764): Converting /home/lapf/Desktop/TCCtest/Sphinx/wav/constituicao16k/art039c.wav to /home/lapf/Desktop/TCCtest/Sphinx/feat/constituicao16k/art039c.mfc
ERROR: "sphinx_fe.c", line 118: Failed to open /home/lapf/Desktop/TCCtest/Sphinx/wav/constituicao16k/art039c.wav: No such file or directory
INFO: sphinx_fe.c(764): Converting /home/lapf/Desktop/TCCtest/Sphinx/wav/constituicao16k/art039d.wav to /home/lapf/Desktop/TCCtest/Sphinx/feat/constituicao16k/art039d.mfc
ERROR: "sphinx_fe.c", line 118: Failed to open /home/lapf/Desktop/TCCtest/Sphinx/wav/constituicao16k/art039d.wav: No such file or directory
INFO: sphinx_fe.c(764): Converting /home/lapf/Desktop/TCCtest/Sphinx/wav/constituicao16k/art039e.wav to /home/lapf/Desktop/TCCtest/Sphinx/feat/constituicao16k/art039e.mfc
ERROR: "sphinx_fe.c", line 118: Failed to open /home/lapf/Desktop/TCCtest/Sphinx/wav/constituicao16k/art039e.wav: No such file or directory
INFO: sphinx_fe.c(764): Converting /home/lapf/Desktop/TCCtest/Sphinx/wav/constituicao16k/art039f.wav to /home/lapf/Desktop/TCCtest/Sphinx/feat/constituicao16k/art039f.mfc
ERROR: "sphinx_fe.c", line 118: Failed to open /home/lapf/Desktop/TCCtest/Sphinx/wav/constituicao16k/art039f.wav: No such file or directory
INFO: sphinx_fe.c(764): Converting /home/lapf/Desktop/TCCtest/Sphinx/wav/constituicao16k/art039g.wav to /home/lapf/Desktop/TCCtest/Sphinx/feat/constituicao16k/art039g.mfc
ERROR: "sphinx_fe.c", line 118: Failed to open /home/lapf/Desktop/TCCtest/Sphinx/wav/constituicao16k/art039g.wav: No such file or directory
INFO: sphinx_fe.c(764): Converting /home/lapf/Desktop/TCCtest/Sphinx/wav/constituicao16k/art039h.wav to /home/lapf/Desktop/TCCtest/Sphinx/feat/constituicao16k/art039h.mfc
ERROR: "sphinx_fe.c", line 118: Failed to open /home/lapf/Desktop/TCCtest/Sphinx/wav/constituicao16k/art039h.wav: No such file or directory
INFO: sphinx_fe.c(764): Converting /home/lapf/Desktop/TCCtest/Sphinx/wav/constituicao16k/art040a.wav to /home/lapf/Desktop/TCCtest/Sphinx/feat/constituicao16k/art040a.mfc
ERROR: "sphinx_fe.c", line 118: Failed to open /home/lapf/Desktop/TCCtest/Sphinx/wav/constituicao16k/art040a.wav: No such file or directory
INFO: sphinx_fe.c(764): Converting /home/lapf/Desktop/TCCtest/Sphinx/wav/constituicao16k/art040b.wav to /home/lapf/Desktop/TCCtest/Sphinx/feat/constituicao16k/art040b.mfc
ERROR: "sphinx_fe.c", line 118: Failed to open /home/lapf/Desktop/TCCtest/Sphinx/wav/constituicao16k/art040b.wav: No such file or directory
INFO: sphinx_fe.c(764): Converting /home/lapf/Desktop/TCCtest/Sphinx/wav/constituicao16k/art040c.wav to /home/lapf/Desktop/TCCtest/Sphinx/feat/constituicao16k/art040c.mfc
ERROR: "sphinx_fe.c", line 118: Failed to open /home/lapf/Desktop/TCCtest/Sphinx/wav/constituicao16k/art040c.wav: No such file or directory
INFO: sphinx_fe.c(764): Converting /home/lapf/Desktop/TCCtest/Sphinx/wav/constituicao16k/art040d.wav to /home/lapf/Desktop/TCCtest/Sphinx/feat/constituicao16k/art040d.mfc
ERROR: "sphinx_fe.c", line 118: Failed to open /home/lapf/Desktop/TCCtest/Sphinx/wav/constituicao16k/art040d.wav: No such file or directory
INFO: sphinx_fe.c(764): Converting /home/lapf/Desktop/TCCtest/Sphinx/wav/constituicao16k/art040e.wav to /home/lapf/Desktop/TCCtest/Sphinx/feat/constituicao16k/art040e.mfc
ERROR: "sphinx_fe.c", line 118: Failed to open /home/lapf/Desktop/TCCtest/Sphinx/wav/constituicao16k/art040e.wav: No such file or directory
Wed May 18 20:48:06 2016
