Current configuration:
[NAME]			[DEFLT]		[VALUE]
-alpha			0.97		9.700000e-01
-argfile				
-blocksize		2048		2048
-build_outdirs		yes		yes
-c					/home/lapf/Desktop/TCCtest/Sphinx/etc/constituicao_sphinx_train.fileids
-cep2spec		no		no
-di					/home/lapf/Desktop/TCCtest/Sphinx/wav
-dither			no		no
-do					/home/lapf/Desktop/TCCtest/Sphinx/feat
-doublebw		no		no
-ei					wav
-eo					mfc
-example		no		no
-frate			100		100
-help			no		no
-i					
-input_endian		little		little
-lifter			0		22
-logspec		no		no
-lowerf			133.33334	1.300000e+02
-mach_endian		little		little
-mswav			no		yes
-ncep			13		13
-nchans			1		1
-nfft			512		512
-nfilt			40		25
-nist			no		no
-npart			0		5
-nskip			0		0
-o					
-ofmt			sphinx		sphinx
-part			0		5
-raw			no		no
-remove_dc		no		no
-remove_noise		yes		yes
-remove_silence		yes		yes
-round_filters		yes		yes
-runlen			-1		-1
-samprate		16000		1.600000e+04
-seed			-1		-1
-smoothspec		no		no
-spec2cep		no		no
-sph2pipe		no		no
-transform		legacy		dct
-unit_area		yes		yes
-upperf			6855.4976	6.800000e+03
-vad_postspeech		50		50
-vad_prespeech		20		20
-vad_startspeech	10		10
-vad_threshold		2.0		2.000000e+00
-verbose		no		no
-warp_params				
-warp_type		inverse_linear	inverse_linear
-whichchan		0		0
-wlen			0.025625	2.562500e-02

INFO: sphinx_fe.c(957): Processing all remaining utterances at position 1004
INFO: sphinx_fe.c(764): Converting /home/lapf/Desktop/TCCtest/Sphinx/wav/constituicao16k/dt008g.wav to /home/lapf/Desktop/TCCtest/Sphinx/feat/constituicao16k/dt008g.mfc
ERROR: "sphinx_fe.c", line 118: Failed to open /home/lapf/Desktop/TCCtest/Sphinx/wav/constituicao16k/dt008g.wav: No such file or directory
INFO: sphinx_fe.c(764): Converting /home/lapf/Desktop/TCCtest/Sphinx/wav/constituicao16k/dt008h.wav to /home/lapf/Desktop/TCCtest/Sphinx/feat/constituicao16k/dt008h.mfc
ERROR: "sphinx_fe.c", line 118: Failed to open /home/lapf/Desktop/TCCtest/Sphinx/wav/constituicao16k/dt008h.wav: No such file or directory
INFO: sphinx_fe.c(764): Converting /home/lapf/Desktop/TCCtest/Sphinx/wav/constituicao16k/dt009.wav to /home/lapf/Desktop/TCCtest/Sphinx/feat/constituicao16k/dt009.mfc
ERROR: "sphinx_fe.c", line 118: Failed to open /home/lapf/Desktop/TCCtest/Sphinx/wav/constituicao16k/dt009.wav: No such file or directory
INFO: sphinx_fe.c(764): Converting /home/lapf/Desktop/TCCtest/Sphinx/wav/constituicao16k/dt010a.wav to /home/lapf/Desktop/TCCtest/Sphinx/feat/constituicao16k/dt010a.mfc
ERROR: "sphinx_fe.c", line 118: Failed to open /home/lapf/Desktop/TCCtest/Sphinx/wav/constituicao16k/dt010a.wav: No such file or directory
INFO: sphinx_fe.c(764): Converting /home/lapf/Desktop/TCCtest/Sphinx/wav/constituicao16k/dt010b.wav to /home/lapf/Desktop/TCCtest/Sphinx/feat/constituicao16k/dt010b.mfc
ERROR: "sphinx_fe.c", line 118: Failed to open /home/lapf/Desktop/TCCtest/Sphinx/wav/constituicao16k/dt010b.wav: No such file or directory
INFO: sphinx_fe.c(764): Converting /home/lapf/Desktop/TCCtest/Sphinx/wav/constituicao16k/dt010c.wav to /home/lapf/Desktop/TCCtest/Sphinx/feat/constituicao16k/dt010c.mfc
ERROR: "sphinx_fe.c", line 118: Failed to open /home/lapf/Desktop/TCCtest/Sphinx/wav/constituicao16k/dt010c.wav: No such file or directory
INFO: sphinx_fe.c(764): Converting /home/lapf/Desktop/TCCtest/Sphinx/wav/constituicao16k/dt010d.wav to /home/lapf/Desktop/TCCtest/Sphinx/feat/constituicao16k/dt010d.mfc
ERROR: "sphinx_fe.c", line 118: Failed to open /home/lapf/Desktop/TCCtest/Sphinx/wav/constituicao16k/dt010d.wav: No such file or directory
INFO: sphinx_fe.c(764): Converting /home/lapf/Desktop/TCCtest/Sphinx/wav/constituicao16k/dt011.wav to /home/lapf/Desktop/TCCtest/Sphinx/feat/constituicao16k/dt011.mfc
ERROR: "sphinx_fe.c", line 118: Failed to open /home/lapf/Desktop/TCCtest/Sphinx/wav/constituicao16k/dt011.wav: No such file or directory
INFO: sphinx_fe.c(764): Converting /home/lapf/Desktop/TCCtest/Sphinx/wav/constituicao16k/dt012a.wav to /home/lapf/Desktop/TCCtest/Sphinx/feat/constituicao16k/dt012a.mfc
ERROR: "sphinx_fe.c", line 118: Failed to open /home/lapf/Desktop/TCCtest/Sphinx/wav/constituicao16k/dt012a.wav: No such file or directory
INFO: sphinx_fe.c(764): Converting /home/lapf/Desktop/TCCtest/Sphinx/wav/constituicao16k/dt012b.wav to /home/lapf/Desktop/TCCtest/Sphinx/feat/constituicao16k/dt012b.mfc
ERROR: "sphinx_fe.c", line 118: Failed to open /home/lapf/Desktop/TCCtest/Sphinx/wav/constituicao16k/dt012b.wav: No such file or directory
INFO: sphinx_fe.c(764): Converting /home/lapf/Desktop/TCCtest/Sphinx/wav/constituicao16k/dt012c.wav to /home/lapf/Desktop/TCCtest/Sphinx/feat/constituicao16k/dt012c.mfc
ERROR: "sphinx_fe.c", line 118: Failed to open /home/lapf/Desktop/TCCtest/Sphinx/wav/constituicao16k/dt012c.wav: No such file or directory
INFO: sphinx_fe.c(764): Converting /home/lapf/Desktop/TCCtest/Sphinx/wav/constituicao16k/dt012d.wav to /home/lapf/Desktop/TCCtest/Sphinx/feat/constituicao16k/dt012d.mfc
ERROR: "sphinx_fe.c", line 118: Failed to open /home/lapf/Desktop/TCCtest/Sphinx/wav/constituicao16k/dt012d.wav: No such file or directory
INFO: sphinx_fe.c(764): Converting /home/lapf/Desktop/TCCtest/Sphinx/wav/constituicao16k/dt012e.wav to /home/lapf/Desktop/TCCtest/Sphinx/feat/constituicao16k/dt012e.mfc
ERROR: "sphinx_fe.c", line 118: Failed to open /home/lapf/Desktop/TCCtest/Sphinx/wav/constituicao16k/dt012e.wav: No such file or directory
INFO: sphinx_fe.c(764): Converting /home/lapf/Desktop/TCCtest/Sphinx/wav/constituicao16k/dt013a.wav to /home/lapf/Desktop/TCCtest/Sphinx/feat/constituicao16k/dt013a.mfc
ERROR: "sphinx_fe.c", line 118: Failed to open /home/lapf/Desktop/TCCtest/Sphinx/wav/constituicao16k/dt013a.wav: No such file or directory
INFO: sphinx_fe.c(764): Converting /home/lapf/Desktop/TCCtest/Sphinx/wav/constituicao16k/dt013b.wav to /home/lapf/Desktop/TCCtest/Sphinx/feat/constituicao16k/dt013b.mfc
ERROR: "sphinx_fe.c", line 118: Failed to open /home/lapf/Desktop/TCCtest/Sphinx/wav/constituicao16k/dt013b.wav: No such file or directory
INFO: sphinx_fe.c(764): Converting /home/lapf/Desktop/TCCtest/Sphinx/wav/constituicao16k/dt013c.wav to /home/lapf/Desktop/TCCtest/Sphinx/feat/constituicao16k/dt013c.mfc
ERROR: "sphinx_fe.c", line 118: Failed to open /home/lapf/Desktop/TCCtest/Sphinx/wav/constituicao16k/dt013c.wav: No such file or directory
INFO: sphinx_fe.c(764): Converting /home/lapf/Desktop/TCCtest/Sphinx/wav/constituicao16k/dt013d.wav to /home/lapf/Desktop/TCCtest/Sphinx/feat/constituicao16k/dt013d.mfc
ERROR: "sphinx_fe.c", line 118: Failed to open /home/lapf/Desktop/TCCtest/Sphinx/wav/constituicao16k/dt013d.wav: No such file or directory
INFO: sphinx_fe.c(764): Converting /home/lapf/Desktop/TCCtest/Sphinx/wav/constituicao16k/dt013e.wav to /home/lapf/Desktop/TCCtest/Sphinx/feat/constituicao16k/dt013e.mfc
ERROR: "sphinx_fe.c", line 118: Failed to open /home/lapf/Desktop/TCCtest/Sphinx/wav/constituicao16k/dt013e.wav: No such file or directory
INFO: sphinx_fe.c(764): Converting /home/lapf/Desktop/TCCtest/Sphinx/wav/constituicao16k/dt013f.wav to /home/lapf/Desktop/TCCtest/Sphinx/feat/constituicao16k/dt013f.mfc
ERROR: "sphinx_fe.c", line 118: Failed to open /home/lapf/Desktop/TCCtest/Sphinx/wav/constituicao16k/dt013f.wav: No such file or directory
INFO: sphinx_fe.c(764): Converting /home/lapf/Desktop/TCCtest/Sphinx/wav/constituicao16k/dt013g.wav to /home/lapf/Desktop/TCCtest/Sphinx/feat/constituicao16k/dt013g.mfc
ERROR: "sphinx_fe.c", line 118: Failed to open /home/lapf/Desktop/TCCtest/Sphinx/wav/constituicao16k/dt013g.wav: No such file or directory
INFO: sphinx_fe.c(764): Converting /home/lapf/Desktop/TCCtest/Sphinx/wav/constituicao16k/dt013h.wav to /home/lapf/Desktop/TCCtest/Sphinx/feat/constituicao16k/dt013h.mfc
ERROR: "sphinx_fe.c", line 118: Failed to open /home/lapf/Desktop/TCCtest/Sphinx/wav/constituicao16k/dt013h.wav: No such file or directory
INFO: sphinx_fe.c(764): Converting /home/lapf/Desktop/TCCtest/Sphinx/wav/constituicao16k/dt013i.wav to /home/lapf/Desktop/TCCtest/Sphinx/feat/constituicao16k/dt013i.mfc
ERROR: "sphinx_fe.c", line 118: Failed to open /home/lapf/Desktop/TCCtest/Sphinx/wav/constituicao16k/dt013i.wav: No such file or directory
INFO: sphinx_fe.c(764): Converting /home/lapf/Desktop/TCCtest/Sphinx/wav/constituicao16k/dt014a.wav to /home/lapf/Desktop/TCCtest/Sphinx/feat/constituicao16k/dt014a.mfc
ERROR: "sphinx_fe.c", line 118: Failed to open /home/lapf/Desktop/TCCtest/Sphinx/wav/constituicao16k/dt014a.wav: No such file or directory
INFO: sphinx_fe.c(764): Converting /home/lapf/Desktop/TCCtest/Sphinx/wav/constituicao16k/dt014b.wav to /home/lapf/Desktop/TCCtest/Sphinx/feat/constituicao16k/dt014b.mfc
ERROR: "sphinx_fe.c", line 118: Failed to open /home/lapf/Desktop/TCCtest/Sphinx/wav/constituicao16k/dt014b.wav: No such file or directory
INFO: sphinx_fe.c(764): Converting /home/lapf/Desktop/TCCtest/Sphinx/wav/constituicao16k/dt014c.wav to /home/lapf/Desktop/TCCtest/Sphinx/feat/constituicao16k/dt014c.mfc
ERROR: "sphinx_fe.c", line 118: Failed to open /home/lapf/Desktop/TCCtest/Sphinx/wav/constituicao16k/dt014c.wav: No such file or directory
INFO: sphinx_fe.c(764): Converting /home/lapf/Desktop/TCCtest/Sphinx/wav/constituicao16k/dt015.wav to /home/lapf/Desktop/TCCtest/Sphinx/feat/constituicao16k/dt015.mfc
ERROR: "sphinx_fe.c", line 118: Failed to open /home/lapf/Desktop/TCCtest/Sphinx/wav/constituicao16k/dt015.wav: No such file or directory
INFO: sphinx_fe.c(764): Converting /home/lapf/Desktop/TCCtest/Sphinx/wav/constituicao16k/dt016a.wav to /home/lapf/Desktop/TCCtest/Sphinx/feat/constituicao16k/dt016a.mfc
ERROR: "sphinx_fe.c", line 118: Failed to open /home/lapf/Desktop/TCCtest/Sphinx/wav/constituicao16k/dt016a.wav: No such file or directory
INFO: sphinx_fe.c(764): Converting /home/lapf/Desktop/TCCtest/Sphinx/wav/constituicao16k/dt016b.wav to /home/lapf/Desktop/TCCtest/Sphinx/feat/constituicao16k/dt016b.mfc
ERROR: "sphinx_fe.c", line 118: Failed to open /home/lapf/Desktop/TCCtest/Sphinx/wav/constituicao16k/dt016b.wav: No such file or directory
INFO: sphinx_fe.c(764): Converting /home/lapf/Desktop/TCCtest/Sphinx/wav/constituicao16k/dt017a.wav to /home/lapf/Desktop/TCCtest/Sphinx/feat/constituicao16k/dt017a.mfc
ERROR: "sphinx_fe.c", line 118: Failed to open /home/lapf/Desktop/TCCtest/Sphinx/wav/constituicao16k/dt017a.wav: No such file or directory
INFO: sphinx_fe.c(764): Converting /home/lapf/Desktop/TCCtest/Sphinx/wav/constituicao16k/dt017b.wav to /home/lapf/Desktop/TCCtest/Sphinx/feat/constituicao16k/dt017b.mfc
ERROR: "sphinx_fe.c", line 118: Failed to open /home/lapf/Desktop/TCCtest/Sphinx/wav/constituicao16k/dt017b.wav: No such file or directory
INFO: sphinx_fe.c(764): Converting /home/lapf/Desktop/TCCtest/Sphinx/wav/constituicao16k/dt018.wav to /home/lapf/Desktop/TCCtest/Sphinx/feat/constituicao16k/dt018.mfc
ERROR: "sphinx_fe.c", line 118: Failed to open /home/lapf/Desktop/TCCtest/Sphinx/wav/constituicao16k/dt018.wav: No such file or directory
INFO: sphinx_fe.c(764): Converting /home/lapf/Desktop/TCCtest/Sphinx/wav/constituicao16k/dt019a.wav to /home/lapf/Desktop/TCCtest/Sphinx/feat/constituicao16k/dt019a.mfc
ERROR: "sphinx_fe.c", line 118: Failed to open /home/lapf/Desktop/TCCtest/Sphinx/wav/constituicao16k/dt019a.wav: No such file or directory
INFO: sphinx_fe.c(764): Converting /home/lapf/Desktop/TCCtest/Sphinx/wav/constituicao16k/dt019b.wav to /home/lapf/Desktop/TCCtest/Sphinx/feat/constituicao16k/dt019b.mfc
ERROR: "sphinx_fe.c", line 118: Failed to open /home/lapf/Desktop/TCCtest/Sphinx/wav/constituicao16k/dt019b.wav: No such file or directory
INFO: sphinx_fe.c(764): Converting /home/lapf/Desktop/TCCtest/Sphinx/wav/constituicao16k/dt019c.wav to /home/lapf/Desktop/TCCtest/Sphinx/feat/constituicao16k/dt019c.mfc
ERROR: "sphinx_fe.c", line 118: Failed to open /home/lapf/Desktop/TCCtest/Sphinx/wav/constituicao16k/dt019c.wav: No such file or directory
INFO: sphinx_fe.c(764): Converting /home/lapf/Desktop/TCCtest/Sphinx/wav/constituicao16k/dt020.wav to /home/lapf/Desktop/TCCtest/Sphinx/feat/constituicao16k/dt020.mfc
ERROR: "sphinx_fe.c", line 118: Failed to open /home/lapf/Desktop/TCCtest/Sphinx/wav/constituicao16k/dt020.wav: No such file or directory
INFO: sphinx_fe.c(764): Converting /home/lapf/Desktop/TCCtest/Sphinx/wav/constituicao16k/dt021a.wav to /home/lapf/Desktop/TCCtest/Sphinx/feat/constituicao16k/dt021a.mfc
ERROR: "sphinx_fe.c", line 118: Failed to open /home/lapf/Desktop/TCCtest/Sphinx/wav/constituicao16k/dt021a.wav: No such file or directory
INFO: sphinx_fe.c(764): Converting /home/lapf/Desktop/TCCtest/Sphinx/wav/constituicao16k/dt021b.wav to /home/lapf/Desktop/TCCtest/Sphinx/feat/constituicao16k/dt021b.mfc
ERROR: "sphinx_fe.c", line 118: Failed to open /home/lapf/Desktop/TCCtest/Sphinx/wav/constituicao16k/dt021b.wav: No such file or directory
INFO: sphinx_fe.c(764): Converting /home/lapf/Desktop/TCCtest/Sphinx/wav/constituicao16k/dt022.wav to /home/lapf/Desktop/TCCtest/Sphinx/feat/constituicao16k/dt022.mfc
ERROR: "sphinx_fe.c", line 118: Failed to open /home/lapf/Desktop/TCCtest/Sphinx/wav/constituicao16k/dt022.wav: No such file or directory
INFO: sphinx_fe.c(764): Converting /home/lapf/Desktop/TCCtest/Sphinx/wav/constituicao16k/dt023.wav to /home/lapf/Desktop/TCCtest/Sphinx/feat/constituicao16k/dt023.mfc
ERROR: "sphinx_fe.c", line 118: Failed to open /home/lapf/Desktop/TCCtest/Sphinx/wav/constituicao16k/dt023.wav: No such file or directory
INFO: sphinx_fe.c(764): Converting /home/lapf/Desktop/TCCtest/Sphinx/wav/constituicao16k/dt024.wav to /home/lapf/Desktop/TCCtest/Sphinx/feat/constituicao16k/dt024.mfc
ERROR: "sphinx_fe.c", line 118: Failed to open /home/lapf/Desktop/TCCtest/Sphinx/wav/constituicao16k/dt024.wav: No such file or directory
INFO: sphinx_fe.c(764): Converting /home/lapf/Desktop/TCCtest/Sphinx/wav/constituicao16k/dt025a.wav to /home/lapf/Desktop/TCCtest/Sphinx/feat/constituicao16k/dt025a.mfc
ERROR: "sphinx_fe.c", line 118: Failed to open /home/lapf/Desktop/TCCtest/Sphinx/wav/constituicao16k/dt025a.wav: No such file or directory
INFO: sphinx_fe.c(764): Converting /home/lapf/Desktop/TCCtest/Sphinx/wav/constituicao16k/dt025b.wav to /home/lapf/Desktop/TCCtest/Sphinx/feat/constituicao16k/dt025b.mfc
ERROR: "sphinx_fe.c", line 118: Failed to open /home/lapf/Desktop/TCCtest/Sphinx/wav/constituicao16k/dt025b.wav: No such file or directory
INFO: sphinx_fe.c(764): Converting /home/lapf/Desktop/TCCtest/Sphinx/wav/constituicao16k/dt025c.wav to /home/lapf/Desktop/TCCtest/Sphinx/feat/constituicao16k/dt025c.mfc
ERROR: "sphinx_fe.c", line 118: Failed to open /home/lapf/Desktop/TCCtest/Sphinx/wav/constituicao16k/dt025c.wav: No such file or directory
INFO: sphinx_fe.c(764): Converting /home/lapf/Desktop/TCCtest/Sphinx/wav/constituicao16k/dt025d.wav to /home/lapf/Desktop/TCCtest/Sphinx/feat/constituicao16k/dt025d.mfc
ERROR: "sphinx_fe.c", line 118: Failed to open /home/lapf/Desktop/TCCtest/Sphinx/wav/constituicao16k/dt025d.wav: No such file or directory
INFO: sphinx_fe.c(764): Converting /home/lapf/Desktop/TCCtest/Sphinx/wav/constituicao16k/dt026a.wav to /home/lapf/Desktop/TCCtest/Sphinx/feat/constituicao16k/dt026a.mfc
ERROR: "sphinx_fe.c", line 118: Failed to open /home/lapf/Desktop/TCCtest/Sphinx/wav/constituicao16k/dt026a.wav: No such file or directory
INFO: sphinx_fe.c(764): Converting /home/lapf/Desktop/TCCtest/Sphinx/wav/constituicao16k/dt026b.wav to /home/lapf/Desktop/TCCtest/Sphinx/feat/constituicao16k/dt026b.mfc
ERROR: "sphinx_fe.c", line 118: Failed to open /home/lapf/Desktop/TCCtest/Sphinx/wav/constituicao16k/dt026b.wav: No such file or directory
INFO: sphinx_fe.c(764): Converting /home/lapf/Desktop/TCCtest/Sphinx/wav/constituicao16k/dt027a.wav to /home/lapf/Desktop/TCCtest/Sphinx/feat/constituicao16k/dt027a.mfc
ERROR: "sphinx_fe.c", line 118: Failed to open /home/lapf/Desktop/TCCtest/Sphinx/wav/constituicao16k/dt027a.wav: No such file or directory
INFO: sphinx_fe.c(764): Converting /home/lapf/Desktop/TCCtest/Sphinx/wav/constituicao16k/dt027b.wav to /home/lapf/Desktop/TCCtest/Sphinx/feat/constituicao16k/dt027b.mfc
ERROR: "sphinx_fe.c", line 118: Failed to open /home/lapf/Desktop/TCCtest/Sphinx/wav/constituicao16k/dt027b.wav: No such file or directory
INFO: sphinx_fe.c(764): Converting /home/lapf/Desktop/TCCtest/Sphinx/wav/constituicao16k/dt027c.wav to /home/lapf/Desktop/TCCtest/Sphinx/feat/constituicao16k/dt027c.mfc
ERROR: "sphinx_fe.c", line 118: Failed to open /home/lapf/Desktop/TCCtest/Sphinx/wav/constituicao16k/dt027c.wav: No such file or directory
INFO: sphinx_fe.c(764): Converting /home/lapf/Desktop/TCCtest/Sphinx/wav/constituicao16k/dt027d.wav to /home/lapf/Desktop/TCCtest/Sphinx/feat/constituicao16k/dt027d.mfc
ERROR: "sphinx_fe.c", line 118: Failed to open /home/lapf/Desktop/TCCtest/Sphinx/wav/constituicao16k/dt027d.wav: No such file or directory
INFO: sphinx_fe.c(764): Converting /home/lapf/Desktop/TCCtest/Sphinx/wav/constituicao16k/dt027e.wav to /home/lapf/Desktop/TCCtest/Sphinx/feat/constituicao16k/dt027e.mfc
ERROR: "sphinx_fe.c", line 118: Failed to open /home/lapf/Desktop/TCCtest/Sphinx/wav/constituicao16k/dt027e.wav: No such file or directory
INFO: sphinx_fe.c(764): Converting /home/lapf/Desktop/TCCtest/Sphinx/wav/constituicao16k/dt027f.wav to /home/lapf/Desktop/TCCtest/Sphinx/feat/constituicao16k/dt027f.mfc
ERROR: "sphinx_fe.c", line 118: Failed to open /home/lapf/Desktop/TCCtest/Sphinx/wav/constituicao16k/dt027f.wav: No such file or directory
INFO: sphinx_fe.c(764): Converting /home/lapf/Desktop/TCCtest/Sphinx/wav/constituicao16k/dt028a.wav to /home/lapf/Desktop/TCCtest/Sphinx/feat/constituicao16k/dt028a.mfc
ERROR: "sphinx_fe.c", line 118: Failed to open /home/lapf/Desktop/TCCtest/Sphinx/wav/constituicao16k/dt028a.wav: No such file or directory
INFO: sphinx_fe.c(764): Converting /home/lapf/Desktop/TCCtest/Sphinx/wav/constituicao16k/dt028b.wav to /home/lapf/Desktop/TCCtest/Sphinx/feat/constituicao16k/dt028b.mfc
ERROR: "sphinx_fe.c", line 118: Failed to open /home/lapf/Desktop/TCCtest/Sphinx/wav/constituicao16k/dt028b.wav: No such file or directory
INFO: sphinx_fe.c(764): Converting /home/lapf/Desktop/TCCtest/Sphinx/wav/constituicao16k/dt029a.wav to /home/lapf/Desktop/TCCtest/Sphinx/feat/constituicao16k/dt029a.mfc
ERROR: "sphinx_fe.c", line 118: Failed to open /home/lapf/Desktop/TCCtest/Sphinx/wav/constituicao16k/dt029a.wav: No such file or directory
INFO: sphinx_fe.c(764): Converting /home/lapf/Desktop/TCCtest/Sphinx/wav/constituicao16k/dt029b.wav to /home/lapf/Desktop/TCCtest/Sphinx/feat/constituicao16k/dt029b.mfc
ERROR: "sphinx_fe.c", line 118: Failed to open /home/lapf/Desktop/TCCtest/Sphinx/wav/constituicao16k/dt029b.wav: No such file or directory
INFO: sphinx_fe.c(764): Converting /home/lapf/Desktop/TCCtest/Sphinx/wav/constituicao16k/dt029c.wav to /home/lapf/Desktop/TCCtest/Sphinx/feat/constituicao16k/dt029c.mfc
ERROR: "sphinx_fe.c", line 118: Failed to open /home/lapf/Desktop/TCCtest/Sphinx/wav/constituicao16k/dt029c.wav: No such file or directory
INFO: sphinx_fe.c(764): Converting /home/lapf/Desktop/TCCtest/Sphinx/wav/constituicao16k/dt029d.wav to /home/lapf/Desktop/TCCtest/Sphinx/feat/constituicao16k/dt029d.mfc
ERROR: "sphinx_fe.c", line 118: Failed to open /home/lapf/Desktop/TCCtest/Sphinx/wav/constituicao16k/dt029d.wav: No such file or directory
INFO: sphinx_fe.c(764): Converting /home/lapf/Desktop/TCCtest/Sphinx/wav/constituicao16k/dt030.wav to /home/lapf/Desktop/TCCtest/Sphinx/feat/constituicao16k/dt030.mfc
ERROR: "sphinx_fe.c", line 118: Failed to open /home/lapf/Desktop/TCCtest/Sphinx/wav/constituicao16k/dt030.wav: No such file or directory
INFO: sphinx_fe.c(764): Converting /home/lapf/Desktop/TCCtest/Sphinx/wav/constituicao16k/dt031.wav to /home/lapf/Desktop/TCCtest/Sphinx/feat/constituicao16k/dt031.mfc
ERROR: "sphinx_fe.c", line 118: Failed to open /home/lapf/Desktop/TCCtest/Sphinx/wav/constituicao16k/dt031.wav: No such file or directory
INFO: sphinx_fe.c(764): Converting /home/lapf/Desktop/TCCtest/Sphinx/wav/constituicao16k/dt032.wav to /home/lapf/Desktop/TCCtest/Sphinx/feat/constituicao16k/dt032.mfc
ERROR: "sphinx_fe.c", line 118: Failed to open /home/lapf/Desktop/TCCtest/Sphinx/wav/constituicao16k/dt032.wav: No such file or directory
INFO: sphinx_fe.c(764): Converting /home/lapf/Desktop/TCCtest/Sphinx/wav/constituicao16k/dt033a.wav to /home/lapf/Desktop/TCCtest/Sphinx/feat/constituicao16k/dt033a.mfc
ERROR: "sphinx_fe.c", line 118: Failed to open /home/lapf/Desktop/TCCtest/Sphinx/wav/constituicao16k/dt033a.wav: No such file or directory
INFO: sphinx_fe.c(764): Converting /home/lapf/Desktop/TCCtest/Sphinx/wav/constituicao16k/dt033b.wav to /home/lapf/Desktop/TCCtest/Sphinx/feat/constituicao16k/dt033b.mfc
ERROR: "sphinx_fe.c", line 118: Failed to open /home/lapf/Desktop/TCCtest/Sphinx/wav/constituicao16k/dt033b.wav: No such file or directory
INFO: sphinx_fe.c(764): Converting /home/lapf/Desktop/TCCtest/Sphinx/wav/constituicao16k/dt034a.wav to /home/lapf/Desktop/TCCtest/Sphinx/feat/constituicao16k/dt034a.mfc
ERROR: "sphinx_fe.c", line 118: Failed to open /home/lapf/Desktop/TCCtest/Sphinx/wav/constituicao16k/dt034a.wav: No such file or directory
INFO: sphinx_fe.c(764): Converting /home/lapf/Desktop/TCCtest/Sphinx/wav/constituicao16k/dt034b.wav to /home/lapf/Desktop/TCCtest/Sphinx/feat/constituicao16k/dt034b.mfc
ERROR: "sphinx_fe.c", line 118: Failed to open /home/lapf/Desktop/TCCtest/Sphinx/wav/constituicao16k/dt034b.wav: No such file or directory
INFO: sphinx_fe.c(764): Converting /home/lapf/Desktop/TCCtest/Sphinx/wav/constituicao16k/dt034c.wav to /home/lapf/Desktop/TCCtest/Sphinx/feat/constituicao16k/dt034c.mfc
ERROR: "sphinx_fe.c", line 118: Failed to open /home/lapf/Desktop/TCCtest/Sphinx/wav/constituicao16k/dt034c.wav: No such file or directory
INFO: sphinx_fe.c(764): Converting /home/lapf/Desktop/TCCtest/Sphinx/wav/constituicao16k/dt034d.wav to /home/lapf/Desktop/TCCtest/Sphinx/feat/constituicao16k/dt034d.mfc
ERROR: "sphinx_fe.c", line 118: Failed to open /home/lapf/Desktop/TCCtest/Sphinx/wav/constituicao16k/dt034d.wav: No such file or directory
INFO: sphinx_fe.c(764): Converting /home/lapf/Desktop/TCCtest/Sphinx/wav/constituicao16k/dt034e.wav to /home/lapf/Desktop/TCCtest/Sphinx/feat/constituicao16k/dt034e.mfc
ERROR: "sphinx_fe.c", line 118: Failed to open /home/lapf/Desktop/TCCtest/Sphinx/wav/constituicao16k/dt034e.wav: No such file or directory
INFO: sphinx_fe.c(764): Converting /home/lapf/Desktop/TCCtest/Sphinx/wav/constituicao16k/dt034f.wav to /home/lapf/Desktop/TCCtest/Sphinx/feat/constituicao16k/dt034f.mfc
ERROR: "sphinx_fe.c", line 118: Failed to open /home/lapf/Desktop/TCCtest/Sphinx/wav/constituicao16k/dt034f.wav: No such file or directory
INFO: sphinx_fe.c(764): Converting /home/lapf/Desktop/TCCtest/Sphinx/wav/constituicao16k/dt034g.wav to /home/lapf/Desktop/TCCtest/Sphinx/feat/constituicao16k/dt034g.mfc
ERROR: "sphinx_fe.c", line 118: Failed to open /home/lapf/Desktop/TCCtest/Sphinx/wav/constituicao16k/dt034g.wav: No such file or directory
INFO: sphinx_fe.c(764): Converting /home/lapf/Desktop/TCCtest/Sphinx/wav/constituicao16k/dt034h.wav to /home/lapf/Desktop/TCCtest/Sphinx/feat/constituicao16k/dt034h.mfc
ERROR: "sphinx_fe.c", line 118: Failed to open /home/lapf/Desktop/TCCtest/Sphinx/wav/constituicao16k/dt034h.wav: No such file or directory
INFO: sphinx_fe.c(764): Converting /home/lapf/Desktop/TCCtest/Sphinx/wav/constituicao16k/dt034i.wav to /home/lapf/Desktop/TCCtest/Sphinx/feat/constituicao16k/dt034i.mfc
ERROR: "sphinx_fe.c", line 118: Failed to open /home/lapf/Desktop/TCCtest/Sphinx/wav/constituicao16k/dt034i.wav: No such file or directory
INFO: sphinx_fe.c(764): Converting /home/lapf/Desktop/TCCtest/Sphinx/wav/constituicao16k/dt034j.wav to /home/lapf/Desktop/TCCtest/Sphinx/feat/constituicao16k/dt034j.mfc
ERROR: "sphinx_fe.c", line 118: Failed to open /home/lapf/Desktop/TCCtest/Sphinx/wav/constituicao16k/dt034j.wav: No such file or directory
INFO: sphinx_fe.c(764): Converting /home/lapf/Desktop/TCCtest/Sphinx/wav/constituicao16k/dt034k.wav to /home/lapf/Desktop/TCCtest/Sphinx/feat/constituicao16k/dt034k.mfc
ERROR: "sphinx_fe.c", line 118: Failed to open /home/lapf/Desktop/TCCtest/Sphinx/wav/constituicao16k/dt034k.wav: No such file or directory
INFO: sphinx_fe.c(764): Converting /home/lapf/Desktop/TCCtest/Sphinx/wav/constituicao16k/dt034l.wav to /home/lapf/Desktop/TCCtest/Sphinx/feat/constituicao16k/dt034l.mfc
ERROR: "sphinx_fe.c", line 118: Failed to open /home/lapf/Desktop/TCCtest/Sphinx/wav/constituicao16k/dt034l.wav: No such file or directory
INFO: sphinx_fe.c(764): Converting /home/lapf/Desktop/TCCtest/Sphinx/wav/constituicao16k/dt034m.wav to /home/lapf/Desktop/TCCtest/Sphinx/feat/constituicao16k/dt034m.mfc
ERROR: "sphinx_fe.c", line 118: Failed to open /home/lapf/Desktop/TCCtest/Sphinx/wav/constituicao16k/dt034m.wav: No such file or directory
INFO: sphinx_fe.c(764): Converting /home/lapf/Desktop/TCCtest/Sphinx/wav/constituicao16k/dt034n.wav to /home/lapf/Desktop/TCCtest/Sphinx/feat/constituicao16k/dt034n.mfc
ERROR: "sphinx_fe.c", line 118: Failed to open /home/lapf/Desktop/TCCtest/Sphinx/wav/constituicao16k/dt034n.wav: No such file or directory
INFO: sphinx_fe.c(764): Converting /home/lapf/Desktop/TCCtest/Sphinx/wav/constituicao16k/dt035a.wav to /home/lapf/Desktop/TCCtest/Sphinx/feat/constituicao16k/dt035a.mfc
ERROR: "sphinx_fe.c", line 118: Failed to open /home/lapf/Desktop/TCCtest/Sphinx/wav/constituicao16k/dt035a.wav: No such file or directory
INFO: sphinx_fe.c(764): Converting /home/lapf/Desktop/TCCtest/Sphinx/wav/constituicao16k/dt035b.wav to /home/lapf/Desktop/TCCtest/Sphinx/feat/constituicao16k/dt035b.mfc
ERROR: "sphinx_fe.c", line 118: Failed to open /home/lapf/Desktop/TCCtest/Sphinx/wav/constituicao16k/dt035b.wav: No such file or directory
INFO: sphinx_fe.c(764): Converting /home/lapf/Desktop/TCCtest/Sphinx/wav/constituicao16k/dt035c.wav to /home/lapf/Desktop/TCCtest/Sphinx/feat/constituicao16k/dt035c.mfc
ERROR: "sphinx_fe.c", line 118: Failed to open /home/lapf/Desktop/TCCtest/Sphinx/wav/constituicao16k/dt035c.wav: No such file or directory
INFO: sphinx_fe.c(764): Converting /home/lapf/Desktop/TCCtest/Sphinx/wav/constituicao16k/dt035d.wav to /home/lapf/Desktop/TCCtest/Sphinx/feat/constituicao16k/dt035d.mfc
ERROR: "sphinx_fe.c", line 118: Failed to open /home/lapf/Desktop/TCCtest/Sphinx/wav/constituicao16k/dt035d.wav: No such file or directory
INFO: sphinx_fe.c(764): Converting /home/lapf/Desktop/TCCtest/Sphinx/wav/constituicao16k/dt035e.wav to /home/lapf/Desktop/TCCtest/Sphinx/feat/constituicao16k/dt035e.mfc
ERROR: "sphinx_fe.c", line 118: Failed to open /home/lapf/Desktop/TCCtest/Sphinx/wav/constituicao16k/dt035e.wav: No such file or directory
INFO: sphinx_fe.c(764): Converting /home/lapf/Desktop/TCCtest/Sphinx/wav/constituicao16k/dt036.wav to /home/lapf/Desktop/TCCtest/Sphinx/feat/constituicao16k/dt036.mfc
ERROR: "sphinx_fe.c", line 118: Failed to open /home/lapf/Desktop/TCCtest/Sphinx/wav/constituicao16k/dt036.wav: No such file or directory
INFO: sphinx_fe.c(764): Converting /home/lapf/Desktop/TCCtest/Sphinx/wav/constituicao16k/dt037.wav to /home/lapf/Desktop/TCCtest/Sphinx/feat/constituicao16k/dt037.mfc
ERROR: "sphinx_fe.c", line 118: Failed to open /home/lapf/Desktop/TCCtest/Sphinx/wav/constituicao16k/dt037.wav: No such file or directory
INFO: sphinx_fe.c(764): Converting /home/lapf/Desktop/TCCtest/Sphinx/wav/constituicao16k/dt038a.wav to /home/lapf/Desktop/TCCtest/Sphinx/feat/constituicao16k/dt038a.mfc
ERROR: "sphinx_fe.c", line 118: Failed to open /home/lapf/Desktop/TCCtest/Sphinx/wav/constituicao16k/dt038a.wav: No such file or directory
INFO: sphinx_fe.c(764): Converting /home/lapf/Desktop/TCCtest/Sphinx/wav/constituicao16k/dt038b.wav to /home/lapf/Desktop/TCCtest/Sphinx/feat/constituicao16k/dt038b.mfc
ERROR: "sphinx_fe.c", line 118: Failed to open /home/lapf/Desktop/TCCtest/Sphinx/wav/constituicao16k/dt038b.wav: No such file or directory
INFO: sphinx_fe.c(764): Converting /home/lapf/Desktop/TCCtest/Sphinx/wav/constituicao16k/dt039.wav to /home/lapf/Desktop/TCCtest/Sphinx/feat/constituicao16k/dt039.mfc
ERROR: "sphinx_fe.c", line 118: Failed to open /home/lapf/Desktop/TCCtest/Sphinx/wav/constituicao16k/dt039.wav: No such file or directory
INFO: sphinx_fe.c(764): Converting /home/lapf/Desktop/TCCtest/Sphinx/wav/constituicao16k/dt040.wav to /home/lapf/Desktop/TCCtest/Sphinx/feat/constituicao16k/dt040.mfc
ERROR: "sphinx_fe.c", line 118: Failed to open /home/lapf/Desktop/TCCtest/Sphinx/wav/constituicao16k/dt040.wav: No such file or directory
INFO: sphinx_fe.c(764): Converting /home/lapf/Desktop/TCCtest/Sphinx/wav/constituicao16k/dt041a.wav to /home/lapf/Desktop/TCCtest/Sphinx/feat/constituicao16k/dt041a.mfc
ERROR: "sphinx_fe.c", line 118: Failed to open /home/lapf/Desktop/TCCtest/Sphinx/wav/constituicao16k/dt041a.wav: No such file or directory
INFO: sphinx_fe.c(764): Converting /home/lapf/Desktop/TCCtest/Sphinx/wav/constituicao16k/dt041b.wav to /home/lapf/Desktop/TCCtest/Sphinx/feat/constituicao16k/dt041b.mfc
ERROR: "sphinx_fe.c", line 118: Failed to open /home/lapf/Desktop/TCCtest/Sphinx/wav/constituicao16k/dt041b.wav: No such file or directory
INFO: sphinx_fe.c(764): Converting /home/lapf/Desktop/TCCtest/Sphinx/wav/constituicao16k/dt042.wav to /home/lapf/Desktop/TCCtest/Sphinx/feat/constituicao16k/dt042.mfc
ERROR: "sphinx_fe.c", line 118: Failed to open /home/lapf/Desktop/TCCtest/Sphinx/wav/constituicao16k/dt042.wav: No such file or directory
INFO: sphinx_fe.c(764): Converting /home/lapf/Desktop/TCCtest/Sphinx/wav/constituicao16k/dt043.wav to /home/lapf/Desktop/TCCtest/Sphinx/feat/constituicao16k/dt043.mfc
ERROR: "sphinx_fe.c", line 118: Failed to open /home/lapf/Desktop/TCCtest/Sphinx/wav/constituicao16k/dt043.wav: No such file or directory
INFO: sphinx_fe.c(764): Converting /home/lapf/Desktop/TCCtest/Sphinx/wav/constituicao16k/dt044a.wav to /home/lapf/Desktop/TCCtest/Sphinx/feat/constituicao16k/dt044a.mfc
ERROR: "sphinx_fe.c", line 118: Failed to open /home/lapf/Desktop/TCCtest/Sphinx/wav/constituicao16k/dt044a.wav: No such file or directory
INFO: sphinx_fe.c(764): Converting /home/lapf/Desktop/TCCtest/Sphinx/wav/constituicao16k/dt044b.wav to /home/lapf/Desktop/TCCtest/Sphinx/feat/constituicao16k/dt044b.mfc
ERROR: "sphinx_fe.c", line 118: Failed to open /home/lapf/Desktop/TCCtest/Sphinx/wav/constituicao16k/dt044b.wav: No such file or directory
INFO: sphinx_fe.c(764): Converting /home/lapf/Desktop/TCCtest/Sphinx/wav/constituicao16k/dt044c.wav to /home/lapf/Desktop/TCCtest/Sphinx/feat/constituicao16k/dt044c.mfc
ERROR: "sphinx_fe.c", line 118: Failed to open /home/lapf/Desktop/TCCtest/Sphinx/wav/constituicao16k/dt044c.wav: No such file or directory
INFO: sphinx_fe.c(764): Converting /home/lapf/Desktop/TCCtest/Sphinx/wav/constituicao16k/dt044d.wav to /home/lapf/Desktop/TCCtest/Sphinx/feat/constituicao16k/dt044d.mfc
ERROR: "sphinx_fe.c", line 118: Failed to open /home/lapf/Desktop/TCCtest/Sphinx/wav/constituicao16k/dt044d.wav: No such file or directory
INFO: sphinx_fe.c(764): Converting /home/lapf/Desktop/TCCtest/Sphinx/wav/constituicao16k/dt045a.wav to /home/lapf/Desktop/TCCtest/Sphinx/feat/constituicao16k/dt045a.mfc
ERROR: "sphinx_fe.c", line 118: Failed to open /home/lapf/Desktop/TCCtest/Sphinx/wav/constituicao16k/dt045a.wav: No such file or directory
INFO: sphinx_fe.c(764): Converting /home/lapf/Desktop/TCCtest/Sphinx/wav/constituicao16k/dt045b.wav to /home/lapf/Desktop/TCCtest/Sphinx/feat/constituicao16k/dt045b.mfc
ERROR: "sphinx_fe.c", line 118: Failed to open /home/lapf/Desktop/TCCtest/Sphinx/wav/constituicao16k/dt045b.wav: No such file or directory
INFO: sphinx_fe.c(764): Converting /home/lapf/Desktop/TCCtest/Sphinx/wav/constituicao16k/dt046a.wav to /home/lapf/Desktop/TCCtest/Sphinx/feat/constituicao16k/dt046a.mfc
ERROR: "sphinx_fe.c", line 118: Failed to open /home/lapf/Desktop/TCCtest/Sphinx/wav/constituicao16k/dt046a.wav: No such file or directory
INFO: sphinx_fe.c(764): Converting /home/lapf/Desktop/TCCtest/Sphinx/wav/constituicao16k/dt046b.wav to /home/lapf/Desktop/TCCtest/Sphinx/feat/constituicao16k/dt046b.mfc
ERROR: "sphinx_fe.c", line 118: Failed to open /home/lapf/Desktop/TCCtest/Sphinx/wav/constituicao16k/dt046b.wav: No such file or directory
INFO: sphinx_fe.c(764): Converting /home/lapf/Desktop/TCCtest/Sphinx/wav/constituicao16k/dt046c.wav to /home/lapf/Desktop/TCCtest/Sphinx/feat/constituicao16k/dt046c.mfc
ERROR: "sphinx_fe.c", line 118: Failed to open /home/lapf/Desktop/TCCtest/Sphinx/wav/constituicao16k/dt046c.wav: No such file or directory
INFO: sphinx_fe.c(764): Converting /home/lapf/Desktop/TCCtest/Sphinx/wav/constituicao16k/dt047a.wav to /home/lapf/Desktop/TCCtest/Sphinx/feat/constituicao16k/dt047a.mfc
ERROR: "sphinx_fe.c", line 118: Failed to open /home/lapf/Desktop/TCCtest/Sphinx/wav/constituicao16k/dt047a.wav: No such file or directory
INFO: sphinx_fe.c(764): Converting /home/lapf/Desktop/TCCtest/Sphinx/wav/constituicao16k/dt047b.wav to /home/lapf/Desktop/TCCtest/Sphinx/feat/constituicao16k/dt047b.mfc
ERROR: "sphinx_fe.c", line 118: Failed to open /home/lapf/Desktop/TCCtest/Sphinx/wav/constituicao16k/dt047b.wav: No such file or directory
INFO: sphinx_fe.c(764): Converting /home/lapf/Desktop/TCCtest/Sphinx/wav/constituicao16k/dt047c.wav to /home/lapf/Desktop/TCCtest/Sphinx/feat/constituicao16k/dt047c.mfc
ERROR: "sphinx_fe.c", line 118: Failed to open /home/lapf/Desktop/TCCtest/Sphinx/wav/constituicao16k/dt047c.wav: No such file or directory
INFO: sphinx_fe.c(764): Converting /home/lapf/Desktop/TCCtest/Sphinx/wav/constituicao16k/dt047d.wav to /home/lapf/Desktop/TCCtest/Sphinx/feat/constituicao16k/dt047d.mfc
ERROR: "sphinx_fe.c", line 118: Failed to open /home/lapf/Desktop/TCCtest/Sphinx/wav/constituicao16k/dt047d.wav: No such file or directory
INFO: sphinx_fe.c(764): Converting /home/lapf/Desktop/TCCtest/Sphinx/wav/constituicao16k/dt047e.wav to /home/lapf/Desktop/TCCtest/Sphinx/feat/constituicao16k/dt047e.mfc
ERROR: "sphinx_fe.c", line 118: Failed to open /home/lapf/Desktop/TCCtest/Sphinx/wav/constituicao16k/dt047e.wav: No such file or directory
INFO: sphinx_fe.c(764): Converting /home/lapf/Desktop/TCCtest/Sphinx/wav/constituicao16k/dt047f.wav to /home/lapf/Desktop/TCCtest/Sphinx/feat/constituicao16k/dt047f.mfc
ERROR: "sphinx_fe.c", line 118: Failed to open /home/lapf/Desktop/TCCtest/Sphinx/wav/constituicao16k/dt047f.wav: No such file or directory
INFO: sphinx_fe.c(764): Converting /home/lapf/Desktop/TCCtest/Sphinx/wav/constituicao16k/dt047g.wav to /home/lapf/Desktop/TCCtest/Sphinx/feat/constituicao16k/dt047g.mfc
ERROR: "sphinx_fe.c", line 118: Failed to open /home/lapf/Desktop/TCCtest/Sphinx/wav/constituicao16k/dt047g.wav: No such file or directory
INFO: sphinx_fe.c(764): Converting /home/lapf/Desktop/TCCtest/Sphinx/wav/constituicao16k/dt048.wav to /home/lapf/Desktop/TCCtest/Sphinx/feat/constituicao16k/dt048.mfc
ERROR: "sphinx_fe.c", line 118: Failed to open /home/lapf/Desktop/TCCtest/Sphinx/wav/constituicao16k/dt048.wav: No such file or directory
INFO: sphinx_fe.c(764): Converting /home/lapf/Desktop/TCCtest/Sphinx/wav/constituicao16k/dt049a.wav to /home/lapf/Desktop/TCCtest/Sphinx/feat/constituicao16k/dt049a.mfc
ERROR: "sphinx_fe.c", line 118: Failed to open /home/lapf/Desktop/TCCtest/Sphinx/wav/constituicao16k/dt049a.wav: No such file or directory
INFO: sphinx_fe.c(764): Converting /home/lapf/Desktop/TCCtest/Sphinx/wav/constituicao16k/dt049b.wav to /home/lapf/Desktop/TCCtest/Sphinx/feat/constituicao16k/dt049b.mfc
ERROR: "sphinx_fe.c", line 118: Failed to open /home/lapf/Desktop/TCCtest/Sphinx/wav/constituicao16k/dt049b.wav: No such file or directory
INFO: sphinx_fe.c(764): Converting /home/lapf/Desktop/TCCtest/Sphinx/wav/constituicao16k/dt049c.wav to /home/lapf/Desktop/TCCtest/Sphinx/feat/constituicao16k/dt049c.mfc
ERROR: "sphinx_fe.c", line 118: Failed to open /home/lapf/Desktop/TCCtest/Sphinx/wav/constituicao16k/dt049c.wav: No such file or directory
INFO: sphinx_fe.c(764): Converting /home/lapf/Desktop/TCCtest/Sphinx/wav/constituicao16k/dt050.wav to /home/lapf/Desktop/TCCtest/Sphinx/feat/constituicao16k/dt050.mfc
ERROR: "sphinx_fe.c", line 118: Failed to open /home/lapf/Desktop/TCCtest/Sphinx/wav/constituicao16k/dt050.wav: No such file or directory
INFO: sphinx_fe.c(764): Converting /home/lapf/Desktop/TCCtest/Sphinx/wav/constituicao16k/dt051a.wav to /home/lapf/Desktop/TCCtest/Sphinx/feat/constituicao16k/dt051a.mfc
ERROR: "sphinx_fe.c", line 118: Failed to open /home/lapf/Desktop/TCCtest/Sphinx/wav/constituicao16k/dt051a.wav: No such file or directory
INFO: sphinx_fe.c(764): Converting /home/lapf/Desktop/TCCtest/Sphinx/wav/constituicao16k/dt051b.wav to /home/lapf/Desktop/TCCtest/Sphinx/feat/constituicao16k/dt051b.mfc
ERROR: "sphinx_fe.c", line 118: Failed to open /home/lapf/Desktop/TCCtest/Sphinx/wav/constituicao16k/dt051b.wav: No such file or directory
INFO: sphinx_fe.c(764): Converting /home/lapf/Desktop/TCCtest/Sphinx/wav/constituicao16k/dt051c.wav to /home/lapf/Desktop/TCCtest/Sphinx/feat/constituicao16k/dt051c.mfc
ERROR: "sphinx_fe.c", line 118: Failed to open /home/lapf/Desktop/TCCtest/Sphinx/wav/constituicao16k/dt051c.wav: No such file or directory
INFO: sphinx_fe.c(764): Converting /home/lapf/Desktop/TCCtest/Sphinx/wav/constituicao16k/dt052a.wav to /home/lapf/Desktop/TCCtest/Sphinx/feat/constituicao16k/dt052a.mfc
ERROR: "sphinx_fe.c", line 118: Failed to open /home/lapf/Desktop/TCCtest/Sphinx/wav/constituicao16k/dt052a.wav: No such file or directory
INFO: sphinx_fe.c(764): Converting /home/lapf/Desktop/TCCtest/Sphinx/wav/constituicao16k/dt052b.wav to /home/lapf/Desktop/TCCtest/Sphinx/feat/constituicao16k/dt052b.mfc
ERROR: "sphinx_fe.c", line 118: Failed to open /home/lapf/Desktop/TCCtest/Sphinx/wav/constituicao16k/dt052b.wav: No such file or directory
INFO: sphinx_fe.c(764): Converting /home/lapf/Desktop/TCCtest/Sphinx/wav/constituicao16k/dt053a.wav to /home/lapf/Desktop/TCCtest/Sphinx/feat/constituicao16k/dt053a.mfc
ERROR: "sphinx_fe.c", line 118: Failed to open /home/lapf/Desktop/TCCtest/Sphinx/wav/constituicao16k/dt053a.wav: No such file or directory
INFO: sphinx_fe.c(764): Converting /home/lapf/Desktop/TCCtest/Sphinx/wav/constituicao16k/dt053b.wav to /home/lapf/Desktop/TCCtest/Sphinx/feat/constituicao16k/dt053b.mfc
ERROR: "sphinx_fe.c", line 118: Failed to open /home/lapf/Desktop/TCCtest/Sphinx/wav/constituicao16k/dt053b.wav: No such file or directory
INFO: sphinx_fe.c(764): Converting /home/lapf/Desktop/TCCtest/Sphinx/wav/constituicao16k/dt053c.wav to /home/lapf/Desktop/TCCtest/Sphinx/feat/constituicao16k/dt053c.mfc
ERROR: "sphinx_fe.c", line 118: Failed to open /home/lapf/Desktop/TCCtest/Sphinx/wav/constituicao16k/dt053c.wav: No such file or directory
INFO: sphinx_fe.c(764): Converting /home/lapf/Desktop/TCCtest/Sphinx/wav/constituicao16k/dt053d.wav to /home/lapf/Desktop/TCCtest/Sphinx/feat/constituicao16k/dt053d.mfc
ERROR: "sphinx_fe.c", line 118: Failed to open /home/lapf/Desktop/TCCtest/Sphinx/wav/constituicao16k/dt053d.wav: No such file or directory
INFO: sphinx_fe.c(764): Converting /home/lapf/Desktop/TCCtest/Sphinx/wav/constituicao16k/dt054a.wav to /home/lapf/Desktop/TCCtest/Sphinx/feat/constituicao16k/dt054a.mfc
ERROR: "sphinx_fe.c", line 118: Failed to open /home/lapf/Desktop/TCCtest/Sphinx/wav/constituicao16k/dt054a.wav: No such file or directory
INFO: sphinx_fe.c(764): Converting /home/lapf/Desktop/TCCtest/Sphinx/wav/constituicao16k/dt054b.wav to /home/lapf/Desktop/TCCtest/Sphinx/feat/constituicao16k/dt054b.mfc
ERROR: "sphinx_fe.c", line 118: Failed to open /home/lapf/Desktop/TCCtest/Sphinx/wav/constituicao16k/dt054b.wav: No such file or directory
INFO: sphinx_fe.c(764): Converting /home/lapf/Desktop/TCCtest/Sphinx/wav/constituicao16k/dt055.wav to /home/lapf/Desktop/TCCtest/Sphinx/feat/constituicao16k/dt055.mfc
ERROR: "sphinx_fe.c", line 118: Failed to open /home/lapf/Desktop/TCCtest/Sphinx/wav/constituicao16k/dt055.wav: No such file or directory
INFO: sphinx_fe.c(764): Converting /home/lapf/Desktop/TCCtest/Sphinx/wav/constituicao16k/dt056a.wav to /home/lapf/Desktop/TCCtest/Sphinx/feat/constituicao16k/dt056a.mfc
ERROR: "sphinx_fe.c", line 118: Failed to open /home/lapf/Desktop/TCCtest/Sphinx/wav/constituicao16k/dt056a.wav: No such file or directory
INFO: sphinx_fe.c(764): Converting /home/lapf/Desktop/TCCtest/Sphinx/wav/constituicao16k/dt056b.wav to /home/lapf/Desktop/TCCtest/Sphinx/feat/constituicao16k/dt056b.mfc
ERROR: "sphinx_fe.c", line 118: Failed to open /home/lapf/Desktop/TCCtest/Sphinx/wav/constituicao16k/dt056b.wav: No such file or directory
INFO: sphinx_fe.c(764): Converting /home/lapf/Desktop/TCCtest/Sphinx/wav/constituicao16k/dt057a.wav to /home/lapf/Desktop/TCCtest/Sphinx/feat/constituicao16k/dt057a.mfc
ERROR: "sphinx_fe.c", line 118: Failed to open /home/lapf/Desktop/TCCtest/Sphinx/wav/constituicao16k/dt057a.wav: No such file or directory
INFO: sphinx_fe.c(764): Converting /home/lapf/Desktop/TCCtest/Sphinx/wav/constituicao16k/dt057b.wav to /home/lapf/Desktop/TCCtest/Sphinx/feat/constituicao16k/dt057b.mfc
ERROR: "sphinx_fe.c", line 118: Failed to open /home/lapf/Desktop/TCCtest/Sphinx/wav/constituicao16k/dt057b.wav: No such file or directory
INFO: sphinx_fe.c(764): Converting /home/lapf/Desktop/TCCtest/Sphinx/wav/constituicao16k/dt057c.wav to /home/lapf/Desktop/TCCtest/Sphinx/feat/constituicao16k/dt057c.mfc
ERROR: "sphinx_fe.c", line 118: Failed to open /home/lapf/Desktop/TCCtest/Sphinx/wav/constituicao16k/dt057c.wav: No such file or directory
INFO: sphinx_fe.c(764): Converting /home/lapf/Desktop/TCCtest/Sphinx/wav/constituicao16k/dt057d.wav to /home/lapf/Desktop/TCCtest/Sphinx/feat/constituicao16k/dt057d.mfc
ERROR: "sphinx_fe.c", line 118: Failed to open /home/lapf/Desktop/TCCtest/Sphinx/wav/constituicao16k/dt057d.wav: No such file or directory
INFO: sphinx_fe.c(764): Converting /home/lapf/Desktop/TCCtest/Sphinx/wav/constituicao16k/dt058a.wav to /home/lapf/Desktop/TCCtest/Sphinx/feat/constituicao16k/dt058a.mfc
ERROR: "sphinx_fe.c", line 118: Failed to open /home/lapf/Desktop/TCCtest/Sphinx/wav/constituicao16k/dt058a.wav: No such file or directory
INFO: sphinx_fe.c(764): Converting /home/lapf/Desktop/TCCtest/Sphinx/wav/constituicao16k/dt058b.wav to /home/lapf/Desktop/TCCtest/Sphinx/feat/constituicao16k/dt058b.mfc
ERROR: "sphinx_fe.c", line 118: Failed to open /home/lapf/Desktop/TCCtest/Sphinx/wav/constituicao16k/dt058b.wav: No such file or directory
INFO: sphinx_fe.c(764): Converting /home/lapf/Desktop/TCCtest/Sphinx/wav/constituicao16k/dt059.wav to /home/lapf/Desktop/TCCtest/Sphinx/feat/constituicao16k/dt059.mfc
ERROR: "sphinx_fe.c", line 118: Failed to open /home/lapf/Desktop/TCCtest/Sphinx/wav/constituicao16k/dt059.wav: No such file or directory
INFO: sphinx_fe.c(764): Converting /home/lapf/Desktop/TCCtest/Sphinx/wav/constituicao16k/dt060a.wav to /home/lapf/Desktop/TCCtest/Sphinx/feat/constituicao16k/dt060a.mfc
ERROR: "sphinx_fe.c", line 118: Failed to open /home/lapf/Desktop/TCCtest/Sphinx/wav/constituicao16k/dt060a.wav: No such file or directory
INFO: sphinx_fe.c(764): Converting /home/lapf/Desktop/TCCtest/Sphinx/wav/constituicao16k/dt060b.wav to /home/lapf/Desktop/TCCtest/Sphinx/feat/constituicao16k/dt060b.mfc
ERROR: "sphinx_fe.c", line 118: Failed to open /home/lapf/Desktop/TCCtest/Sphinx/wav/constituicao16k/dt060b.wav: No such file or directory
INFO: sphinx_fe.c(764): Converting /home/lapf/Desktop/TCCtest/Sphinx/wav/constituicao16k/dt060c.wav to /home/lapf/Desktop/TCCtest/Sphinx/feat/constituicao16k/dt060c.mfc
ERROR: "sphinx_fe.c", line 118: Failed to open /home/lapf/Desktop/TCCtest/Sphinx/wav/constituicao16k/dt060c.wav: No such file or directory
INFO: sphinx_fe.c(764): Converting /home/lapf/Desktop/TCCtest/Sphinx/wav/constituicao16k/dt060d.wav to /home/lapf/Desktop/TCCtest/Sphinx/feat/constituicao16k/dt060d.mfc
ERROR: "sphinx_fe.c", line 118: Failed to open /home/lapf/Desktop/TCCtest/Sphinx/wav/constituicao16k/dt060d.wav: No such file or directory
INFO: sphinx_fe.c(764): Converting /home/lapf/Desktop/TCCtest/Sphinx/wav/constituicao16k/dt060e.wav to /home/lapf/Desktop/TCCtest/Sphinx/feat/constituicao16k/dt060e.mfc
ERROR: "sphinx_fe.c", line 118: Failed to open /home/lapf/Desktop/TCCtest/Sphinx/wav/constituicao16k/dt060e.wav: No such file or directory
INFO: sphinx_fe.c(764): Converting /home/lapf/Desktop/TCCtest/Sphinx/wav/constituicao16k/dt060f.wav to /home/lapf/Desktop/TCCtest/Sphinx/feat/constituicao16k/dt060f.mfc
ERROR: "sphinx_fe.c", line 118: Failed to open /home/lapf/Desktop/TCCtest/Sphinx/wav/constituicao16k/dt060f.wav: No such file or directory
INFO: sphinx_fe.c(764): Converting /home/lapf/Desktop/TCCtest/Sphinx/wav/constituicao16k/dt060g.wav to /home/lapf/Desktop/TCCtest/Sphinx/feat/constituicao16k/dt060g.mfc
ERROR: "sphinx_fe.c", line 118: Failed to open /home/lapf/Desktop/TCCtest/Sphinx/wav/constituicao16k/dt060g.wav: No such file or directory
INFO: sphinx_fe.c(764): Converting /home/lapf/Desktop/TCCtest/Sphinx/wav/constituicao16k/dt060h.wav to /home/lapf/Desktop/TCCtest/Sphinx/feat/constituicao16k/dt060h.mfc
ERROR: "sphinx_fe.c", line 118: Failed to open /home/lapf/Desktop/TCCtest/Sphinx/wav/constituicao16k/dt060h.wav: No such file or directory
INFO: sphinx_fe.c(764): Converting /home/lapf/Desktop/TCCtest/Sphinx/wav/constituicao16k/dt060i.wav to /home/lapf/Desktop/TCCtest/Sphinx/feat/constituicao16k/dt060i.mfc
ERROR: "sphinx_fe.c", line 118: Failed to open /home/lapf/Desktop/TCCtest/Sphinx/wav/constituicao16k/dt060i.wav: No such file or directory
INFO: sphinx_fe.c(764): Converting /home/lapf/Desktop/TCCtest/Sphinx/wav/constituicao16k/dt060j.wav to /home/lapf/Desktop/TCCtest/Sphinx/feat/constituicao16k/dt060j.mfc
ERROR: "sphinx_fe.c", line 118: Failed to open /home/lapf/Desktop/TCCtest/Sphinx/wav/constituicao16k/dt060j.wav: No such file or directory
INFO: sphinx_fe.c(764): Converting /home/lapf/Desktop/TCCtest/Sphinx/wav/constituicao16k/dt060k.wav to /home/lapf/Desktop/TCCtest/Sphinx/feat/constituicao16k/dt060k.mfc
ERROR: "sphinx_fe.c", line 118: Failed to open /home/lapf/Desktop/TCCtest/Sphinx/wav/constituicao16k/dt060k.wav: No such file or directory
INFO: sphinx_fe.c(764): Converting /home/lapf/Desktop/TCCtest/Sphinx/wav/constituicao16k/dt060l.wav to /home/lapf/Desktop/TCCtest/Sphinx/feat/constituicao16k/dt060l.mfc
ERROR: "sphinx_fe.c", line 118: Failed to open /home/lapf/Desktop/TCCtest/Sphinx/wav/constituicao16k/dt060l.wav: No such file or directory
INFO: sphinx_fe.c(764): Converting /home/lapf/Desktop/TCCtest/Sphinx/wav/constituicao16k/dt060m.wav to /home/lapf/Desktop/TCCtest/Sphinx/feat/constituicao16k/dt060m.mfc
ERROR: "sphinx_fe.c", line 118: Failed to open /home/lapf/Desktop/TCCtest/Sphinx/wav/constituicao16k/dt060m.wav: No such file or directory
INFO: sphinx_fe.c(764): Converting /home/lapf/Desktop/TCCtest/Sphinx/wav/constituicao16k/dt060n.wav to /home/lapf/Desktop/TCCtest/Sphinx/feat/constituicao16k/dt060n.mfc
ERROR: "sphinx_fe.c", line 118: Failed to open /home/lapf/Desktop/TCCtest/Sphinx/wav/constituicao16k/dt060n.wav: No such file or directory
INFO: sphinx_fe.c(764): Converting /home/lapf/Desktop/TCCtest/Sphinx/wav/constituicao16k/dt060o.wav to /home/lapf/Desktop/TCCtest/Sphinx/feat/constituicao16k/dt060o.mfc
ERROR: "sphinx_fe.c", line 118: Failed to open /home/lapf/Desktop/TCCtest/Sphinx/wav/constituicao16k/dt060o.wav: No such file or directory
INFO: sphinx_fe.c(764): Converting /home/lapf/Desktop/TCCtest/Sphinx/wav/constituicao16k/dt060p.wav to /home/lapf/Desktop/TCCtest/Sphinx/feat/constituicao16k/dt060p.mfc
ERROR: "sphinx_fe.c", line 118: Failed to open /home/lapf/Desktop/TCCtest/Sphinx/wav/constituicao16k/dt060p.wav: No such file or directory
INFO: sphinx_fe.c(764): Converting /home/lapf/Desktop/TCCtest/Sphinx/wav/constituicao16k/dt060q.wav to /home/lapf/Desktop/TCCtest/Sphinx/feat/constituicao16k/dt060q.mfc
ERROR: "sphinx_fe.c", line 118: Failed to open /home/lapf/Desktop/TCCtest/Sphinx/wav/constituicao16k/dt060q.wav: No such file or directory
INFO: sphinx_fe.c(764): Converting /home/lapf/Desktop/TCCtest/Sphinx/wav/constituicao16k/dt060r.wav to /home/lapf/Desktop/TCCtest/Sphinx/feat/constituicao16k/dt060r.mfc
ERROR: "sphinx_fe.c", line 118: Failed to open /home/lapf/Desktop/TCCtest/Sphinx/wav/constituicao16k/dt060r.wav: No such file or directory
INFO: sphinx_fe.c(764): Converting /home/lapf/Desktop/TCCtest/Sphinx/wav/constituicao16k/dt060s.wav to /home/lapf/Desktop/TCCtest/Sphinx/feat/constituicao16k/dt060s.mfc
ERROR: "sphinx_fe.c", line 118: Failed to open /home/lapf/Desktop/TCCtest/Sphinx/wav/constituicao16k/dt060s.wav: No such file or directory
INFO: sphinx_fe.c(764): Converting /home/lapf/Desktop/TCCtest/Sphinx/wav/constituicao16k/dt060t.wav to /home/lapf/Desktop/TCCtest/Sphinx/feat/constituicao16k/dt060t.mfc
ERROR: "sphinx_fe.c", line 118: Failed to open /home/lapf/Desktop/TCCtest/Sphinx/wav/constituicao16k/dt060t.wav: No such file or directory
INFO: sphinx_fe.c(764): Converting /home/lapf/Desktop/TCCtest/Sphinx/wav/constituicao16k/dt061.wav to /home/lapf/Desktop/TCCtest/Sphinx/feat/constituicao16k/dt061.mfc
ERROR: "sphinx_fe.c", line 118: Failed to open /home/lapf/Desktop/TCCtest/Sphinx/wav/constituicao16k/dt061.wav: No such file or directory
INFO: sphinx_fe.c(764): Converting /home/lapf/Desktop/TCCtest/Sphinx/wav/constituicao16k/dt062.wav to /home/lapf/Desktop/TCCtest/Sphinx/feat/constituicao16k/dt062.mfc
ERROR: "sphinx_fe.c", line 118: Failed to open /home/lapf/Desktop/TCCtest/Sphinx/wav/constituicao16k/dt062.wav: No such file or directory
INFO: sphinx_fe.c(764): Converting /home/lapf/Desktop/TCCtest/Sphinx/wav/constituicao16k/dt063a.wav to /home/lapf/Desktop/TCCtest/Sphinx/feat/constituicao16k/dt063a.mfc
ERROR: "sphinx_fe.c", line 118: Failed to open /home/lapf/Desktop/TCCtest/Sphinx/wav/constituicao16k/dt063a.wav: No such file or directory
INFO: sphinx_fe.c(764): Converting /home/lapf/Desktop/TCCtest/Sphinx/wav/constituicao16k/dt063b.wav to /home/lapf/Desktop/TCCtest/Sphinx/feat/constituicao16k/dt063b.mfc
ERROR: "sphinx_fe.c", line 118: Failed to open /home/lapf/Desktop/TCCtest/Sphinx/wav/constituicao16k/dt063b.wav: No such file or directory
INFO: sphinx_fe.c(764): Converting /home/lapf/Desktop/TCCtest/Sphinx/wav/constituicao16k/dt064a.wav to /home/lapf/Desktop/TCCtest/Sphinx/feat/constituicao16k/dt064a.mfc
ERROR: "sphinx_fe.c", line 118: Failed to open /home/lapf/Desktop/TCCtest/Sphinx/wav/constituicao16k/dt064a.wav: No such file or directory
INFO: sphinx_fe.c(764): Converting /home/lapf/Desktop/TCCtest/Sphinx/wav/constituicao16k/dt064b.wav to /home/lapf/Desktop/TCCtest/Sphinx/feat/constituicao16k/dt064b.mfc
ERROR: "sphinx_fe.c", line 118: Failed to open /home/lapf/Desktop/TCCtest/Sphinx/wav/constituicao16k/dt064b.wav: No such file or directory
INFO: sphinx_fe.c(764): Converting /home/lapf/Desktop/TCCtest/Sphinx/wav/constituicao16k/dt065.wav to /home/lapf/Desktop/TCCtest/Sphinx/feat/constituicao16k/dt065.mfc
ERROR: "sphinx_fe.c", line 118: Failed to open /home/lapf/Desktop/TCCtest/Sphinx/wav/constituicao16k/dt065.wav: No such file or directory
INFO: sphinx_fe.c(764): Converting /home/lapf/Desktop/TCCtest/Sphinx/wav/constituicao16k/dt066.wav to /home/lapf/Desktop/TCCtest/Sphinx/feat/constituicao16k/dt066.mfc
ERROR: "sphinx_fe.c", line 118: Failed to open /home/lapf/Desktop/TCCtest/Sphinx/wav/constituicao16k/dt066.wav: No such file or directory
INFO: sphinx_fe.c(764): Converting /home/lapf/Desktop/TCCtest/Sphinx/wav/constituicao16k/dt067.wav to /home/lapf/Desktop/TCCtest/Sphinx/feat/constituicao16k/dt067.mfc
ERROR: "sphinx_fe.c", line 118: Failed to open /home/lapf/Desktop/TCCtest/Sphinx/wav/constituicao16k/dt067.wav: No such file or directory
INFO: sphinx_fe.c(764): Converting /home/lapf/Desktop/TCCtest/Sphinx/wav/constituicao16k/dt068.wav to /home/lapf/Desktop/TCCtest/Sphinx/feat/constituicao16k/dt068.mfc
ERROR: "sphinx_fe.c", line 118: Failed to open /home/lapf/Desktop/TCCtest/Sphinx/wav/constituicao16k/dt068.wav: No such file or directory
INFO: sphinx_fe.c(764): Converting /home/lapf/Desktop/TCCtest/Sphinx/wav/constituicao16k/dt069.wav to /home/lapf/Desktop/TCCtest/Sphinx/feat/constituicao16k/dt069.mfc
ERROR: "sphinx_fe.c", line 118: Failed to open /home/lapf/Desktop/TCCtest/Sphinx/wav/constituicao16k/dt069.wav: No such file or directory
INFO: sphinx_fe.c(764): Converting /home/lapf/Desktop/TCCtest/Sphinx/wav/constituicao16k/dt070.wav to /home/lapf/Desktop/TCCtest/Sphinx/feat/constituicao16k/dt070.mfc
ERROR: "sphinx_fe.c", line 118: Failed to open /home/lapf/Desktop/TCCtest/Sphinx/wav/constituicao16k/dt070.wav: No such file or directory
INFO: sphinx_fe.c(764): Converting /home/lapf/Desktop/TCCtest/Sphinx/wav/constituicao16k/dt071a.wav to /home/lapf/Desktop/TCCtest/Sphinx/feat/constituicao16k/dt071a.mfc
ERROR: "sphinx_fe.c", line 118: Failed to open /home/lapf/Desktop/TCCtest/Sphinx/wav/constituicao16k/dt071a.wav: No such file or directory
INFO: sphinx_fe.c(764): Converting /home/lapf/Desktop/TCCtest/Sphinx/wav/constituicao16k/dt071b.wav to /home/lapf/Desktop/TCCtest/Sphinx/feat/constituicao16k/dt071b.mfc
ERROR: "sphinx_fe.c", line 118: Failed to open /home/lapf/Desktop/TCCtest/Sphinx/wav/constituicao16k/dt071b.wav: No such file or directory
INFO: sphinx_fe.c(764): Converting /home/lapf/Desktop/TCCtest/Sphinx/wav/constituicao16k/dt071c.wav to /home/lapf/Desktop/TCCtest/Sphinx/feat/constituicao16k/dt071c.mfc
ERROR: "sphinx_fe.c", line 118: Failed to open /home/lapf/Desktop/TCCtest/Sphinx/wav/constituicao16k/dt071c.wav: No such file or directory
INFO: sphinx_fe.c(764): Converting /home/lapf/Desktop/TCCtest/Sphinx/wav/constituicao16k/dt071d.wav to /home/lapf/Desktop/TCCtest/Sphinx/feat/constituicao16k/dt071d.mfc
ERROR: "sphinx_fe.c", line 118: Failed to open /home/lapf/Desktop/TCCtest/Sphinx/wav/constituicao16k/dt071d.wav: No such file or directory
INFO: sphinx_fe.c(764): Converting /home/lapf/Desktop/TCCtest/Sphinx/wav/constituicao16k/dt072a.wav to /home/lapf/Desktop/TCCtest/Sphinx/feat/constituicao16k/dt072a.mfc
ERROR: "sphinx_fe.c", line 118: Failed to open /home/lapf/Desktop/TCCtest/Sphinx/wav/constituicao16k/dt072a.wav: No such file or directory
INFO: sphinx_fe.c(764): Converting /home/lapf/Desktop/TCCtest/Sphinx/wav/constituicao16k/dt072b.wav to /home/lapf/Desktop/TCCtest/Sphinx/feat/constituicao16k/dt072b.mfc
ERROR: "sphinx_fe.c", line 118: Failed to open /home/lapf/Desktop/TCCtest/Sphinx/wav/constituicao16k/dt072b.wav: No such file or directory
INFO: sphinx_fe.c(764): Converting /home/lapf/Desktop/TCCtest/Sphinx/wav/constituicao16k/dt072c.wav to /home/lapf/Desktop/TCCtest/Sphinx/feat/constituicao16k/dt072c.mfc
ERROR: "sphinx_fe.c", line 118: Failed to open /home/lapf/Desktop/TCCtest/Sphinx/wav/constituicao16k/dt072c.wav: No such file or directory
INFO: sphinx_fe.c(764): Converting /home/lapf/Desktop/TCCtest/Sphinx/wav/constituicao16k/dt072d.wav to /home/lapf/Desktop/TCCtest/Sphinx/feat/constituicao16k/dt072d.mfc
ERROR: "sphinx_fe.c", line 118: Failed to open /home/lapf/Desktop/TCCtest/Sphinx/wav/constituicao16k/dt072d.wav: No such file or directory
INFO: sphinx_fe.c(764): Converting /home/lapf/Desktop/TCCtest/Sphinx/wav/constituicao16k/dt072e.wav to /home/lapf/Desktop/TCCtest/Sphinx/feat/constituicao16k/dt072e.mfc
ERROR: "sphinx_fe.c", line 118: Failed to open /home/lapf/Desktop/TCCtest/Sphinx/wav/constituicao16k/dt072e.wav: No such file or directory
INFO: sphinx_fe.c(764): Converting /home/lapf/Desktop/TCCtest/Sphinx/wav/constituicao16k/dt072f.wav to /home/lapf/Desktop/TCCtest/Sphinx/feat/constituicao16k/dt072f.mfc
ERROR: "sphinx_fe.c", line 118: Failed to open /home/lapf/Desktop/TCCtest/Sphinx/wav/constituicao16k/dt072f.wav: No such file or directory
INFO: sphinx_fe.c(764): Converting /home/lapf/Desktop/TCCtest/Sphinx/wav/constituicao16k/dt072g.wav to /home/lapf/Desktop/TCCtest/Sphinx/feat/constituicao16k/dt072g.mfc
ERROR: "sphinx_fe.c", line 118: Failed to open /home/lapf/Desktop/TCCtest/Sphinx/wav/constituicao16k/dt072g.wav: No such file or directory
INFO: sphinx_fe.c(764): Converting /home/lapf/Desktop/TCCtest/Sphinx/wav/constituicao16k/dt072h.wav to /home/lapf/Desktop/TCCtest/Sphinx/feat/constituicao16k/dt072h.mfc
ERROR: "sphinx_fe.c", line 118: Failed to open /home/lapf/Desktop/TCCtest/Sphinx/wav/constituicao16k/dt072h.wav: No such file or directory
INFO: sphinx_fe.c(764): Converting /home/lapf/Desktop/TCCtest/Sphinx/wav/constituicao16k/dt072i.wav to /home/lapf/Desktop/TCCtest/Sphinx/feat/constituicao16k/dt072i.mfc
ERROR: "sphinx_fe.c", line 118: Failed to open /home/lapf/Desktop/TCCtest/Sphinx/wav/constituicao16k/dt072i.wav: No such file or directory
INFO: sphinx_fe.c(764): Converting /home/lapf/Desktop/TCCtest/Sphinx/wav/constituicao16k/dt072j.wav to /home/lapf/Desktop/TCCtest/Sphinx/feat/constituicao16k/dt072j.mfc
ERROR: "sphinx_fe.c", line 118: Failed to open /home/lapf/Desktop/TCCtest/Sphinx/wav/constituicao16k/dt072j.wav: No such file or directory
INFO: sphinx_fe.c(764): Converting /home/lapf/Desktop/TCCtest/Sphinx/wav/constituicao16k/dt073.wav to /home/lapf/Desktop/TCCtest/Sphinx/feat/constituicao16k/dt073.mfc
ERROR: "sphinx_fe.c", line 118: Failed to open /home/lapf/Desktop/TCCtest/Sphinx/wav/constituicao16k/dt073.wav: No such file or directory
INFO: sphinx_fe.c(764): Converting /home/lapf/Desktop/TCCtest/Sphinx/wav/constituicao16k/dt074a.wav to /home/lapf/Desktop/TCCtest/Sphinx/feat/constituicao16k/dt074a.mfc
ERROR: "sphinx_fe.c", line 118: Failed to open /home/lapf/Desktop/TCCtest/Sphinx/wav/constituicao16k/dt074a.wav: No such file or directory
INFO: sphinx_fe.c(764): Converting /home/lapf/Desktop/TCCtest/Sphinx/wav/constituicao16k/dt074b.wav to /home/lapf/Desktop/TCCtest/Sphinx/feat/constituicao16k/dt074b.mfc
ERROR: "sphinx_fe.c", line 118: Failed to open /home/lapf/Desktop/TCCtest/Sphinx/wav/constituicao16k/dt074b.wav: No such file or directory
INFO: sphinx_fe.c(764): Converting /home/lapf/Desktop/TCCtest/Sphinx/wav/constituicao16k/dt074c.wav to /home/lapf/Desktop/TCCtest/Sphinx/feat/constituicao16k/dt074c.mfc
ERROR: "sphinx_fe.c", line 118: Failed to open /home/lapf/Desktop/TCCtest/Sphinx/wav/constituicao16k/dt074c.wav: No such file or directory
INFO: sphinx_fe.c(764): Converting /home/lapf/Desktop/TCCtest/Sphinx/wav/constituicao16k/dt075a.wav to /home/lapf/Desktop/TCCtest/Sphinx/feat/constituicao16k/dt075a.mfc
ERROR: "sphinx_fe.c", line 118: Failed to open /home/lapf/Desktop/TCCtest/Sphinx/wav/constituicao16k/dt075a.wav: No such file or directory
INFO: sphinx_fe.c(764): Converting /home/lapf/Desktop/TCCtest/Sphinx/wav/constituicao16k/dt075b.wav to /home/lapf/Desktop/TCCtest/Sphinx/feat/constituicao16k/dt075b.mfc
ERROR: "sphinx_fe.c", line 118: Failed to open /home/lapf/Desktop/TCCtest/Sphinx/wav/constituicao16k/dt075b.wav: No such file or directory
INFO: sphinx_fe.c(764): Converting /home/lapf/Desktop/TCCtest/Sphinx/wav/constituicao16k/dt075c.wav to /home/lapf/Desktop/TCCtest/Sphinx/feat/constituicao16k/dt075c.mfc
ERROR: "sphinx_fe.c", line 118: Failed to open /home/lapf/Desktop/TCCtest/Sphinx/wav/constituicao16k/dt075c.wav: No such file or directory
INFO: sphinx_fe.c(764): Converting /home/lapf/Desktop/TCCtest/Sphinx/wav/constituicao16k/dt075d.wav to /home/lapf/Desktop/TCCtest/Sphinx/feat/constituicao16k/dt075d.mfc
ERROR: "sphinx_fe.c", line 118: Failed to open /home/lapf/Desktop/TCCtest/Sphinx/wav/constituicao16k/dt075d.wav: No such file or directory
INFO: sphinx_fe.c(764): Converting /home/lapf/Desktop/TCCtest/Sphinx/wav/constituicao16k/dt076a.wav to /home/lapf/Desktop/TCCtest/Sphinx/feat/constituicao16k/dt076a.mfc
ERROR: "sphinx_fe.c", line 118: Failed to open /home/lapf/Desktop/TCCtest/Sphinx/wav/constituicao16k/dt076a.wav: No such file or directory
INFO: sphinx_fe.c(764): Converting /home/lapf/Desktop/TCCtest/Sphinx/wav/constituicao16k/dt076b.wav to /home/lapf/Desktop/TCCtest/Sphinx/feat/constituicao16k/dt076b.mfc
ERROR: "sphinx_fe.c", line 118: Failed to open /home/lapf/Desktop/TCCtest/Sphinx/wav/constituicao16k/dt076b.wav: No such file or directory
INFO: sphinx_fe.c(764): Converting /home/lapf/Desktop/TCCtest/Sphinx/wav/constituicao16k/dt076c.wav to /home/lapf/Desktop/TCCtest/Sphinx/feat/constituicao16k/dt076c.mfc
ERROR: "sphinx_fe.c", line 118: Failed to open /home/lapf/Desktop/TCCtest/Sphinx/wav/constituicao16k/dt076c.wav: No such file or directory
INFO: sphinx_fe.c(764): Converting /home/lapf/Desktop/TCCtest/Sphinx/wav/constituicao16k/dt076d.wav to /home/lapf/Desktop/TCCtest/Sphinx/feat/constituicao16k/dt076d.mfc
ERROR: "sphinx_fe.c", line 118: Failed to open /home/lapf/Desktop/TCCtest/Sphinx/wav/constituicao16k/dt076d.wav: No such file or directory
INFO: sphinx_fe.c(764): Converting /home/lapf/Desktop/TCCtest/Sphinx/wav/constituicao16k/dt077a.wav to /home/lapf/Desktop/TCCtest/Sphinx/feat/constituicao16k/dt077a.mfc
ERROR: "sphinx_fe.c", line 118: Failed to open /home/lapf/Desktop/TCCtest/Sphinx/wav/constituicao16k/dt077a.wav: No such file or directory
INFO: sphinx_fe.c(764): Converting /home/lapf/Desktop/TCCtest/Sphinx/wav/constituicao16k/dt077b.wav to /home/lapf/Desktop/TCCtest/Sphinx/feat/constituicao16k/dt077b.mfc
ERROR: "sphinx_fe.c", line 118: Failed to open /home/lapf/Desktop/TCCtest/Sphinx/wav/constituicao16k/dt077b.wav: No such file or directory
INFO: sphinx_fe.c(764): Converting /home/lapf/Desktop/TCCtest/Sphinx/wav/constituicao16k/dt077c.wav to /home/lapf/Desktop/TCCtest/Sphinx/feat/constituicao16k/dt077c.mfc
ERROR: "sphinx_fe.c", line 118: Failed to open /home/lapf/Desktop/TCCtest/Sphinx/wav/constituicao16k/dt077c.wav: No such file or directory
INFO: sphinx_fe.c(764): Converting /home/lapf/Desktop/TCCtest/Sphinx/wav/constituicao16k/dt077d.wav to /home/lapf/Desktop/TCCtest/Sphinx/feat/constituicao16k/dt077d.mfc
ERROR: "sphinx_fe.c", line 118: Failed to open /home/lapf/Desktop/TCCtest/Sphinx/wav/constituicao16k/dt077d.wav: No such file or directory
INFO: sphinx_fe.c(764): Converting /home/lapf/Desktop/TCCtest/Sphinx/wav/constituicao16k/dt077e.wav to /home/lapf/Desktop/TCCtest/Sphinx/feat/constituicao16k/dt077e.mfc
ERROR: "sphinx_fe.c", line 118: Failed to open /home/lapf/Desktop/TCCtest/Sphinx/wav/constituicao16k/dt077e.wav: No such file or directory
INFO: sphinx_fe.c(764): Converting /home/lapf/Desktop/TCCtest/Sphinx/wav/constituicao16k/dt077f.wav to /home/lapf/Desktop/TCCtest/Sphinx/feat/constituicao16k/dt077f.mfc
ERROR: "sphinx_fe.c", line 118: Failed to open /home/lapf/Desktop/TCCtest/Sphinx/wav/constituicao16k/dt077f.wav: No such file or directory
INFO: sphinx_fe.c(764): Converting /home/lapf/Desktop/TCCtest/Sphinx/wav/constituicao16k/dt077g.wav to /home/lapf/Desktop/TCCtest/Sphinx/feat/constituicao16k/dt077g.mfc
ERROR: "sphinx_fe.c", line 118: Failed to open /home/lapf/Desktop/TCCtest/Sphinx/wav/constituicao16k/dt077g.wav: No such file or directory
INFO: sphinx_fe.c(764): Converting /home/lapf/Desktop/TCCtest/Sphinx/wav/constituicao16k/dt078a.wav to /home/lapf/Desktop/TCCtest/Sphinx/feat/constituicao16k/dt078a.mfc
ERROR: "sphinx_fe.c", line 118: Failed to open /home/lapf/Desktop/TCCtest/Sphinx/wav/constituicao16k/dt078a.wav: No such file or directory
INFO: sphinx_fe.c(764): Converting /home/lapf/Desktop/TCCtest/Sphinx/wav/constituicao16k/dt078b.wav to /home/lapf/Desktop/TCCtest/Sphinx/feat/constituicao16k/dt078b.mfc
ERROR: "sphinx_fe.c", line 118: Failed to open /home/lapf/Desktop/TCCtest/Sphinx/wav/constituicao16k/dt078b.wav: No such file or directory
INFO: sphinx_fe.c(764): Converting /home/lapf/Desktop/TCCtest/Sphinx/wav/constituicao16k/dt078c.wav to /home/lapf/Desktop/TCCtest/Sphinx/feat/constituicao16k/dt078c.mfc
ERROR: "sphinx_fe.c", line 118: Failed to open /home/lapf/Desktop/TCCtest/Sphinx/wav/constituicao16k/dt078c.wav: No such file or directory
INFO: sphinx_fe.c(764): Converting /home/lapf/Desktop/TCCtest/Sphinx/wav/constituicao16k/dt078d.wav to /home/lapf/Desktop/TCCtest/Sphinx/feat/constituicao16k/dt078d.mfc
ERROR: "sphinx_fe.c", line 118: Failed to open /home/lapf/Desktop/TCCtest/Sphinx/wav/constituicao16k/dt078d.wav: No such file or directory
INFO: sphinx_fe.c(764): Converting /home/lapf/Desktop/TCCtest/Sphinx/wav/constituicao16k/dt079a.wav to /home/lapf/Desktop/TCCtest/Sphinx/feat/constituicao16k/dt079a.mfc
ERROR: "sphinx_fe.c", line 118: Failed to open /home/lapf/Desktop/TCCtest/Sphinx/wav/constituicao16k/dt079a.wav: No such file or directory
INFO: sphinx_fe.c(764): Converting /home/lapf/Desktop/TCCtest/Sphinx/wav/constituicao16k/dt079b.wav to /home/lapf/Desktop/TCCtest/Sphinx/feat/constituicao16k/dt079b.mfc
ERROR: "sphinx_fe.c", line 118: Failed to open /home/lapf/Desktop/TCCtest/Sphinx/wav/constituicao16k/dt079b.wav: No such file or directory
INFO: sphinx_fe.c(764): Converting /home/lapf/Desktop/TCCtest/Sphinx/wav/constituicao16k/dt080a.wav to /home/lapf/Desktop/TCCtest/Sphinx/feat/constituicao16k/dt080a.mfc
ERROR: "sphinx_fe.c", line 118: Failed to open /home/lapf/Desktop/TCCtest/Sphinx/wav/constituicao16k/dt080a.wav: No such file or directory
INFO: sphinx_fe.c(764): Converting /home/lapf/Desktop/TCCtest/Sphinx/wav/constituicao16k/dt080b.wav to /home/lapf/Desktop/TCCtest/Sphinx/feat/constituicao16k/dt080b.mfc
ERROR: "sphinx_fe.c", line 118: Failed to open /home/lapf/Desktop/TCCtest/Sphinx/wav/constituicao16k/dt080b.wav: No such file or directory
INFO: sphinx_fe.c(764): Converting /home/lapf/Desktop/TCCtest/Sphinx/wav/constituicao16k/dt080c.wav to /home/lapf/Desktop/TCCtest/Sphinx/feat/constituicao16k/dt080c.mfc
ERROR: "sphinx_fe.c", line 118: Failed to open /home/lapf/Desktop/TCCtest/Sphinx/wav/constituicao16k/dt080c.wav: No such file or directory
INFO: sphinx_fe.c(764): Converting /home/lapf/Desktop/TCCtest/Sphinx/wav/constituicao16k/dt080d.wav to /home/lapf/Desktop/TCCtest/Sphinx/feat/constituicao16k/dt080d.mfc
ERROR: "sphinx_fe.c", line 118: Failed to open /home/lapf/Desktop/TCCtest/Sphinx/wav/constituicao16k/dt080d.wav: No such file or directory
INFO: sphinx_fe.c(764): Converting /home/lapf/Desktop/TCCtest/Sphinx/wav/constituicao16k/dt081a.wav to /home/lapf/Desktop/TCCtest/Sphinx/feat/constituicao16k/dt081a.mfc
ERROR: "sphinx_fe.c", line 118: Failed to open /home/lapf/Desktop/TCCtest/Sphinx/wav/constituicao16k/dt081a.wav: No such file or directory
INFO: sphinx_fe.c(764): Converting /home/lapf/Desktop/TCCtest/Sphinx/wav/constituicao16k/dt081b.wav to /home/lapf/Desktop/TCCtest/Sphinx/feat/constituicao16k/dt081b.mfc
ERROR: "sphinx_fe.c", line 118: Failed to open /home/lapf/Desktop/TCCtest/Sphinx/wav/constituicao16k/dt081b.wav: No such file or directory
INFO: sphinx_fe.c(764): Converting /home/lapf/Desktop/TCCtest/Sphinx/wav/constituicao16k/dt081c.wav to /home/lapf/Desktop/TCCtest/Sphinx/feat/constituicao16k/dt081c.mfc
ERROR: "sphinx_fe.c", line 118: Failed to open /home/lapf/Desktop/TCCtest/Sphinx/wav/constituicao16k/dt081c.wav: No such file or directory
INFO: sphinx_fe.c(764): Converting /home/lapf/Desktop/TCCtest/Sphinx/wav/constituicao16k/dt081d.wav to /home/lapf/Desktop/TCCtest/Sphinx/feat/constituicao16k/dt081d.mfc
ERROR: "sphinx_fe.c", line 118: Failed to open /home/lapf/Desktop/TCCtest/Sphinx/wav/constituicao16k/dt081d.wav: No such file or directory
INFO: sphinx_fe.c(764): Converting /home/lapf/Desktop/TCCtest/Sphinx/wav/constituicao16k/dt082a.wav to /home/lapf/Desktop/TCCtest/Sphinx/feat/constituicao16k/dt082a.mfc
ERROR: "sphinx_fe.c", line 118: Failed to open /home/lapf/Desktop/TCCtest/Sphinx/wav/constituicao16k/dt082a.wav: No such file or directory
INFO: sphinx_fe.c(764): Converting /home/lapf/Desktop/TCCtest/Sphinx/wav/constituicao16k/dt082b.wav to /home/lapf/Desktop/TCCtest/Sphinx/feat/constituicao16k/dt082b.mfc
ERROR: "sphinx_fe.c", line 118: Failed to open /home/lapf/Desktop/TCCtest/Sphinx/wav/constituicao16k/dt082b.wav: No such file or directory
INFO: sphinx_fe.c(764): Converting /home/lapf/Desktop/TCCtest/Sphinx/wav/constituicao16k/dt082c.wav to /home/lapf/Desktop/TCCtest/Sphinx/feat/constituicao16k/dt082c.mfc
ERROR: "sphinx_fe.c", line 118: Failed to open /home/lapf/Desktop/TCCtest/Sphinx/wav/constituicao16k/dt082c.wav: No such file or directory
INFO: sphinx_fe.c(764): Converting /home/lapf/Desktop/TCCtest/Sphinx/wav/constituicao16k/dt083.wav to /home/lapf/Desktop/TCCtest/Sphinx/feat/constituicao16k/dt083.mfc
ERROR: "sphinx_fe.c", line 118: Failed to open /home/lapf/Desktop/TCCtest/Sphinx/wav/constituicao16k/dt083.wav: No such file or directory
INFO: sphinx_fe.c(764): Converting /home/lapf/Desktop/TCCtest/Sphinx/wav/constituicao16k/dt084a.wav to /home/lapf/Desktop/TCCtest/Sphinx/feat/constituicao16k/dt084a.mfc
ERROR: "sphinx_fe.c", line 118: Failed to open /home/lapf/Desktop/TCCtest/Sphinx/wav/constituicao16k/dt084a.wav: No such file or directory
INFO: sphinx_fe.c(764): Converting /home/lapf/Desktop/TCCtest/Sphinx/wav/constituicao16k/dt084b.wav to /home/lapf/Desktop/TCCtest/Sphinx/feat/constituicao16k/dt084b.mfc
ERROR: "sphinx_fe.c", line 118: Failed to open /home/lapf/Desktop/TCCtest/Sphinx/wav/constituicao16k/dt084b.wav: No such file or directory
INFO: sphinx_fe.c(764): Converting /home/lapf/Desktop/TCCtest/Sphinx/wav/constituicao16k/dt084c.wav to /home/lapf/Desktop/TCCtest/Sphinx/feat/constituicao16k/dt084c.mfc
ERROR: "sphinx_fe.c", line 118: Failed to open /home/lapf/Desktop/TCCtest/Sphinx/wav/constituicao16k/dt084c.wav: No such file or directory
INFO: sphinx_fe.c(764): Converting /home/lapf/Desktop/TCCtest/Sphinx/wav/constituicao16k/dt084d.wav to /home/lapf/Desktop/TCCtest/Sphinx/feat/constituicao16k/dt084d.mfc
ERROR: "sphinx_fe.c", line 118: Failed to open /home/lapf/Desktop/TCCtest/Sphinx/wav/constituicao16k/dt084d.wav: No such file or directory
INFO: sphinx_fe.c(764): Converting /home/lapf/Desktop/TCCtest/Sphinx/wav/constituicao16k/dt085a.wav to /home/lapf/Desktop/TCCtest/Sphinx/feat/constituicao16k/dt085a.mfc
ERROR: "sphinx_fe.c", line 118: Failed to open /home/lapf/Desktop/TCCtest/Sphinx/wav/constituicao16k/dt085a.wav: No such file or directory
INFO: sphinx_fe.c(764): Converting /home/lapf/Desktop/TCCtest/Sphinx/wav/constituicao16k/dt085b.wav to /home/lapf/Desktop/TCCtest/Sphinx/feat/constituicao16k/dt085b.mfc
ERROR: "sphinx_fe.c", line 118: Failed to open /home/lapf/Desktop/TCCtest/Sphinx/wav/constituicao16k/dt085b.wav: No such file or directory
INFO: sphinx_fe.c(764): Converting /home/lapf/Desktop/TCCtest/Sphinx/wav/constituicao16k/dt085c.wav to /home/lapf/Desktop/TCCtest/Sphinx/feat/constituicao16k/dt085c.mfc
ERROR: "sphinx_fe.c", line 118: Failed to open /home/lapf/Desktop/TCCtest/Sphinx/wav/constituicao16k/dt085c.wav: No such file or directory
INFO: sphinx_fe.c(764): Converting /home/lapf/Desktop/TCCtest/Sphinx/wav/constituicao16k/dt085d.wav to /home/lapf/Desktop/TCCtest/Sphinx/feat/constituicao16k/dt085d.mfc
ERROR: "sphinx_fe.c", line 118: Failed to open /home/lapf/Desktop/TCCtest/Sphinx/wav/constituicao16k/dt085d.wav: No such file or directory
INFO: sphinx_fe.c(764): Converting /home/lapf/Desktop/TCCtest/Sphinx/wav/constituicao16k/dt085e.wav to /home/lapf/Desktop/TCCtest/Sphinx/feat/constituicao16k/dt085e.mfc
ERROR: "sphinx_fe.c", line 118: Failed to open /home/lapf/Desktop/TCCtest/Sphinx/wav/constituicao16k/dt085e.wav: No such file or directory
INFO: sphinx_fe.c(764): Converting /home/lapf/Desktop/TCCtest/Sphinx/wav/constituicao16k/dt085f.wav to /home/lapf/Desktop/TCCtest/Sphinx/feat/constituicao16k/dt085f.mfc
ERROR: "sphinx_fe.c", line 118: Failed to open /home/lapf/Desktop/TCCtest/Sphinx/wav/constituicao16k/dt085f.wav: No such file or directory
INFO: sphinx_fe.c(764): Converting /home/lapf/Desktop/TCCtest/Sphinx/wav/constituicao16k/dt086a.wav to /home/lapf/Desktop/TCCtest/Sphinx/feat/constituicao16k/dt086a.mfc
ERROR: "sphinx_fe.c", line 118: Failed to open /home/lapf/Desktop/TCCtest/Sphinx/wav/constituicao16k/dt086a.wav: No such file or directory
INFO: sphinx_fe.c(764): Converting /home/lapf/Desktop/TCCtest/Sphinx/wav/constituicao16k/dt086b.wav to /home/lapf/Desktop/TCCtest/Sphinx/feat/constituicao16k/dt086b.mfc
ERROR: "sphinx_fe.c", line 118: Failed to open /home/lapf/Desktop/TCCtest/Sphinx/wav/constituicao16k/dt086b.wav: No such file or directory
INFO: sphinx_fe.c(764): Converting /home/lapf/Desktop/TCCtest/Sphinx/wav/constituicao16k/dt086c.wav to /home/lapf/Desktop/TCCtest/Sphinx/feat/constituicao16k/dt086c.mfc
ERROR: "sphinx_fe.c", line 118: Failed to open /home/lapf/Desktop/TCCtest/Sphinx/wav/constituicao16k/dt086c.wav: No such file or directory
INFO: sphinx_fe.c(764): Converting /home/lapf/Desktop/TCCtest/Sphinx/wav/constituicao16k/dt086d.wav to /home/lapf/Desktop/TCCtest/Sphinx/feat/constituicao16k/dt086d.mfc
ERROR: "sphinx_fe.c", line 118: Failed to open /home/lapf/Desktop/TCCtest/Sphinx/wav/constituicao16k/dt086d.wav: No such file or directory
INFO: sphinx_fe.c(764): Converting /home/lapf/Desktop/TCCtest/Sphinx/wav/constituicao16k/dt087a.wav to /home/lapf/Desktop/TCCtest/Sphinx/feat/constituicao16k/dt087a.mfc
ERROR: "sphinx_fe.c", line 118: Failed to open /home/lapf/Desktop/TCCtest/Sphinx/wav/constituicao16k/dt087a.wav: No such file or directory
INFO: sphinx_fe.c(764): Converting /home/lapf/Desktop/TCCtest/Sphinx/wav/constituicao16k/dt087b.wav to /home/lapf/Desktop/TCCtest/Sphinx/feat/constituicao16k/dt087b.mfc
ERROR: "sphinx_fe.c", line 118: Failed to open /home/lapf/Desktop/TCCtest/Sphinx/wav/constituicao16k/dt087b.wav: No such file or directory
INFO: sphinx_fe.c(764): Converting /home/lapf/Desktop/TCCtest/Sphinx/wav/constituicao16k/dt087c.wav to /home/lapf/Desktop/TCCtest/Sphinx/feat/constituicao16k/dt087c.mfc
ERROR: "sphinx_fe.c", line 118: Failed to open /home/lapf/Desktop/TCCtest/Sphinx/wav/constituicao16k/dt087c.wav: No such file or directory
INFO: sphinx_fe.c(764): Converting /home/lapf/Desktop/TCCtest/Sphinx/wav/constituicao16k/dt088a.wav to /home/lapf/Desktop/TCCtest/Sphinx/feat/constituicao16k/dt088a.mfc
ERROR: "sphinx_fe.c", line 118: Failed to open /home/lapf/Desktop/TCCtest/Sphinx/wav/constituicao16k/dt088a.wav: No such file or directory
INFO: sphinx_fe.c(764): Converting /home/lapf/Desktop/TCCtest/Sphinx/wav/constituicao16k/dt088b.wav to /home/lapf/Desktop/TCCtest/Sphinx/feat/constituicao16k/dt088b.mfc
ERROR: "sphinx_fe.c", line 118: Failed to open /home/lapf/Desktop/TCCtest/Sphinx/wav/constituicao16k/dt088b.wav: No such file or directory
INFO: sphinx_fe.c(764): Converting /home/lapf/Desktop/TCCtest/Sphinx/wav/constituicao16k/dt089a.wav to /home/lapf/Desktop/TCCtest/Sphinx/feat/constituicao16k/dt089a.mfc
ERROR: "sphinx_fe.c", line 118: Failed to open /home/lapf/Desktop/TCCtest/Sphinx/wav/constituicao16k/dt089a.wav: No such file or directory
INFO: sphinx_fe.c(764): Converting /home/lapf/Desktop/TCCtest/Sphinx/wav/constituicao16k/dt089b.wav to /home/lapf/Desktop/TCCtest/Sphinx/feat/constituicao16k/dt089b.mfc
ERROR: "sphinx_fe.c", line 118: Failed to open /home/lapf/Desktop/TCCtest/Sphinx/wav/constituicao16k/dt089b.wav: No such file or directory
INFO: sphinx_fe.c(764): Converting /home/lapf/Desktop/TCCtest/Sphinx/wav/constituicao16k/dt089c.wav to /home/lapf/Desktop/TCCtest/Sphinx/feat/constituicao16k/dt089c.mfc
ERROR: "sphinx_fe.c", line 118: Failed to open /home/lapf/Desktop/TCCtest/Sphinx/wav/constituicao16k/dt089c.wav: No such file or directory
INFO: sphinx_fe.c(764): Converting /home/lapf/Desktop/TCCtest/Sphinx/wav/constituicao16k/dt090a.wav to /home/lapf/Desktop/TCCtest/Sphinx/feat/constituicao16k/dt090a.mfc
ERROR: "sphinx_fe.c", line 118: Failed to open /home/lapf/Desktop/TCCtest/Sphinx/wav/constituicao16k/dt090a.wav: No such file or directory
INFO: sphinx_fe.c(764): Converting /home/lapf/Desktop/TCCtest/Sphinx/wav/constituicao16k/dt090b.wav to /home/lapf/Desktop/TCCtest/Sphinx/feat/constituicao16k/dt090b.mfc
ERROR: "sphinx_fe.c", line 118: Failed to open /home/lapf/Desktop/TCCtest/Sphinx/wav/constituicao16k/dt090b.wav: No such file or directory
INFO: sphinx_fe.c(764): Converting /home/lapf/Desktop/TCCtest/Sphinx/wav/constituicao16k/dt091a.wav to /home/lapf/Desktop/TCCtest/Sphinx/feat/constituicao16k/dt091a.mfc
ERROR: "sphinx_fe.c", line 118: Failed to open /home/lapf/Desktop/TCCtest/Sphinx/wav/constituicao16k/dt091a.wav: No such file or directory
INFO: sphinx_fe.c(764): Converting /home/lapf/Desktop/TCCtest/Sphinx/wav/constituicao16k/dt091b.wav to /home/lapf/Desktop/TCCtest/Sphinx/feat/constituicao16k/dt091b.mfc
ERROR: "sphinx_fe.c", line 118: Failed to open /home/lapf/Desktop/TCCtest/Sphinx/wav/constituicao16k/dt091b.wav: No such file or directory
INFO: sphinx_fe.c(764): Converting /home/lapf/Desktop/TCCtest/Sphinx/wav/constituicao16k/dt091c.wav to /home/lapf/Desktop/TCCtest/Sphinx/feat/constituicao16k/dt091c.mfc
ERROR: "sphinx_fe.c", line 118: Failed to open /home/lapf/Desktop/TCCtest/Sphinx/wav/constituicao16k/dt091c.wav: No such file or directory
INFO: sphinx_fe.c(764): Converting /home/lapf/Desktop/TCCtest/Sphinx/wav/constituicao16k/dt091d.wav to /home/lapf/Desktop/TCCtest/Sphinx/feat/constituicao16k/dt091d.mfc
ERROR: "sphinx_fe.c", line 118: Failed to open /home/lapf/Desktop/TCCtest/Sphinx/wav/constituicao16k/dt091d.wav: No such file or directory
INFO: sphinx_fe.c(764): Converting /home/lapf/Desktop/TCCtest/Sphinx/wav/constituicao16k/dt091e.wav to /home/lapf/Desktop/TCCtest/Sphinx/feat/constituicao16k/dt091e.mfc
ERROR: "sphinx_fe.c", line 118: Failed to open /home/lapf/Desktop/TCCtest/Sphinx/wav/constituicao16k/dt091e.wav: No such file or directory
INFO: sphinx_fe.c(764): Converting /home/lapf/Desktop/TCCtest/Sphinx/wav/constituicao16k/dt092.wav to /home/lapf/Desktop/TCCtest/Sphinx/feat/constituicao16k/dt092.mfc
ERROR: "sphinx_fe.c", line 118: Failed to open /home/lapf/Desktop/TCCtest/Sphinx/wav/constituicao16k/dt092.wav: No such file or directory
INFO: sphinx_fe.c(764): Converting /home/lapf/Desktop/TCCtest/Sphinx/wav/constituicao16k/dt093.wav to /home/lapf/Desktop/TCCtest/Sphinx/feat/constituicao16k/dt093.mfc
ERROR: "sphinx_fe.c", line 118: Failed to open /home/lapf/Desktop/TCCtest/Sphinx/wav/constituicao16k/dt093.wav: No such file or directory
INFO: sphinx_fe.c(764): Converting /home/lapf/Desktop/TCCtest/Sphinx/wav/constituicao16k/dt094.wav to /home/lapf/Desktop/TCCtest/Sphinx/feat/constituicao16k/dt094.mfc
ERROR: "sphinx_fe.c", line 118: Failed to open /home/lapf/Desktop/TCCtest/Sphinx/wav/constituicao16k/dt094.wav: No such file or directory
INFO: sphinx_fe.c(764): Converting /home/lapf/Desktop/TCCtest/Sphinx/wav/constituicao16k/dt095.wav to /home/lapf/Desktop/TCCtest/Sphinx/feat/constituicao16k/dt095.mfc
ERROR: "sphinx_fe.c", line 118: Failed to open /home/lapf/Desktop/TCCtest/Sphinx/wav/constituicao16k/dt095.wav: No such file or directory
INFO: sphinx_fe.c(764): Converting /home/lapf/Desktop/TCCtest/Sphinx/wav/constituicao16k/dt096.wav to /home/lapf/Desktop/TCCtest/Sphinx/feat/constituicao16k/dt096.mfc
ERROR: "sphinx_fe.c", line 118: Failed to open /home/lapf/Desktop/TCCtest/Sphinx/wav/constituicao16k/dt096.wav: No such file or directory
Wed May 18 20:48:06 2016
